Using pre-set license
Built from '2020.3/staging' branch; Version is '2020.3.11f1 (99c7afb366b3) revision 10078127'; Using compiler version '192528614'; Build Type 'Release'
OS: 'Windows 10 Pro; OS build 19042.1052; Version 2009; 64bit' Language: 'ko' Physical Memory: 32647 MB
BatchMode: 1, IsHumanControllingUs: 0, StartBugReporterOnCrash: 0, Is64bit: 1, IsPro: 0

 COMMAND LINE ARGUMENTS:
C:\Program Files\Unity\Hub\Editor\2020.3.11f1\Editor\Unity.exe
-adb2
-batchMode
-noUpm
-name
AssetImportWorker0
-projectPath
C:/Users/user/Desktop/ETG
-logFile
Logs/AssetImportWorker0.log
-srvPort
1241
Successfully changed project path to: C:/Users/user/Desktop/ETG
C:/Users/user/Desktop/ETG
Using Asset Import Pipeline V2.
Refreshing native plugins compatible for Editor in 46.49 ms, found 3 plugins.
Preloading 0 native plugins for Editor in 0.00 ms.
Initialize engine version: 2020.3.11f1 (99c7afb366b3)
[Subsystems] Discovering subsystems at path C:/Program Files/Unity/Hub/Editor/2020.3.11f1/Editor/Data/Resources/UnitySubsystems
[Subsystems] Discovering subsystems at path C:/Users/user/Desktop/ETG/Assets
GfxDevice: creating device client; threaded=0
Direct3D:
    Version:  Direct3D 11.0 [level 11.1]
    Renderer: NVIDIA GeForce GTX 1080 (ID=0x1b80)
    Vendor:   
    VRAM:     8079 MB
    Driver:   27.21.14.5749
Initialize mono
Mono path[0] = 'C:/Program Files/Unity/Hub/Editor/2020.3.11f1/Editor/Data/Managed'
Mono path[1] = 'C:/Program Files/Unity/Hub/Editor/2020.3.11f1/Editor/Data/MonoBleedingEdge/lib/mono/unityjit'
Mono config path = 'C:/Program Files/Unity/Hub/Editor/2020.3.11f1/Editor/Data/MonoBleedingEdge/etc'
Using monoOptions --debugger-agent=transport=dt_socket,embedding=1,server=y,suspend=n,address=127.0.0.1:56860
Begin MonoManager ReloadAssembly
Registering precompiled unity dll's ...
Register platform support module: C:/Program Files/Unity/Hub/Editor/2020.3.11f1/Editor/Data/PlaybackEngines/WindowsStandaloneSupport/UnityEditor.WindowsStandalone.Extensions.dll
Registered in 0.001034 seconds.
Native extension for WindowsStandalone target not found
Refreshing native plugins compatible for Editor in 44.43 ms, found 3 plugins.
Preloading 0 native plugins for Editor in 0.00 ms.
Mono: successfully reloaded assembly
- Completed reload, in  1.599 seconds
Platform modules already initialized, skipping
Registering precompiled user dll's ...
Registered in 0.003218 seconds.
Begin MonoManager ReloadAssembly
Native extension for WindowsStandalone target not found
Refreshing native plugins compatible for Editor in 44.32 ms, found 3 plugins.
Preloading 0 native plugins for Editor in 0.00 ms.
Mono: successfully reloaded assembly
- Completed reload, in  1.012 seconds
Platform modules already initialized, skipping
========================================================================
Worker process is ready to serve import requests
Launched and connected shader compiler UnityShaderCompiler.exe after 0.03 seconds
Refreshing native plugins compatible for Editor in 0.52 ms, found 3 plugins.
Preloading 0 native plugins for Editor in 0.00 ms.
Unloading 2207 Unused Serialized files (Serialized files now loaded: 0)
System memory in use before: 170.3 MB.
System memory in use after: 170.4 MB.

Unloading 28 unused Assets to reduce memory usage. Loaded Objects now: 2645.
Total: 2.133400 ms (FindLiveObjects: 0.184400 ms CreateObjectMapping: 0.077000 ms MarkObjects: 1.780200 ms  DeleteObjects: 0.090700 ms)

========================================================================
Received Import Request.
  path: Assets/Scripts/Unit/Enemy/States/EnemyHit.cs
  artifactKey: Guid(7419311431ae8654f86818d0373c67f2) Importer(815301076,1909f56bfc062723c751e8b465ee728b)
Start importing Assets/Scripts/Unit/Enemy/States/EnemyHit.cs using Guid(7419311431ae8654f86818d0373c67f2) Importer(815301076,1909f56bfc062723c751e8b465ee728b)  -> (artifact id: 'ebc9171c02cab16765afc9ed6223e3c7') in 0.017839 seconds
  Import took 0.020693 seconds .

========================================================================
Received Prepare
Registering precompiled user dll's ...
Registered in 0.003575 seconds.
Begin MonoManager ReloadAssembly
Native extension for WindowsStandalone target not found
Refreshing native plugins compatible for Editor in 0.50 ms, found 3 plugins.
Preloading 0 native plugins for Editor in 0.00 ms.
Mono: successfully reloaded assembly
- Completed reload, in  0.982 seconds
Platform modules already initialized, skipping
Refreshing native plugins compatible for Editor in 0.51 ms, found 3 plugins.
Preloading 0 native plugins for Editor in 0.00 ms.
Unloading 2196 Unused Serialized files (Serialized files now loaded: 0)
System memory in use before: 169.7 MB.
System memory in use after: 169.8 MB.

Unloading 17 unused Assets to reduce memory usage. Loaded Objects now: 2647.
Total: 2.743400 ms (FindLiveObjects: 0.177000 ms CreateObjectMapping: 0.079700 ms MarkObjects: 2.465300 ms  DeleteObjects: 0.020400 ms)

========================================================================
Received Prepare
Registering precompiled user dll's ...
Registered in 0.003218 seconds.
Begin MonoManager ReloadAssembly
Native extension for WindowsStandalone target not found
Refreshing native plugins compatible for Editor in 0.52 ms, found 3 plugins.
Preloading 0 native plugins for Editor in 0.00 ms.
Mono: successfully reloaded assembly
- Completed reload, in  0.892 seconds
Platform modules already initialized, skipping
Refreshing native plugins compatible for Editor in 0.52 ms, found 3 plugins.
Preloading 0 native plugins for Editor in 0.00 ms.
Unloading 2196 Unused Serialized files (Serialized files now loaded: 0)
System memory in use before: 169.8 MB.
System memory in use after: 169.9 MB.

Unloading 17 unused Assets to reduce memory usage. Loaded Objects now: 2649.
Total: 2.392000 ms (FindLiveObjects: 0.245300 ms CreateObjectMapping: 0.071100 ms MarkObjects: 2.057100 ms  DeleteObjects: 0.016100 ms)

========================================================================
Received Prepare
Registering precompiled user dll's ...
Registered in 0.005631 seconds.
Begin MonoManager ReloadAssembly
Native extension for WindowsStandalone target not found
Refreshing native plugins compatible for Editor in 0.53 ms, found 3 plugins.
Preloading 0 native plugins for Editor in 0.00 ms.
Mono: successfully reloaded assembly
- Completed reload, in  1.195 seconds
Platform modules already initialized, skipping
Refreshing native plugins compatible for Editor in 0.52 ms, found 3 plugins.
Preloading 0 native plugins for Editor in 0.00 ms.
Unloading 2196 Unused Serialized files (Serialized files now loaded: 0)
System memory in use before: 169.8 MB.
System memory in use after: 169.9 MB.

Unloading 17 unused Assets to reduce memory usage. Loaded Objects now: 2651.
Total: 2.275400 ms (FindLiveObjects: 0.195700 ms CreateObjectMapping: 0.095900 ms MarkObjects: 1.963300 ms  DeleteObjects: 0.019000 ms)

========================================================================
Received Prepare
Registering precompiled user dll's ...
Registered in 0.003254 seconds.
Begin MonoManager ReloadAssembly
Native extension for WindowsStandalone target not found
Refreshing native plugins compatible for Editor in 0.49 ms, found 3 plugins.
Preloading 0 native plugins for Editor in 0.00 ms.
Mono: successfully reloaded assembly
- Completed reload, in  0.930 seconds
Platform modules already initialized, skipping
Refreshing native plugins compatible for Editor in 0.54 ms, found 3 plugins.
Preloading 0 native plugins for Editor in 0.00 ms.
Unloading 2196 Unused Serialized files (Serialized files now loaded: 0)
System memory in use before: 169.8 MB.
System memory in use after: 169.9 MB.

Unloading 17 unused Assets to reduce memory usage. Loaded Objects now: 2653.
Total: 2.358200 ms (FindLiveObjects: 0.188400 ms CreateObjectMapping: 0.065300 ms MarkObjects: 2.056100 ms  DeleteObjects: 0.047400 ms)

========================================================================
Received Prepare
Registering precompiled user dll's ...
Registered in 0.004056 seconds.
Begin MonoManager ReloadAssembly
Native extension for WindowsStandalone target not found
Refreshing native plugins compatible for Editor in 0.52 ms, found 3 plugins.
Preloading 0 native plugins for Editor in 0.00 ms.
Mono: successfully reloaded assembly
- Completed reload, in  0.925 seconds
Platform modules already initialized, skipping
Refreshing native plugins compatible for Editor in 0.60 ms, found 3 plugins.
Preloading 0 native plugins for Editor in 0.00 ms.
Unloading 2196 Unused Serialized files (Serialized files now loaded: 0)
System memory in use before: 169.8 MB.
System memory in use after: 169.9 MB.

Unloading 17 unused Assets to reduce memory usage. Loaded Objects now: 2655.
Total: 2.202200 ms (FindLiveObjects: 0.194300 ms CreateObjectMapping: 0.093300 ms MarkObjects: 1.896700 ms  DeleteObjects: 0.016800 ms)

========================================================================
Received Prepare
Registering precompiled user dll's ...
Registered in 0.003666 seconds.
Begin MonoManager ReloadAssembly
Native extension for WindowsStandalone target not found
Refreshing native plugins compatible for Editor in 0.51 ms, found 3 plugins.
Preloading 0 native plugins for Editor in 0.00 ms.
Mono: successfully reloaded assembly
- Completed reload, in  0.909 seconds
Platform modules already initialized, skipping
Refreshing native plugins compatible for Editor in 0.57 ms, found 3 plugins.
Preloading 0 native plugins for Editor in 0.00 ms.
Unloading 2196 Unused Serialized files (Serialized files now loaded: 0)
System memory in use before: 169.8 MB.
System memory in use after: 169.9 MB.

Unloading 17 unused Assets to reduce memory usage. Loaded Objects now: 2657.
Total: 2.668500 ms (FindLiveObjects: 0.199400 ms CreateObjectMapping: 0.070200 ms MarkObjects: 2.360800 ms  DeleteObjects: 0.037000 ms)

========================================================================
Received Prepare
Registering precompiled user dll's ...
Registered in 0.003221 seconds.
Begin MonoManager ReloadAssembly
Native extension for WindowsStandalone target not found
Refreshing native plugins compatible for Editor in 0.52 ms, found 3 plugins.
Preloading 0 native plugins for Editor in 0.00 ms.
Mono: successfully reloaded assembly
- Completed reload, in  0.903 seconds
Platform modules already initialized, skipping
Refreshing native plugins compatible for Editor in 0.55 ms, found 3 plugins.
Preloading 0 native plugins for Editor in 0.00 ms.
Unloading 2196 Unused Serialized files (Serialized files now loaded: 0)
System memory in use before: 169.8 MB.
System memory in use after: 169.9 MB.

Unloading 17 unused Assets to reduce memory usage. Loaded Objects now: 2659.
Total: 3.230400 ms (FindLiveObjects: 0.287800 ms CreateObjectMapping: 0.106900 ms MarkObjects: 2.802100 ms  DeleteObjects: 0.032200 ms)

========================================================================
Received Prepare
Registering precompiled user dll's ...
Registered in 0.003977 seconds.
Begin MonoManager ReloadAssembly
Native extension for WindowsStandalone target not found
Refreshing native plugins compatible for Editor in 0.51 ms, found 3 plugins.
Preloading 0 native plugins for Editor in 0.00 ms.
Mono: successfully reloaded assembly
- Completed reload, in  0.936 seconds
Platform modules already initialized, skipping
Refreshing native plugins compatible for Editor in 0.61 ms, found 3 plugins.
Preloading 0 native plugins for Editor in 0.00 ms.
Unloading 2196 Unused Serialized files (Serialized files now loaded: 0)
System memory in use before: 169.8 MB.
System memory in use after: 170.0 MB.

Unloading 17 unused Assets to reduce memory usage. Loaded Objects now: 2661.
Total: 3.047100 ms (FindLiveObjects: 0.190600 ms CreateObjectMapping: 0.063100 ms MarkObjects: 2.762000 ms  DeleteObjects: 0.030300 ms)

========================================================================
Received Prepare
Registering precompiled user dll's ...
Registered in 0.003202 seconds.
Begin MonoManager ReloadAssembly
Native extension for WindowsStandalone target not found
Refreshing native plugins compatible for Editor in 0.51 ms, found 3 plugins.
Preloading 0 native plugins for Editor in 0.00 ms.
Mono: successfully reloaded assembly
- Completed reload, in  1.052 seconds
Platform modules already initialized, skipping
Refreshing native plugins compatible for Editor in 0.54 ms, found 3 plugins.
Preloading 0 native plugins for Editor in 0.00 ms.
Unloading 2196 Unused Serialized files (Serialized files now loaded: 0)
System memory in use before: 169.8 MB.
System memory in use after: 170.0 MB.

Unloading 17 unused Assets to reduce memory usage. Loaded Objects now: 2663.
Total: 2.331300 ms (FindLiveObjects: 0.227400 ms CreateObjectMapping: 0.079300 ms MarkObjects: 2.006400 ms  DeleteObjects: 0.017200 ms)

========================================================================
Received Prepare
Registering precompiled user dll's ...
Registered in 0.003188 seconds.
Begin MonoManager ReloadAssembly
Native extension for WindowsStandalone target not found
Refreshing native plugins compatible for Editor in 0.54 ms, found 3 plugins.
Preloading 0 native plugins for Editor in 0.00 ms.
Mono: successfully reloaded assembly
- Completed reload, in  0.937 seconds
Platform modules already initialized, skipping
Refreshing native plugins compatible for Editor in 0.51 ms, found 3 plugins.
Preloading 0 native plugins for Editor in 0.00 ms.
Unloading 2196 Unused Serialized files (Serialized files now loaded: 0)
System memory in use before: 169.8 MB.
System memory in use after: 170.0 MB.

Unloading 17 unused Assets to reduce memory usage. Loaded Objects now: 2665.
Total: 2.462600 ms (FindLiveObjects: 0.199100 ms CreateObjectMapping: 0.064500 ms MarkObjects: 2.182300 ms  DeleteObjects: 0.015700 ms)

========================================================================
Received Prepare
Registering precompiled user dll's ...
Registered in 0.003066 seconds.
Begin MonoManager ReloadAssembly
Native extension for WindowsStandalone target not found
Refreshing native plugins compatible for Editor in 0.53 ms, found 3 plugins.
Preloading 0 native plugins for Editor in 0.00 ms.
Mono: successfully reloaded assembly
- Completed reload, in  0.966 seconds
Platform modules already initialized, skipping
Refreshing native plugins compatible for Editor in 0.51 ms, found 3 plugins.
Preloading 0 native plugins for Editor in 0.00 ms.
Unloading 2196 Unused Serialized files (Serialized files now loaded: 0)
System memory in use before: 169.9 MB.
System memory in use after: 170.0 MB.

Unloading 17 unused Assets to reduce memory usage. Loaded Objects now: 2667.
Total: 2.413700 ms (FindLiveObjects: 0.222500 ms CreateObjectMapping: 0.092000 ms MarkObjects: 2.081300 ms  DeleteObjects: 0.016600 ms)

========================================================================
Received Import Request.
  Time since last request: 739.213386 seconds.
  path: Assets/Animations/Enemy/ShotgunKin_Red/SKRDie.anim
  artifactKey: Guid(fbda3c6a2f344bb44959115922bd26d0) Importer(815301076,1909f56bfc062723c751e8b465ee728b)
Start importing Assets/Animations/Enemy/ShotgunKin_Red/SKRDie.anim using Guid(fbda3c6a2f344bb44959115922bd26d0) Importer(815301076,1909f56bfc062723c751e8b465ee728b)  -> (artifact id: '22ca0c7a8e9dbca63c951ce0724bad6a') in 0.018371 seconds
  Import took 0.021404 seconds .

========================================================================
Received Import Request.
  Time since last request: 0.401422 seconds.
  path: Assets/Animations/Enemy/ShotgunKin_Red/SKRHit.anim
  artifactKey: Guid(5e66e134555e38349a97d43ac59afca6) Importer(815301076,1909f56bfc062723c751e8b465ee728b)
Start importing Assets/Animations/Enemy/ShotgunKin_Red/SKRHit.anim using Guid(5e66e134555e38349a97d43ac59afca6) Importer(815301076,1909f56bfc062723c751e8b465ee728b)  -> (artifact id: '075d469c7deb3827ba9b236d05a61b25') in 0.003360 seconds
  Import took 0.007317 seconds .

========================================================================
Received Prepare
Registering precompiled user dll's ...
Registered in 0.003956 seconds.
Begin MonoManager ReloadAssembly
Native extension for WindowsStandalone target not found
Refreshing native plugins compatible for Editor in 0.51 ms, found 3 plugins.
Preloading 0 native plugins for Editor in 0.00 ms.
Mono: successfully reloaded assembly
- Completed reload, in  0.952 seconds
Platform modules already initialized, skipping
Refreshing native plugins compatible for Editor in 0.54 ms, found 3 plugins.
Preloading 0 native plugins for Editor in 0.00 ms.
Unloading 2196 Unused Serialized files (Serialized files now loaded: 0)
System memory in use before: 169.9 MB.
System memory in use after: 170.0 MB.

Unloading 17 unused Assets to reduce memory usage. Loaded Objects now: 2669.
Total: 2.471400 ms (FindLiveObjects: 0.193300 ms CreateObjectMapping: 0.071200 ms MarkObjects: 2.166900 ms  DeleteObjects: 0.039300 ms)

========================================================================
Received Prepare
Registering precompiled user dll's ...
Registered in 0.003533 seconds.
Begin MonoManager ReloadAssembly
Native extension for WindowsStandalone target not found
Refreshing native plugins compatible for Editor in 0.51 ms, found 3 plugins.
Preloading 0 native plugins for Editor in 0.00 ms.
Mono: successfully reloaded assembly
- Completed reload, in  0.924 seconds
Platform modules already initialized, skipping
Refreshing native plugins compatible for Editor in 0.54 ms, found 3 plugins.
Preloading 0 native plugins for Editor in 0.00 ms.
Unloading 2196 Unused Serialized files (Serialized files now loaded: 0)
System memory in use before: 169.9 MB.
System memory in use after: 170.0 MB.

Unloading 17 unused Assets to reduce memory usage. Loaded Objects now: 2671.
Total: 2.431300 ms (FindLiveObjects: 0.165200 ms CreateObjectMapping: 0.073500 ms MarkObjects: 2.176300 ms  DeleteObjects: 0.015300 ms)

========================================================================
Received Import Request.
  Time since last request: 115.870577 seconds.
  path: Assets/Resources/Effect/Spawn
  artifactKey: Guid(0264c5e28dde4c64ab92a34b90be2ae5) Importer(815301076,1909f56bfc062723c751e8b465ee728b)
Start importing Assets/Resources/Effect/Spawn using Guid(0264c5e28dde4c64ab92a34b90be2ae5) Importer(815301076,1909f56bfc062723c751e8b465ee728b)  -> (artifact id: '6d4d3f19a3e38aea8e1beb4e344c50a5') in 0.005208 seconds
  Import took 0.008413 seconds .

========================================================================
Received Import Request.
  Time since last request: 1.794579 seconds.
  path: Assets/Resources/Effect/EnemySpawn
  artifactKey: Guid(0264c5e28dde4c64ab92a34b90be2ae5) Importer(815301076,1909f56bfc062723c751e8b465ee728b)
Start importing Assets/Resources/Effect/EnemySpawn using Guid(0264c5e28dde4c64ab92a34b90be2ae5) Importer(815301076,1909f56bfc062723c751e8b465ee728b)  -> (artifact id: '379b7442fb19d06cbbb1a126a873e96b') in 0.003164 seconds
  Import took 0.006976 seconds .

========================================================================
Received Import Request.
  Time since last request: 1.485253 seconds.
  path: Assets/Resources/Effect/EnemySpawn/after
  artifactKey: Guid(8dfb0feedfe9ac646a1a6b983d651de8) Importer(815301076,1909f56bfc062723c751e8b465ee728b)
Start importing Assets/Resources/Effect/EnemySpawn/after using Guid(8dfb0feedfe9ac646a1a6b983d651de8) Importer(815301076,1909f56bfc062723c751e8b465ee728b)  -> (artifact id: '202de4cd231da92f5e17c81a9c50b1d2') in 0.002655 seconds
  Import took 0.005867 seconds .

========================================================================
Received Import Request.
  Time since last request: 0.434331 seconds.
  path: Assets/Resources/Effect/EnemySpawn/before
  artifactKey: Guid(d07c9338ccf8e3e49bc0f866daf138f6) Importer(815301076,1909f56bfc062723c751e8b465ee728b)
Start importing Assets/Resources/Effect/EnemySpawn/before using Guid(d07c9338ccf8e3e49bc0f866daf138f6) Importer(815301076,1909f56bfc062723c751e8b465ee728b)  -> (artifact id: 'a0093149b2f1e23b87be3df8fe8ef112') in 0.002878 seconds
  Import took 0.006279 seconds .

========================================================================
Received Import Request.
  Time since last request: 0.544907 seconds.
  path: Assets/Resources/Effect/EnemySpawn/after/0.png
  artifactKey: Guid(d9e4266ed31eee04e89b1bf7b4ac4d74) Importer(815301076,1909f56bfc062723c751e8b465ee728b)
Start importing Assets/Resources/Effect/EnemySpawn/after/0.png using Guid(d9e4266ed31eee04e89b1bf7b4ac4d74) Importer(815301076,1909f56bfc062723c751e8b465ee728b)  -> (artifact id: 'c52ecc5a520d9469c6bfe3b58cef6996') in 0.140096 seconds
  Import took 0.143325 seconds .

========================================================================
Received Import Request.
  Time since last request: 0.000274 seconds.
  path: Assets/Resources/Effect/EnemySpawn/after/2.png
  artifactKey: Guid(6fdd4cfe5274866448e647d4659882a9) Importer(815301076,1909f56bfc062723c751e8b465ee728b)
Start importing Assets/Resources/Effect/EnemySpawn/after/2.png using Guid(6fdd4cfe5274866448e647d4659882a9) Importer(815301076,1909f56bfc062723c751e8b465ee728b)  -> (artifact id: '667b9e41daf254a900880d30810f9657') in 0.009048 seconds
  Import took 0.012363 seconds .

========================================================================
Received Import Request.
  Time since last request: 0.000382 seconds.
  path: Assets/Resources/Effect/EnemySpawn/after/1.png
  artifactKey: Guid(ec7def6d71b9c7348893f4429f8a802e) Importer(815301076,1909f56bfc062723c751e8b465ee728b)
Start importing Assets/Resources/Effect/EnemySpawn/after/1.png using Guid(ec7def6d71b9c7348893f4429f8a802e) Importer(815301076,1909f56bfc062723c751e8b465ee728b)  -> (artifact id: '7cf8886b83d819bd5c8a772a8a58c51c') in 0.014537 seconds
  Import took 0.019204 seconds .

========================================================================
Received Import Request.
  Time since last request: 0.000254 seconds.
  path: Assets/Resources/Effect/EnemySpawn/after/3.png
  artifactKey: Guid(2bd4080339a71b748a7134ca114ab0de) Importer(815301076,1909f56bfc062723c751e8b465ee728b)
Start importing Assets/Resources/Effect/EnemySpawn/after/3.png using Guid(2bd4080339a71b748a7134ca114ab0de) Importer(815301076,1909f56bfc062723c751e8b465ee728b)  -> (artifact id: '628cd8167992b671f5527a85cde7ded6') in 0.009532 seconds
  Import took 0.013347 seconds .

========================================================================
Received Import Request.
  Time since last request: 8.123948 seconds.
  path: Assets/Resources/Effect/EnemySpawn/after/0.png
  artifactKey: Guid(d9e4266ed31eee04e89b1bf7b4ac4d74) Importer(815301076,1909f56bfc062723c751e8b465ee728b)
Start importing Assets/Resources/Effect/EnemySpawn/after/0.png using Guid(d9e4266ed31eee04e89b1bf7b4ac4d74) Importer(815301076,1909f56bfc062723c751e8b465ee728b)  -> (artifact id: '8c389a6c2258e4b13d638211e4296ca8') in 0.009850 seconds
  Import took 0.014239 seconds .

========================================================================
Received Import Request.
  Time since last request: 0.008282 seconds.
  path: Assets/Resources/Effect/EnemySpawn/after/0.png
  artifactKey: Guid(d9e4266ed31eee04e89b1bf7b4ac4d74) Importer(815301076,1909f56bfc062723c751e8b465ee728b)
Start importing Assets/Resources/Effect/EnemySpawn/after/0.png using Guid(d9e4266ed31eee04e89b1bf7b4ac4d74) Importer(815301076,1909f56bfc062723c751e8b465ee728b)  -> (artifact id: '8c389a6c2258e4b13d638211e4296ca8') in 0.014528 seconds
  Import took 0.018679 seconds .

========================================================================
Received Import Request.
  Time since last request: 0.000324 seconds.
  path: Assets/Resources/Effect/EnemySpawn/after/2.png
  artifactKey: Guid(6fdd4cfe5274866448e647d4659882a9) Importer(815301076,1909f56bfc062723c751e8b465ee728b)
Start importing Assets/Resources/Effect/EnemySpawn/after/2.png using Guid(6fdd4cfe5274866448e647d4659882a9) Importer(815301076,1909f56bfc062723c751e8b465ee728b)  -> (artifact id: '24c205e236fff078e3f34c41732e1b8b') in 0.012980 seconds
  Import took 0.016548 seconds .

========================================================================
Received Import Request.
  Time since last request: 0.000276 seconds.
  path: Assets/Resources/Effect/EnemySpawn/after/1.png
  artifactKey: Guid(ec7def6d71b9c7348893f4429f8a802e) Importer(815301076,1909f56bfc062723c751e8b465ee728b)
Start importing Assets/Resources/Effect/EnemySpawn/after/1.png using Guid(ec7def6d71b9c7348893f4429f8a802e) Importer(815301076,1909f56bfc062723c751e8b465ee728b)  -> (artifact id: '36b56e71fbe1c2f36f6537f4e5b0c089') in 0.015551 seconds
  Import took 0.018865 seconds .

========================================================================
Received Import Request.
  Time since last request: 0.000277 seconds.
  path: Assets/Resources/Effect/EnemySpawn/after/3.png
  artifactKey: Guid(2bd4080339a71b748a7134ca114ab0de) Importer(815301076,1909f56bfc062723c751e8b465ee728b)
Start importing Assets/Resources/Effect/EnemySpawn/after/3.png using Guid(2bd4080339a71b748a7134ca114ab0de) Importer(815301076,1909f56bfc062723c751e8b465ee728b)  -> (artifact id: '0b0422771fdec947d12dacf0c48e469b') in 0.012985 seconds
  Import took 0.016022 seconds .

========================================================================
Received Import Request.
  Time since last request: 0.001788 seconds.
  path: Assets/Resources/Effect/EnemySpawn/after/3.png
  artifactKey: Guid(2bd4080339a71b748a7134ca114ab0de) Importer(815301076,1909f56bfc062723c751e8b465ee728b)
Start importing Assets/Resources/Effect/EnemySpawn/after/3.png using Guid(2bd4080339a71b748a7134ca114ab0de) Importer(815301076,1909f56bfc062723c751e8b465ee728b)  -> (artifact id: '0b0422771fdec947d12dacf0c48e469b') in 0.008639 seconds
  Import took 0.012887 seconds .

========================================================================
Received Import Request.
  Time since last request: 1.735384 seconds.
  path: Assets/Resources/Effect/EnemySpawn/before/00.png
  artifactKey: Guid(d024c3933e0219a4ebe0cebee7010012) Importer(815301076,1909f56bfc062723c751e8b465ee728b)
Start importing Assets/Resources/Effect/EnemySpawn/before/00.png using Guid(d024c3933e0219a4ebe0cebee7010012) Importer(815301076,1909f56bfc062723c751e8b465ee728b)  -> (artifact id: 'cfea86f59417731359100f530ca75ee0') in 0.011420 seconds
  Import took 0.014973 seconds .

========================================================================
Received Import Request.
  Time since last request: 0.000271 seconds.
  path: Assets/Resources/Effect/EnemySpawn/before/10.png
  artifactKey: Guid(7e283ce1ddcd8b14bb2dcee67d9e1174) Importer(815301076,1909f56bfc062723c751e8b465ee728b)
Start importing Assets/Resources/Effect/EnemySpawn/before/10.png using Guid(7e283ce1ddcd8b14bb2dcee67d9e1174) Importer(815301076,1909f56bfc062723c751e8b465ee728b)  -> (artifact id: '07732d2cac478a09b39e0e6af46aa2bc') in 0.009279 seconds
  Import took 0.012564 seconds .

========================================================================
Received Import Request.
  Time since last request: 0.000382 seconds.
  path: Assets/Resources/Effect/EnemySpawn/before/04.png
  artifactKey: Guid(e3e51cf7157c61c4cb261b5be333c802) Importer(815301076,1909f56bfc062723c751e8b465ee728b)
Start importing Assets/Resources/Effect/EnemySpawn/before/04.png using Guid(e3e51cf7157c61c4cb261b5be333c802) Importer(815301076,1909f56bfc062723c751e8b465ee728b)  -> (artifact id: '754a87e6afea2082d1ea610352d9d7fd') in 0.014524 seconds
  Import took 0.018113 seconds .

========================================================================
Received Import Request.
  Time since last request: 0.000285 seconds.
  path: Assets/Resources/Effect/EnemySpawn/before/11.png
  artifactKey: Guid(3aac07b2520b3224db2bcf4c8b315ada) Importer(815301076,1909f56bfc062723c751e8b465ee728b)
Start importing Assets/Resources/Effect/EnemySpawn/before/11.png using Guid(3aac07b2520b3224db2bcf4c8b315ada) Importer(815301076,1909f56bfc062723c751e8b465ee728b)  -> (artifact id: 'ed798a158cf4a48c55006c0ba50e0338') in 0.016871 seconds
  Import took 0.020575 seconds .

========================================================================
Received Import Request.
  Time since last request: 0.000259 seconds.
  path: Assets/Resources/Effect/EnemySpawn/before/08.png
  artifactKey: Guid(9d78d891454539340bc6b8e4be83a840) Importer(815301076,1909f56bfc062723c751e8b465ee728b)
Start importing Assets/Resources/Effect/EnemySpawn/before/08.png using Guid(9d78d891454539340bc6b8e4be83a840) Importer(815301076,1909f56bfc062723c751e8b465ee728b)  -> (artifact id: '6e7707bd6672fbdb23e27f2394d1d6cc') in 0.012897 seconds
  Import took 0.016318 seconds .

========================================================================
Received Import Request.
  Time since last request: 0.000287 seconds.
  path: Assets/Resources/Effect/EnemySpawn/before/06.png
  artifactKey: Guid(9a5d50dd843cf364586370450e9401eb) Importer(815301076,1909f56bfc062723c751e8b465ee728b)
Start importing Assets/Resources/Effect/EnemySpawn/before/06.png using Guid(9a5d50dd843cf364586370450e9401eb) Importer(815301076,1909f56bfc062723c751e8b465ee728b)  -> (artifact id: 'e8d799c47819b98732bf7dc24da487be') in 0.011019 seconds
  Import took 0.014328 seconds .

========================================================================
Received Import Request.
  Time since last request: 0.000290 seconds.
  path: Assets/Resources/Effect/EnemySpawn/before/03.png
  artifactKey: Guid(0c43698bd0b06e945a91b84be0f889a4) Importer(815301076,1909f56bfc062723c751e8b465ee728b)
Start importing Assets/Resources/Effect/EnemySpawn/before/03.png using Guid(0c43698bd0b06e945a91b84be0f889a4) Importer(815301076,1909f56bfc062723c751e8b465ee728b)  -> (artifact id: '7d1955bf2aecdb3b4e9b82833264b335') in 0.017475 seconds
  Import took 0.021319 seconds .

========================================================================
Received Import Request.
  Time since last request: 0.000266 seconds.
  path: Assets/Resources/Effect/EnemySpawn/before/01.png
  artifactKey: Guid(7dbb6905341d8ab49a74077576f03c6d) Importer(815301076,1909f56bfc062723c751e8b465ee728b)
Start importing Assets/Resources/Effect/EnemySpawn/before/01.png using Guid(7dbb6905341d8ab49a74077576f03c6d) Importer(815301076,1909f56bfc062723c751e8b465ee728b)  -> (artifact id: '00497ed130c0df1f3e196a28e81b6b1b') in 0.009293 seconds
  Import took 0.012680 seconds .

========================================================================
Received Import Request.
  Time since last request: 0.000396 seconds.
  path: Assets/Resources/Effect/EnemySpawn/before/09.png
  artifactKey: Guid(cc621d41cb84a204d96ea9321487ebbb) Importer(815301076,1909f56bfc062723c751e8b465ee728b)
Start importing Assets/Resources/Effect/EnemySpawn/before/09.png using Guid(cc621d41cb84a204d96ea9321487ebbb) Importer(815301076,1909f56bfc062723c751e8b465ee728b)  -> (artifact id: 'a57f7dbb22d22135a9710d36d16e1f23') in 0.011417 seconds
  Import took 0.015129 seconds .

========================================================================
Received Import Request.
  Time since last request: 0.000204 seconds.
  path: Assets/Resources/Effect/EnemySpawn/before/07.png
  artifactKey: Guid(844b8ca1af03b2949a2a89a7899c5678) Importer(815301076,1909f56bfc062723c751e8b465ee728b)
Start importing Assets/Resources/Effect/EnemySpawn/before/07.png using Guid(844b8ca1af03b2949a2a89a7899c5678) Importer(815301076,1909f56bfc062723c751e8b465ee728b)  -> (artifact id: 'f051112aa56a9c561a5a223067c9f95e') in 0.011367 seconds
  Import took 0.015481 seconds .

========================================================================
Received Import Request.
  Time since last request: 0.000237 seconds.
  path: Assets/Resources/Effect/EnemySpawn/before/05.png
  artifactKey: Guid(02198db833ee2574e8cee3b8eb0fe4fd) Importer(815301076,1909f56bfc062723c751e8b465ee728b)
Start importing Assets/Resources/Effect/EnemySpawn/before/05.png using Guid(02198db833ee2574e8cee3b8eb0fe4fd) Importer(815301076,1909f56bfc062723c751e8b465ee728b)  -> (artifact id: '4b1b0b76f54eaf78a4b935d47982e1a0') in 0.011292 seconds
  Import took 0.015002 seconds .

========================================================================
Received Import Request.
  Time since last request: 0.000290 seconds.
  path: Assets/Resources/Effect/EnemySpawn/before/02.png
  artifactKey: Guid(d530349dd9db62c44ba6612138fdc7ca) Importer(815301076,1909f56bfc062723c751e8b465ee728b)
Start importing Assets/Resources/Effect/EnemySpawn/before/02.png using Guid(d530349dd9db62c44ba6612138fdc7ca) Importer(815301076,1909f56bfc062723c751e8b465ee728b)  -> (artifact id: '32a449c4eb92b5858345cfb3629d5e9f') in 0.013186 seconds
  Import took 0.017837 seconds .

========================================================================
Received Import Request.
  Time since last request: 0.000314 seconds.
  path: Assets/Resources/Effect/EnemySpawn/before/05.png
  artifactKey: Guid(02198db833ee2574e8cee3b8eb0fe4fd) Importer(815301076,1909f56bfc062723c751e8b465ee728b)
Start importing Assets/Resources/Effect/EnemySpawn/before/05.png using Guid(02198db833ee2574e8cee3b8eb0fe4fd) Importer(815301076,1909f56bfc062723c751e8b465ee728b)  -> (artifact id: '4b1b0b76f54eaf78a4b935d47982e1a0') in 0.008975 seconds
  Import took 0.013064 seconds .

========================================================================
Received Import Request.
  Time since last request: 7.406985 seconds.
  path: Assets/Resources/Effect/EnemySpawn/before/03.png
  artifactKey: Guid(0c43698bd0b06e945a91b84be0f889a4) Importer(815301076,1909f56bfc062723c751e8b465ee728b)
Start importing Assets/Resources/Effect/EnemySpawn/before/03.png using Guid(0c43698bd0b06e945a91b84be0f889a4) Importer(815301076,1909f56bfc062723c751e8b465ee728b)  -> (artifact id: '89a2998b6ed303816e583e18cb582c43') in 0.009852 seconds
  Import took 0.013174 seconds .

========================================================================
Received Import Request.
  Time since last request: 0.013080 seconds.
  path: Assets/Resources/Effect/EnemySpawn/before/00.png
  artifactKey: Guid(d024c3933e0219a4ebe0cebee7010012) Importer(815301076,1909f56bfc062723c751e8b465ee728b)
Start importing Assets/Resources/Effect/EnemySpawn/before/00.png using Guid(d024c3933e0219a4ebe0cebee7010012) Importer(815301076,1909f56bfc062723c751e8b465ee728b)  -> (artifact id: '9fb0b2e6f80ef833f528090eb511ab91') in 0.013645 seconds
  Import took 0.017375 seconds .

========================================================================
Received Import Request.
  Time since last request: 0.000432 seconds.
  path: Assets/Resources/Effect/EnemySpawn/before/10.png
  artifactKey: Guid(7e283ce1ddcd8b14bb2dcee67d9e1174) Importer(815301076,1909f56bfc062723c751e8b465ee728b)
Start importing Assets/Resources/Effect/EnemySpawn/before/10.png using Guid(7e283ce1ddcd8b14bb2dcee67d9e1174) Importer(815301076,1909f56bfc062723c751e8b465ee728b)  -> (artifact id: '97c059065f1876b813c1d9de7992177f') in 0.016197 seconds
  Import took 0.019617 seconds .

========================================================================
Received Import Request.
  Time since last request: 0.000396 seconds.
  path: Assets/Resources/Effect/EnemySpawn/before/04.png
  artifactKey: Guid(e3e51cf7157c61c4cb261b5be333c802) Importer(815301076,1909f56bfc062723c751e8b465ee728b)
Start importing Assets/Resources/Effect/EnemySpawn/before/04.png using Guid(e3e51cf7157c61c4cb261b5be333c802) Importer(815301076,1909f56bfc062723c751e8b465ee728b)  -> (artifact id: '8a97c0883f372f8a1a37cbb7b010540d') in 0.011176 seconds
  Import took 0.015292 seconds .

========================================================================
Received Import Request.
  Time since last request: 0.000284 seconds.
  path: Assets/Resources/Effect/EnemySpawn/before/11.png
  artifactKey: Guid(3aac07b2520b3224db2bcf4c8b315ada) Importer(815301076,1909f56bfc062723c751e8b465ee728b)
Start importing Assets/Resources/Effect/EnemySpawn/before/11.png using Guid(3aac07b2520b3224db2bcf4c8b315ada) Importer(815301076,1909f56bfc062723c751e8b465ee728b)  -> (artifact id: 'd37e92c438a41f0c8aa6427500729b91') in 0.010683 seconds
  Import took 0.013728 seconds .

========================================================================
Received Import Request.
  Time since last request: 0.000282 seconds.
  path: Assets/Resources/Effect/EnemySpawn/before/08.png
  artifactKey: Guid(9d78d891454539340bc6b8e4be83a840) Importer(815301076,1909f56bfc062723c751e8b465ee728b)
Start importing Assets/Resources/Effect/EnemySpawn/before/08.png using Guid(9d78d891454539340bc6b8e4be83a840) Importer(815301076,1909f56bfc062723c751e8b465ee728b)  -> (artifact id: '5b7f37d9b946d09367d91cdfc41fb976') in 0.017734 seconds
  Import took 0.021231 seconds .

========================================================================
Received Import Request.
  Time since last request: 0.000283 seconds.
  path: Assets/Resources/Effect/EnemySpawn/before/06.png
  artifactKey: Guid(9a5d50dd843cf364586370450e9401eb) Importer(815301076,1909f56bfc062723c751e8b465ee728b)
Start importing Assets/Resources/Effect/EnemySpawn/before/06.png using Guid(9a5d50dd843cf364586370450e9401eb) Importer(815301076,1909f56bfc062723c751e8b465ee728b)  -> (artifact id: 'd50c956a4e4dea0f82fea785a0ccf9f6') in 0.008821 seconds
  Import took 0.012374 seconds .

========================================================================
Received Import Request.
  Time since last request: 0.000301 seconds.
  path: Assets/Resources/Effect/EnemySpawn/before/01.png
  artifactKey: Guid(7dbb6905341d8ab49a74077576f03c6d) Importer(815301076,1909f56bfc062723c751e8b465ee728b)
Start importing Assets/Resources/Effect/EnemySpawn/before/01.png using Guid(7dbb6905341d8ab49a74077576f03c6d) Importer(815301076,1909f56bfc062723c751e8b465ee728b)  -> (artifact id: '5b86c2230a4e4ce46e6341200c89456a') in 0.011388 seconds
  Import took 0.015306 seconds .

========================================================================
Received Import Request.
  Time since last request: 0.000291 seconds.
  path: Assets/Resources/Effect/EnemySpawn/before/09.png
  artifactKey: Guid(cc621d41cb84a204d96ea9321487ebbb) Importer(815301076,1909f56bfc062723c751e8b465ee728b)
Start importing Assets/Resources/Effect/EnemySpawn/before/09.png using Guid(cc621d41cb84a204d96ea9321487ebbb) Importer(815301076,1909f56bfc062723c751e8b465ee728b)  -> (artifact id: '7cd238503bdf25096835defc5b005523') in 0.016642 seconds
  Import took 0.020327 seconds .

========================================================================
Received Import Request.
  Time since last request: 0.000268 seconds.
  path: Assets/Resources/Effect/EnemySpawn/before/07.png
  artifactKey: Guid(844b8ca1af03b2949a2a89a7899c5678) Importer(815301076,1909f56bfc062723c751e8b465ee728b)
Start importing Assets/Resources/Effect/EnemySpawn/before/07.png using Guid(844b8ca1af03b2949a2a89a7899c5678) Importer(815301076,1909f56bfc062723c751e8b465ee728b)  -> (artifact id: 'a4eb3cb33f01dfe4dbcf7000c9d5c8d4') in 0.007891 seconds
  Import took 0.011148 seconds .

========================================================================
Received Import Request.
  Time since last request: 0.000280 seconds.
  path: Assets/Resources/Effect/EnemySpawn/before/05.png
  artifactKey: Guid(02198db833ee2574e8cee3b8eb0fe4fd) Importer(815301076,1909f56bfc062723c751e8b465ee728b)
Start importing Assets/Resources/Effect/EnemySpawn/before/05.png using Guid(02198db833ee2574e8cee3b8eb0fe4fd) Importer(815301076,1909f56bfc062723c751e8b465ee728b)  -> (artifact id: 'e719d4cb1915b5fb08ba62375ac45e37') in 0.014787 seconds
  Import took 0.018669 seconds .

========================================================================
Received Import Request.
  Time since last request: 0.000260 seconds.
  path: Assets/Resources/Effect/EnemySpawn/before/02.png
  artifactKey: Guid(d530349dd9db62c44ba6612138fdc7ca) Importer(815301076,1909f56bfc062723c751e8b465ee728b)
Start importing Assets/Resources/Effect/EnemySpawn/before/02.png using Guid(d530349dd9db62c44ba6612138fdc7ca) Importer(815301076,1909f56bfc062723c751e8b465ee728b)  -> (artifact id: 'fdadf37ee4df46a3cfa218d8b9a4f3fd') in 0.011862 seconds
  Import took 0.015775 seconds .

========================================================================
Received Import Request.
  Time since last request: 0.009091 seconds.
  path: Assets/Resources/Effect/EnemySpawn/before/05.png
  artifactKey: Guid(02198db833ee2574e8cee3b8eb0fe4fd) Importer(815301076,1909f56bfc062723c751e8b465ee728b)
Start importing Assets/Resources/Effect/EnemySpawn/before/05.png using Guid(02198db833ee2574e8cee3b8eb0fe4fd) Importer(815301076,1909f56bfc062723c751e8b465ee728b)  -> (artifact id: 'e719d4cb1915b5fb08ba62375ac45e37') in 0.008998 seconds
  Import took 0.013105 seconds .

========================================================================
Received Prepare
Registering precompiled user dll's ...
Registered in 0.003902 seconds.
Begin MonoManager ReloadAssembly
Native extension for WindowsStandalone target not found
Refreshing native plugins compatible for Editor in 0.51 ms, found 3 plugins.
Preloading 0 native plugins for Editor in 0.00 ms.
Mono: successfully reloaded assembly
- Completed reload, in  1.026 seconds
Platform modules already initialized, skipping
Refreshing native plugins compatible for Editor in 0.84 ms, found 3 plugins.
Preloading 0 native plugins for Editor in 0.00 ms.
Unloading 2196 Unused Serialized files (Serialized files now loaded: 0)
System memory in use before: 173.0 MB.
System memory in use after: 173.1 MB.

Unloading 17 unused Assets to reduce memory usage. Loaded Objects now: 2681.
Total: 2.593000 ms (FindLiveObjects: 0.355400 ms CreateObjectMapping: 0.132900 ms MarkObjects: 2.064100 ms  DeleteObjects: 0.039600 ms)

========================================================================
Received Import Request.
  Time since last request: 423.405170 seconds.
  path: Assets/Resources/Effect/EnemySpawn/before/EnemySpawnAfter.mat
  artifactKey: Guid(85219b987c1664b4c8fe46b40ebe25af) Importer(815301076,1909f56bfc062723c751e8b465ee728b)
Start importing Assets/Resources/Effect/EnemySpawn/before/EnemySpawnAfter.mat using Guid(85219b987c1664b4c8fe46b40ebe25af) Importer(815301076,1909f56bfc062723c751e8b465ee728b)  -> (artifact id: '9fbd4ae6892b2e0911aca5d558d184fa') in 0.090463 seconds
  Import took 0.094719 seconds .

========================================================================
Received Import Request.
  Time since last request: 117.122110 seconds.
  path: Assets/Scenes/SampleScene.unity
  artifactKey: Guid(2cda990e2423bbf4892e6590ba056729) Importer(815301076,1909f56bfc062723c751e8b465ee728b)
Start importing Assets/Scenes/SampleScene.unity using Guid(2cda990e2423bbf4892e6590ba056729) Importer(815301076,1909f56bfc062723c751e8b465ee728b)  -> (artifact id: '7507a955077c8f058e2f24137318a4af') in 0.003607 seconds
  Import took 0.006908 seconds .

========================================================================
Received Import Request.
  Time since last request: 11.486294 seconds.
  path: Assets/Scenes/MainScene.unity
  artifactKey: Guid(d38928a94ad9f4d4789351d15f0bed21) Importer(815301076,1909f56bfc062723c751e8b465ee728b)
Start importing Assets/Scenes/MainScene.unity using Guid(d38928a94ad9f4d4789351d15f0bed21) Importer(815301076,1909f56bfc062723c751e8b465ee728b)  -> (artifact id: 'd2db3b4eb8c6857a843b61e3b10c38b2') in 0.003242 seconds
  Import took 0.007219 seconds .

========================================================================
Received Import Request.
  Time since last request: 7.691049 seconds.
  path: Assets/Scenes/Main.unity
  artifactKey: Guid(d38928a94ad9f4d4789351d15f0bed21) Importer(815301076,1909f56bfc062723c751e8b465ee728b)
Start importing Assets/Scenes/Main.unity using Guid(d38928a94ad9f4d4789351d15f0bed21) Importer(815301076,1909f56bfc062723c751e8b465ee728b)  -> (artifact id: 'e5b5af5f9c0daec25b40a097484500f3') in 0.003331 seconds
  Import took 0.007327 seconds .

========================================================================
Received Import Request.
  Time since last request: 12.922020 seconds.
  path: Assets/Scenes/Game.unity
  artifactKey: Guid(a374e354b12f7ed4194683bc050196fb) Importer(815301076,1909f56bfc062723c751e8b465ee728b)
Start importing Assets/Scenes/Game.unity using Guid(a374e354b12f7ed4194683bc050196fb) Importer(815301076,1909f56bfc062723c751e8b465ee728b)  -> (artifact id: '0dbf2791a5ab608bf6d4d50132d10992') in 0.003710 seconds
  Import took 0.007443 seconds .

========================================================================
Received Import Request.
  Time since last request: 17.641802 seconds.
  path: Assets/Scenes/Game2.unity
  artifactKey: Guid(2cda990e2423bbf4892e6590ba056729) Importer(815301076,1909f56bfc062723c751e8b465ee728b)
Start importing Assets/Scenes/Game2.unity using Guid(2cda990e2423bbf4892e6590ba056729) Importer(815301076,1909f56bfc062723c751e8b465ee728b)  -> (artifact id: '5925614685317943dae10d8e3620048c') in 0.003701 seconds
  Import took 0.007267 seconds .

========================================================================
Received Import Request.
  Time since last request: 14.150614 seconds.
  path: Assets/Scenes/Game.unity
  artifactKey: Guid(a374e354b12f7ed4194683bc050196fb) Importer(815301076,1909f56bfc062723c751e8b465ee728b)
Start importing Assets/Scenes/Game.unity using Guid(a374e354b12f7ed4194683bc050196fb) Importer(815301076,1909f56bfc062723c751e8b465ee728b)  -> (artifact id: '2109356dc8c5263075261f775174314d') in 0.003043 seconds
  Import took 0.006603 seconds .

========================================================================
Received Prepare
Registering precompiled user dll's ...
Registered in 0.003212 seconds.
Begin MonoManager ReloadAssembly
Native extension for WindowsStandalone target not found
Refreshing native plugins compatible for Editor in 0.53 ms, found 3 plugins.
Preloading 0 native plugins for Editor in 0.00 ms.
Mono: successfully reloaded assembly
- Completed reload, in  1.073 seconds
Platform modules already initialized, skipping
Refreshing native plugins compatible for Editor in 0.53 ms, found 3 plugins.
Preloading 0 native plugins for Editor in 0.00 ms.
Unloading 2196 Unused Serialized files (Serialized files now loaded: 0)
System memory in use before: 173.4 MB.
System memory in use after: 173.6 MB.

Unloading 17 unused Assets to reduce memory usage. Loaded Objects now: 2721.
Total: 2.556800 ms (FindLiveObjects: 0.222300 ms CreateObjectMapping: 0.078800 ms MarkObjects: 2.220900 ms  DeleteObjects: 0.033900 ms)

========================================================================
Received Prepare
Registering precompiled user dll's ...
Registered in 0.003641 seconds.
Begin MonoManager ReloadAssembly
Native extension for WindowsStandalone target not found
Refreshing native plugins compatible for Editor in 0.52 ms, found 3 plugins.
Preloading 0 native plugins for Editor in 0.00 ms.
Mono: successfully reloaded assembly
- Completed reload, in  0.912 seconds
Platform modules already initialized, skipping
Refreshing native plugins compatible for Editor in 0.52 ms, found 3 plugins.
Preloading 0 native plugins for Editor in 0.00 ms.
Unloading 2196 Unused Serialized files (Serialized files now loaded: 0)
System memory in use before: 173.4 MB.
System memory in use after: 173.6 MB.

Unloading 17 unused Assets to reduce memory usage. Loaded Objects now: 2723.
Total: 2.479900 ms (FindLiveObjects: 0.207700 ms CreateObjectMapping: 0.077900 ms MarkObjects: 2.177200 ms  DeleteObjects: 0.016300 ms)

========================================================================
Received Prepare
Registering precompiled user dll's ...
Registered in 0.004640 seconds.
Begin MonoManager ReloadAssembly
Native extension for WindowsStandalone target not found
Refreshing native plugins compatible for Editor in 1.01 ms, found 3 plugins.
Preloading 0 native plugins for Editor in 0.00 ms.
Mono: successfully reloaded assembly
- Completed reload, in  1.088 seconds
Platform modules already initialized, skipping
Refreshing native plugins compatible for Editor in 0.52 ms, found 3 plugins.
Preloading 0 native plugins for Editor in 0.00 ms.
Unloading 2196 Unused Serialized files (Serialized files now loaded: 0)
System memory in use before: 173.4 MB.
System memory in use after: 173.6 MB.

Unloading 17 unused Assets to reduce memory usage. Loaded Objects now: 2725.
Total: 2.610900 ms (FindLiveObjects: 0.255400 ms CreateObjectMapping: 0.103600 ms MarkObjects: 2.121200 ms  DeleteObjects: 0.129600 ms)

========================================================================
Received Prepare
Registering precompiled user dll's ...
Registered in 0.003261 seconds.
Begin MonoManager ReloadAssembly
Native extension for WindowsStandalone target not found
Refreshing native plugins compatible for Editor in 0.54 ms, found 3 plugins.
Preloading 0 native plugins for Editor in 0.00 ms.
Mono: successfully reloaded assembly
- Completed reload, in  0.937 seconds
Platform modules already initialized, skipping
Refreshing native plugins compatible for Editor in 0.53 ms, found 3 plugins.
Preloading 0 native plugins for Editor in 0.00 ms.
Unloading 2196 Unused Serialized files (Serialized files now loaded: 0)
System memory in use before: 173.4 MB.
System memory in use after: 173.6 MB.

Unloading 17 unused Assets to reduce memory usage. Loaded Objects now: 2727.
Total: 2.480800 ms (FindLiveObjects: 0.222700 ms CreateObjectMapping: 0.089700 ms MarkObjects: 2.151100 ms  DeleteObjects: 0.016400 ms)

========================================================================
Received Prepare
Registering precompiled user dll's ...
Registered in 0.004228 seconds.
Begin MonoManager ReloadAssembly
Native extension for WindowsStandalone target not found
Refreshing native plugins compatible for Editor in 0.52 ms, found 3 plugins.
Preloading 0 native plugins for Editor in 0.00 ms.
Mono: successfully reloaded assembly
- Completed reload, in  0.946 seconds
Platform modules already initialized, skipping
Refreshing native plugins compatible for Editor in 0.51 ms, found 3 plugins.
Preloading 0 native plugins for Editor in 0.00 ms.
Unloading 2196 Unused Serialized files (Serialized files now loaded: 0)
System memory in use before: 173.4 MB.
System memory in use after: 173.6 MB.

Unloading 17 unused Assets to reduce memory usage. Loaded Objects now: 2729.
Total: 2.580900 ms (FindLiveObjects: 0.224900 ms CreateObjectMapping: 0.076100 ms MarkObjects: 2.246300 ms  DeleteObjects: 0.033000 ms)

========================================================================
Received Prepare
Registering precompiled user dll's ...
Registered in 0.003151 seconds.
Begin MonoManager ReloadAssembly
Native extension for WindowsStandalone target not found
Refreshing native plugins compatible for Editor in 0.57 ms, found 3 plugins.
Preloading 0 native plugins for Editor in 0.00 ms.
Mono: successfully reloaded assembly
- Completed reload, in  0.982 seconds
Platform modules already initialized, skipping
Refreshing native plugins compatible for Editor in 0.62 ms, found 3 plugins.
Preloading 0 native plugins for Editor in 0.00 ms.
Unloading 2196 Unused Serialized files (Serialized files now loaded: 0)
System memory in use before: 173.4 MB.
System memory in use after: 173.6 MB.

Unloading 17 unused Assets to reduce memory usage. Loaded Objects now: 2731.
Total: 2.470500 ms (FindLiveObjects: 0.224700 ms CreateObjectMapping: 0.084900 ms MarkObjects: 2.143400 ms  DeleteObjects: 0.016800 ms)

========================================================================
Received Prepare
Registering precompiled user dll's ...
Registered in 0.003259 seconds.
Begin MonoManager ReloadAssembly
Native extension for WindowsStandalone target not found
Refreshing native plugins compatible for Editor in 0.85 ms, found 3 plugins.
Preloading 0 native plugins for Editor in 0.00 ms.
Mono: successfully reloaded assembly
- Completed reload, in  0.899 seconds
Platform modules already initialized, skipping
Refreshing native plugins compatible for Editor in 0.51 ms, found 3 plugins.
Preloading 0 native plugins for Editor in 0.00 ms.
Unloading 2196 Unused Serialized files (Serialized files now loaded: 0)
System memory in use before: 173.4 MB.
System memory in use after: 173.6 MB.

Unloading 17 unused Assets to reduce memory usage. Loaded Objects now: 2733.
Total: 2.609900 ms (FindLiveObjects: 0.214700 ms CreateObjectMapping: 0.081600 ms MarkObjects: 2.264400 ms  DeleteObjects: 0.048200 ms)

========================================================================
Received Import Request.
  Time since last request: 319.410172 seconds.
  path: Assets/Resources/Player/Die/playerDie_0.png
  artifactKey: Guid(e21b5c509ade7e24d8d870a6522cf5a6) Importer(815301076,1909f56bfc062723c751e8b465ee728b)
Start importing Assets/Resources/Player/Die/playerDie_0.png using Guid(e21b5c509ade7e24d8d870a6522cf5a6) Importer(815301076,1909f56bfc062723c751e8b465ee728b)  -> (artifact id: '98e9ebed0b710f53c987c08b54167fce') in 0.050135 seconds
  Import took 0.054288 seconds .

========================================================================
Received Import Request.
  Time since last request: 0.000267 seconds.
  path: Assets/Resources/Player/Die/playerDie_5.png
  artifactKey: Guid(1e365c2b019a9b545a6f21f6baa08420) Importer(815301076,1909f56bfc062723c751e8b465ee728b)
Start importing Assets/Resources/Player/Die/playerDie_5.png using Guid(1e365c2b019a9b545a6f21f6baa08420) Importer(815301076,1909f56bfc062723c751e8b465ee728b)  -> (artifact id: '96ea471f0985c9228c46c2e98ab5a49a') in 0.007743 seconds
  Import took 0.010879 seconds .

========================================================================
Received Import Request.
  Time since last request: 0.000282 seconds.
  path: Assets/Resources/Player/Die/playerDie_3.png
  artifactKey: Guid(8407f9e1d0a2d6043898b0c830998b19) Importer(815301076,1909f56bfc062723c751e8b465ee728b)
Start importing Assets/Resources/Player/Die/playerDie_3.png using Guid(8407f9e1d0a2d6043898b0c830998b19) Importer(815301076,1909f56bfc062723c751e8b465ee728b)  -> (artifact id: '2ea3ccea8dc5afee5c868d9fde74d179') in 0.010678 seconds
  Import took 0.014847 seconds .

========================================================================
Received Import Request.
  Time since last request: 0.000322 seconds.
  path: Assets/Resources/Player/Die/playerDie_2.png
  artifactKey: Guid(d4923c9a60503fb4894ac3dc7a82c8ad) Importer(815301076,1909f56bfc062723c751e8b465ee728b)
Start importing Assets/Resources/Player/Die/playerDie_2.png using Guid(d4923c9a60503fb4894ac3dc7a82c8ad) Importer(815301076,1909f56bfc062723c751e8b465ee728b)  -> (artifact id: '2ad1a308dc73ed77217d3625453a423d') in 0.008772 seconds
  Import took 0.012178 seconds .

========================================================================
Received Import Request.
  Time since last request: 0.000344 seconds.
  path: Assets/Resources/Player/Die/playerDie_4.png
  artifactKey: Guid(c9cafa8d5189fd749a78b59433308244) Importer(815301076,1909f56bfc062723c751e8b465ee728b)
Start importing Assets/Resources/Player/Die/playerDie_4.png using Guid(c9cafa8d5189fd749a78b59433308244) Importer(815301076,1909f56bfc062723c751e8b465ee728b)  -> (artifact id: 'dcedd5c53a082ede58fc87d63d6ea773') in 0.009514 seconds
  Import took 0.013155 seconds .

========================================================================
Received Import Request.
  Time since last request: 0.000243 seconds.
  path: Assets/Resources/Player/Die/playerDie_1.png
  artifactKey: Guid(aa864aef5814abb48bd4643af7c7bfbe) Importer(815301076,1909f56bfc062723c751e8b465ee728b)
Start importing Assets/Resources/Player/Die/playerDie_1.png using Guid(aa864aef5814abb48bd4643af7c7bfbe) Importer(815301076,1909f56bfc062723c751e8b465ee728b)  -> (artifact id: '2a9994d3b0c1d196ae948e31397ecafd') in 0.007685 seconds
  Import took 0.011054 seconds .

========================================================================
Received Import Request.
  Time since last request: 0.000267 seconds.
  path: Assets/Resources/Player/Die/playerDie_6.png
  artifactKey: Guid(9383461faf1b1f74796b826bf88da0f8) Importer(815301076,1909f56bfc062723c751e8b465ee728b)
Start importing Assets/Resources/Player/Die/playerDie_6.png using Guid(9383461faf1b1f74796b826bf88da0f8) Importer(815301076,1909f56bfc062723c751e8b465ee728b)  -> (artifact id: 'ca7c838e93a642e31503f523c3485897') in 0.008481 seconds
  Import took 0.012061 seconds .

========================================================================
Received Import Request.
  Time since last request: 0.001710 seconds.
  path: Assets/Resources/Player/Die/playerDie_4.png
  artifactKey: Guid(c9cafa8d5189fd749a78b59433308244) Importer(815301076,1909f56bfc062723c751e8b465ee728b)
Start importing Assets/Resources/Player/Die/playerDie_4.png using Guid(c9cafa8d5189fd749a78b59433308244) Importer(815301076,1909f56bfc062723c751e8b465ee728b)  -> (artifact id: 'dcedd5c53a082ede58fc87d63d6ea773') in 0.007914 seconds
  Import took 0.012490 seconds .

========================================================================
Received Import Request.
  Time since last request: 89.351468 seconds.
  path: Assets/Animations/PlayerDie.anim
  artifactKey: Guid(82dcf21eefdfc7d48a99402225845a1c) Importer(815301076,1909f56bfc062723c751e8b465ee728b)
Start importing Assets/Animations/PlayerDie.anim using Guid(82dcf21eefdfc7d48a99402225845a1c) Importer(815301076,1909f56bfc062723c751e8b465ee728b)  -> (artifact id: 'acfef39082c519bf2dc8cb36afa0dc8b') in 0.003231 seconds
  Import took 0.006321 seconds .

========================================================================
Received Import Request.
  Time since last request: 0.003637 seconds.
  path: Assets/Animations/PlayerDie.anim
  artifactKey: Guid(82dcf21eefdfc7d48a99402225845a1c) Importer(815301076,1909f56bfc062723c751e8b465ee728b)
Start importing Assets/Animations/PlayerDie.anim using Guid(82dcf21eefdfc7d48a99402225845a1c) Importer(815301076,1909f56bfc062723c751e8b465ee728b)  -> (artifact id: 'acfef39082c519bf2dc8cb36afa0dc8b') in 0.003563 seconds
  Import took 0.007651 seconds .

========================================================================
Received Import Request.
  Time since last request: 16.166276 seconds.
  path: Assets/Scripts/Unit/Player/States/IdeState.cs
  artifactKey: Guid(d6400c1bc6b5e2141b29f81a4dc99e1b) Importer(815301076,1909f56bfc062723c751e8b465ee728b)
Start importing Assets/Scripts/Unit/Player/States/IdeState.cs using Guid(d6400c1bc6b5e2141b29f81a4dc99e1b) Importer(815301076,1909f56bfc062723c751e8b465ee728b)  -> (artifact id: '8eae8de9e8129f47801abd783124ab85') in 0.003247 seconds
  Import took 0.007021 seconds .

========================================================================
Received Prepare
Registering precompiled user dll's ...
Registered in 0.003320 seconds.
Begin MonoManager ReloadAssembly
Native extension for WindowsStandalone target not found
Refreshing native plugins compatible for Editor in 0.52 ms, found 3 plugins.
Preloading 0 native plugins for Editor in 0.00 ms.
Mono: successfully reloaded assembly
- Completed reload, in  0.976 seconds
Platform modules already initialized, skipping
Refreshing native plugins compatible for Editor in 0.58 ms, found 3 plugins.
Preloading 0 native plugins for Editor in 0.00 ms.
Unloading 2197 Unused Serialized files (Serialized files now loaded: 0)
System memory in use before: 173.5 MB.
System memory in use after: 173.7 MB.

Unloading 17 unused Assets to reduce memory usage. Loaded Objects now: 2739.
Total: 2.851500 ms (FindLiveObjects: 0.519000 ms CreateObjectMapping: 0.101800 ms MarkObjects: 2.213500 ms  DeleteObjects: 0.016200 ms)

========================================================================
Received Import Request.
  Time since last request: 5.377035 seconds.
  path: Assets/Scripts/Unit/Player/States/DieState.cs
  artifactKey: Guid(d6400c1bc6b5e2141b29f81a4dc99e1b) Importer(815301076,1909f56bfc062723c751e8b465ee728b)
Start importing Assets/Scripts/Unit/Player/States/DieState.cs using Guid(d6400c1bc6b5e2141b29f81a4dc99e1b) Importer(815301076,1909f56bfc062723c751e8b465ee728b)  -> (artifact id: 'ab4e4dac421fce51724ff4ec4d547121') in 0.006149 seconds
  Import took 0.010746 seconds .

========================================================================
Received Prepare
Registering precompiled user dll's ...
Registered in 0.004909 seconds.
Begin MonoManager ReloadAssembly
Native extension for WindowsStandalone target not found
Refreshing native plugins compatible for Editor in 0.51 ms, found 3 plugins.
Preloading 0 native plugins for Editor in 0.00 ms.
Mono: successfully reloaded assembly
- Completed reload, in  0.961 seconds
Platform modules already initialized, skipping
Refreshing native plugins compatible for Editor in 0.52 ms, found 3 plugins.
Preloading 0 native plugins for Editor in 0.00 ms.
Unloading 2197 Unused Serialized files (Serialized files now loaded: 0)
System memory in use before: 173.5 MB.
System memory in use after: 173.7 MB.

Unloading 17 unused Assets to reduce memory usage. Loaded Objects now: 2741.
Total: 3.827900 ms (FindLiveObjects: 0.398200 ms CreateObjectMapping: 0.155700 ms MarkObjects: 3.230200 ms  DeleteObjects: 0.042900 ms)

========================================================================
Received Import Request.
  Time since last request: 9.018220 seconds.
  path: Assets/Scripts/Unit/Player/States/DieState.cs
  artifactKey: Guid(d6400c1bc6b5e2141b29f81a4dc99e1b) Importer(815301076,1909f56bfc062723c751e8b465ee728b)
Start importing Assets/Scripts/Unit/Player/States/DieState.cs using Guid(d6400c1bc6b5e2141b29f81a4dc99e1b) Importer(815301076,1909f56bfc062723c751e8b465ee728b)  -> (artifact id: '7cee186bb66638059e59931ba3749290') in 0.005097 seconds
  Import took 0.009393 seconds .

========================================================================
Received Import Request.
  Time since last request: 0.656437 seconds.
  path: Assets/Scripts/Unit/Player/States/IdleState.cs
  artifactKey: Guid(2207d567a68331e4ca02a480ceabddd2) Importer(815301076,1909f56bfc062723c751e8b465ee728b)
Start importing Assets/Scripts/Unit/Player/States/IdleState.cs using Guid(2207d567a68331e4ca02a480ceabddd2) Importer(815301076,1909f56bfc062723c751e8b465ee728b)  -> (artifact id: '4d9aa0cc692810f4aca489071befdbac') in 0.002558 seconds
  Import took 0.005639 seconds .

========================================================================
Received Import Request.
  Time since last request: 0.028340 seconds.
  path: Assets/Scripts/Unit/Player/States/IdleState.cs
  artifactKey: Guid(2207d567a68331e4ca02a480ceabddd2) Importer(815301076,1909f56bfc062723c751e8b465ee728b)
Start importing Assets/Scripts/Unit/Player/States/IdleState.cs using Guid(2207d567a68331e4ca02a480ceabddd2) Importer(815301076,1909f56bfc062723c751e8b465ee728b)  -> (artifact id: '4d9aa0cc692810f4aca489071befdbac') in 0.003757 seconds
  Import took 0.007907 seconds .

========================================================================
Received Prepare
Registering precompiled user dll's ...
Registered in 0.003492 seconds.
Begin MonoManager ReloadAssembly
Native extension for WindowsStandalone target not found
Refreshing native plugins compatible for Editor in 0.50 ms, found 3 plugins.
Preloading 0 native plugins for Editor in 0.00 ms.
Mono: successfully reloaded assembly
- Completed reload, in  0.939 seconds
Platform modules already initialized, skipping
Refreshing native plugins compatible for Editor in 0.80 ms, found 3 plugins.
Preloading 0 native plugins for Editor in 0.00 ms.
Unloading 2197 Unused Serialized files (Serialized files now loaded: 0)
System memory in use before: 173.5 MB.
System memory in use after: 173.7 MB.

Unloading 17 unused Assets to reduce memory usage. Loaded Objects now: 2743.
Total: 2.607400 ms (FindLiveObjects: 0.260900 ms CreateObjectMapping: 0.129200 ms MarkObjects: 2.182000 ms  DeleteObjects: 0.034100 ms)

========================================================================
Received Import Request.
  Time since last request: 121.035764 seconds.
  path: Assets/Scripts/Unit/Player/States/DieState.cs
  artifactKey: Guid(d6400c1bc6b5e2141b29f81a4dc99e1b) Importer(815301076,1909f56bfc062723c751e8b465ee728b)
Start importing Assets/Scripts/Unit/Player/States/DieState.cs using Guid(d6400c1bc6b5e2141b29f81a4dc99e1b) Importer(815301076,1909f56bfc062723c751e8b465ee728b)  -> (artifact id: 'b7fc43ba285a1bdd0fc006ea92691343') in 0.005840 seconds
  Import took 0.009603 seconds .

========================================================================
Received Import Request.
  Time since last request: 0.262108 seconds.
  path: Assets/Scripts/Unit/Player/States/MoveState.cs
  artifactKey: Guid(b39b88952924ccd4a899be8503f0752b) Importer(815301076,1909f56bfc062723c751e8b465ee728b)
Start importing Assets/Scripts/Unit/Player/States/MoveState.cs using Guid(b39b88952924ccd4a899be8503f0752b) Importer(815301076,1909f56bfc062723c751e8b465ee728b)  -> (artifact id: '200fe8dbf6cbd3ec836f4903086a3ab7') in 0.002863 seconds
  Import took 0.006296 seconds .

========================================================================
Received Import Request.
  Time since last request: 0.338226 seconds.
  path: Assets/Scripts/Unit/Player/States/RollState.cs
  artifactKey: Guid(1af390d50d89b4444a5b025ba06303b4) Importer(815301076,1909f56bfc062723c751e8b465ee728b)
Start importing Assets/Scripts/Unit/Player/States/RollState.cs using Guid(1af390d50d89b4444a5b025ba06303b4) Importer(815301076,1909f56bfc062723c751e8b465ee728b)  -> (artifact id: '97973e0ecd0fbb64cd260db144493918') in 0.002596 seconds
  Import took 0.005868 seconds .

========================================================================
Received Import Request.
  Time since last request: 0.001099 seconds.
  path: Assets/Scripts/Unit/Player/States/RollState.cs
  artifactKey: Guid(1af390d50d89b4444a5b025ba06303b4) Importer(815301076,1909f56bfc062723c751e8b465ee728b)
Start importing Assets/Scripts/Unit/Player/States/RollState.cs using Guid(1af390d50d89b4444a5b025ba06303b4) Importer(815301076,1909f56bfc062723c751e8b465ee728b)  -> (artifact id: '97973e0ecd0fbb64cd260db144493918') in 0.002536 seconds
  Import took 0.006750 seconds .

========================================================================
Received Prepare
Registering precompiled user dll's ...
Registered in 0.003801 seconds.
Begin MonoManager ReloadAssembly
Native extension for WindowsStandalone target not found
Refreshing native plugins compatible for Editor in 0.51 ms, found 3 plugins.
Preloading 0 native plugins for Editor in 0.00 ms.
Mono: successfully reloaded assembly
- Completed reload, in  0.902 seconds
Platform modules already initialized, skipping
Refreshing native plugins compatible for Editor in 0.61 ms, found 3 plugins.
Preloading 0 native plugins for Editor in 0.00 ms.
Unloading 2197 Unused Serialized files (Serialized files now loaded: 0)
System memory in use before: 173.5 MB.
System memory in use after: 173.7 MB.

Unloading 17 unused Assets to reduce memory usage. Loaded Objects now: 2745.
Total: 2.469700 ms (FindLiveObjects: 0.193700 ms CreateObjectMapping: 0.087100 ms MarkObjects: 2.172800 ms  DeleteObjects: 0.015200 ms)

========================================================================
Received Prepare
Registering precompiled user dll's ...
Registered in 0.003353 seconds.
Begin MonoManager ReloadAssembly
Native extension for WindowsStandalone target not found
Refreshing native plugins compatible for Editor in 0.54 ms, found 3 plugins.
Preloading 0 native plugins for Editor in 0.00 ms.
Mono: successfully reloaded assembly
- Completed reload, in  0.942 seconds
Platform modules already initialized, skipping
Refreshing native plugins compatible for Editor in 0.51 ms, found 3 plugins.
Preloading 0 native plugins for Editor in 0.00 ms.
Unloading 2197 Unused Serialized files (Serialized files now loaded: 0)
System memory in use before: 173.5 MB.
System memory in use after: 173.7 MB.

Unloading 17 unused Assets to reduce memory usage. Loaded Objects now: 2747.
Total: 2.501900 ms (FindLiveObjects: 0.221300 ms CreateObjectMapping: 0.079600 ms MarkObjects: 2.185400 ms  DeleteObjects: 0.014900 ms)

========================================================================
Received Prepare
Registering precompiled user dll's ...
Registered in 0.003384 seconds.
Begin MonoManager ReloadAssembly
Native extension for WindowsStandalone target not found
Refreshing native plugins compatible for Editor in 0.51 ms, found 3 plugins.
Preloading 0 native plugins for Editor in 0.00 ms.
Mono: successfully reloaded assembly
- Completed reload, in  0.912 seconds
Platform modules already initialized, skipping
Refreshing native plugins compatible for Editor in 0.56 ms, found 3 plugins.
Preloading 0 native plugins for Editor in 0.00 ms.
Unloading 2197 Unused Serialized files (Serialized files now loaded: 0)
System memory in use before: 173.5 MB.
System memory in use after: 173.7 MB.

Unloading 17 unused Assets to reduce memory usage. Loaded Objects now: 2749.
Total: 2.739900 ms (FindLiveObjects: 0.248300 ms CreateObjectMapping: 0.096900 ms MarkObjects: 2.373800 ms  DeleteObjects: 0.019800 ms)

========================================================================
Received Import Request.
  Time since last request: 460.945967 seconds.
  path: Assets/Resources/UI/fade.png
  artifactKey: Guid(3a52e036a12844c45b56f8afc4428aa8) Importer(815301076,1909f56bfc062723c751e8b465ee728b)
Start importing Assets/Resources/UI/fade.png using Guid(3a52e036a12844c45b56f8afc4428aa8) Importer(815301076,1909f56bfc062723c751e8b465ee728b)  -> (artifact id: 'b41d41982dda6ab79767991c59415b12') in 0.049319 seconds
  Import took 0.053173 seconds .

========================================================================
Received Import Request.
  Time since last request: 14.787711 seconds.
  path: Assets/Resources/UI/fade.png
  artifactKey: Guid(3a52e036a12844c45b56f8afc4428aa8) Importer(815301076,1909f56bfc062723c751e8b465ee728b)
Start importing Assets/Resources/UI/fade.png using Guid(3a52e036a12844c45b56f8afc4428aa8) Importer(815301076,1909f56bfc062723c751e8b465ee728b)  -> (artifact id: '2cbb43381db50b8fe5719b8144c528c5') in 0.016086 seconds
  Import took 0.019963 seconds .

========================================================================
Received Import Request.
  Time since last request: 0.006976 seconds.
  path: Assets/Resources/UI/fade.png
  artifactKey: Guid(3a52e036a12844c45b56f8afc4428aa8) Importer(815301076,1909f56bfc062723c751e8b465ee728b)
Start importing Assets/Resources/UI/fade.png using Guid(3a52e036a12844c45b56f8afc4428aa8) Importer(815301076,1909f56bfc062723c751e8b465ee728b)  -> (artifact id: '2cbb43381db50b8fe5719b8144c528c5') in 0.014183 seconds
  Import took 0.018630 seconds .

========================================================================
Received Prepare
Registering precompiled user dll's ...
Registered in 0.003745 seconds.
Begin MonoManager ReloadAssembly
Native extension for WindowsStandalone target not found
Refreshing native plugins compatible for Editor in 0.60 ms, found 3 plugins.
Preloading 0 native plugins for Editor in 0.00 ms.
Mono: successfully reloaded assembly
- Completed reload, in  0.994 seconds
Platform modules already initialized, skipping
Refreshing native plugins compatible for Editor in 0.52 ms, found 3 plugins.
Preloading 0 native plugins for Editor in 0.00 ms.
Unloading 2197 Unused Serialized files (Serialized files now loaded: 0)
System memory in use before: 173.5 MB.
System memory in use after: 173.7 MB.

Unloading 17 unused Assets to reduce memory usage. Loaded Objects now: 2754.
Total: 2.484000 ms (FindLiveObjects: 0.211900 ms CreateObjectMapping: 0.075300 ms MarkObjects: 2.180200 ms  DeleteObjects: 0.015800 ms)

========================================================================
Received Prepare
Registering precompiled user dll's ...
Registered in 0.003695 seconds.
Begin MonoManager ReloadAssembly
Native extension for WindowsStandalone target not found
Refreshing native plugins compatible for Editor in 0.51 ms, found 3 plugins.
Preloading 0 native plugins for Editor in 0.00 ms.
Mono: successfully reloaded assembly
- Completed reload, in  0.922 seconds
Platform modules already initialized, skipping
Refreshing native plugins compatible for Editor in 0.54 ms, found 3 plugins.
Preloading 0 native plugins for Editor in 0.00 ms.
Unloading 2197 Unused Serialized files (Serialized files now loaded: 0)
System memory in use before: 173.5 MB.
System memory in use after: 173.7 MB.

Unloading 17 unused Assets to reduce memory usage. Loaded Objects now: 2756.
Total: 2.571200 ms (FindLiveObjects: 0.224900 ms CreateObjectMapping: 0.072500 ms MarkObjects: 2.231600 ms  DeleteObjects: 0.041300 ms)

========================================================================
Received Prepare
Registering precompiled user dll's ...
Registered in 0.003639 seconds.
Begin MonoManager ReloadAssembly
Native extension for WindowsStandalone target not found
Refreshing native plugins compatible for Editor in 0.52 ms, found 3 plugins.
Preloading 0 native plugins for Editor in 0.00 ms.
Mono: successfully reloaded assembly
- Completed reload, in  0.979 seconds
Platform modules already initialized, skipping
Refreshing native plugins compatible for Editor in 0.52 ms, found 3 plugins.
Preloading 0 native plugins for Editor in 0.00 ms.
Unloading 2197 Unused Serialized files (Serialized files now loaded: 0)
System memory in use before: 173.5 MB.
System memory in use after: 173.7 MB.

Unloading 17 unused Assets to reduce memory usage. Loaded Objects now: 2758.
Total: 2.410500 ms (FindLiveObjects: 0.211400 ms CreateObjectMapping: 0.081200 ms MarkObjects: 2.101700 ms  DeleteObjects: 0.015300 ms)

========================================================================
Received Prepare
Registering precompiled user dll's ...
Registered in 0.003431 seconds.
Begin MonoManager ReloadAssembly
Native extension for WindowsStandalone target not found
Refreshing native plugins compatible for Editor in 1.02 ms, found 3 plugins.
Preloading 0 native plugins for Editor in 0.00 ms.
Mono: successfully reloaded assembly
- Completed reload, in  1.029 seconds
Platform modules already initialized, skipping
Refreshing native plugins compatible for Editor in 0.52 ms, found 3 plugins.
Preloading 0 native plugins for Editor in 0.00 ms.
Unloading 2197 Unused Serialized files (Serialized files now loaded: 0)
System memory in use before: 173.5 MB.
System memory in use after: 173.8 MB.

Unloading 17 unused Assets to reduce memory usage. Loaded Objects now: 2760.
Total: 2.766100 ms (FindLiveObjects: 0.227200 ms CreateObjectMapping: 0.082700 ms MarkObjects: 2.423300 ms  DeleteObjects: 0.031800 ms)

========================================================================
Received Prepare
Registering precompiled user dll's ...
Registered in 0.004159 seconds.
Begin MonoManager ReloadAssembly
Native extension for WindowsStandalone target not found
Refreshing native plugins compatible for Editor in 0.51 ms, found 3 plugins.
Preloading 0 native plugins for Editor in 0.00 ms.
Mono: successfully reloaded assembly
- Completed reload, in  0.953 seconds
Platform modules already initialized, skipping
Refreshing native plugins compatible for Editor in 0.56 ms, found 3 plugins.
Preloading 0 native plugins for Editor in 0.00 ms.
Unloading 2197 Unused Serialized files (Serialized files now loaded: 0)
System memory in use before: 173.5 MB.
System memory in use after: 173.8 MB.

Unloading 17 unused Assets to reduce memory usage. Loaded Objects now: 2762.
Total: 2.766200 ms (FindLiveObjects: 0.242700 ms CreateObjectMapping: 0.116300 ms MarkObjects: 2.387600 ms  DeleteObjects: 0.018600 ms)

========================================================================
Received Prepare
Registering precompiled user dll's ...
Registered in 0.004869 seconds.
Begin MonoManager ReloadAssembly
Native extension for WindowsStandalone target not found
Refreshing native plugins compatible for Editor in 0.51 ms, found 3 plugins.
Preloading 0 native plugins for Editor in 0.00 ms.
Mono: successfully reloaded assembly
- Completed reload, in  0.947 seconds
Platform modules already initialized, skipping
Refreshing native plugins compatible for Editor in 0.50 ms, found 3 plugins.
Preloading 0 native plugins for Editor in 0.00 ms.
Unloading 2197 Unused Serialized files (Serialized files now loaded: 0)
System memory in use before: 173.6 MB.
System memory in use after: 173.9 MB.

Unloading 17 unused Assets to reduce memory usage. Loaded Objects now: 2764.
Total: 2.742100 ms (FindLiveObjects: 0.245500 ms CreateObjectMapping: 0.102600 ms MarkObjects: 2.347900 ms  DeleteObjects: 0.045000 ms)

========================================================================
Received Prepare
Registering precompiled user dll's ...
Registered in 0.003784 seconds.
Begin MonoManager ReloadAssembly
Native extension for WindowsStandalone target not found
Refreshing native plugins compatible for Editor in 0.51 ms, found 3 plugins.
Preloading 0 native plugins for Editor in 0.00 ms.
Mono: successfully reloaded assembly
- Completed reload, in  0.928 seconds
Platform modules already initialized, skipping
Refreshing native plugins compatible for Editor in 0.52 ms, found 3 plugins.
Preloading 0 native plugins for Editor in 0.00 ms.
Unloading 2197 Unused Serialized files (Serialized files now loaded: 0)
System memory in use before: 173.6 MB.
System memory in use after: 173.9 MB.

Unloading 17 unused Assets to reduce memory usage. Loaded Objects now: 2766.
Total: 2.427200 ms (FindLiveObjects: 0.224000 ms CreateObjectMapping: 0.084400 ms MarkObjects: 2.102500 ms  DeleteObjects: 0.015500 ms)

========================================================================
Received Prepare
Registering precompiled user dll's ...
Registered in 0.005845 seconds.
Begin MonoManager ReloadAssembly
Native extension for WindowsStandalone target not found
Refreshing native plugins compatible for Editor in 0.57 ms, found 3 plugins.
Preloading 0 native plugins for Editor in 0.00 ms.
Mono: successfully reloaded assembly
- Completed reload, in  0.967 seconds
Platform modules already initialized, skipping
Refreshing native plugins compatible for Editor in 0.52 ms, found 3 plugins.
Preloading 0 native plugins for Editor in 0.00 ms.
Unloading 2197 Unused Serialized files (Serialized files now loaded: 0)
System memory in use before: 173.7 MB.
System memory in use after: 173.9 MB.

Unloading 17 unused Assets to reduce memory usage. Loaded Objects now: 2768.
Total: 2.531600 ms (FindLiveObjects: 0.207600 ms CreateObjectMapping: 0.067300 ms MarkObjects: 2.226100 ms  DeleteObjects: 0.029600 ms)

========================================================================
Received Prepare
Registering precompiled user dll's ...
Registered in 0.004351 seconds.
Begin MonoManager ReloadAssembly
Native extension for WindowsStandalone target not found
Refreshing native plugins compatible for Editor in 0.51 ms, found 3 plugins.
Preloading 0 native plugins for Editor in 0.00 ms.
Mono: successfully reloaded assembly
- Completed reload, in  1.055 seconds
Platform modules already initialized, skipping
Refreshing native plugins compatible for Editor in 0.51 ms, found 3 plugins.
Preloading 0 native plugins for Editor in 0.00 ms.
Unloading 2197 Unused Serialized files (Serialized files now loaded: 0)
System memory in use before: 173.7 MB.
System memory in use after: 173.9 MB.

Unloading 17 unused Assets to reduce memory usage. Loaded Objects now: 2770.
Total: 2.391700 ms (FindLiveObjects: 0.223200 ms CreateObjectMapping: 0.074100 ms MarkObjects: 2.078100 ms  DeleteObjects: 0.015400 ms)

========================================================================
Received Prepare
Registering precompiled user dll's ...
Registered in 0.004344 seconds.
Begin MonoManager ReloadAssembly
Native extension for WindowsStandalone target not found
Refreshing native plugins compatible for Editor in 0.60 ms, found 3 plugins.
Preloading 0 native plugins for Editor in 0.00 ms.
Mono: successfully reloaded assembly
- Completed reload, in  0.938 seconds
Platform modules already initialized, skipping
Refreshing native plugins compatible for Editor in 0.55 ms, found 3 plugins.
Preloading 0 native plugins for Editor in 0.00 ms.
Unloading 2197 Unused Serialized files (Serialized files now loaded: 0)
System memory in use before: 173.7 MB.
System memory in use after: 173.9 MB.

Unloading 17 unused Assets to reduce memory usage. Loaded Objects now: 2772.
Total: 2.223900 ms (FindLiveObjects: 0.194300 ms CreateObjectMapping: 0.081200 ms MarkObjects: 1.932800 ms  DeleteObjects: 0.014300 ms)

========================================================================
Received Prepare
Registering precompiled user dll's ...
Registered in 0.005151 seconds.
Begin MonoManager ReloadAssembly
Native extension for WindowsStandalone target not found
Refreshing native plugins compatible for Editor in 0.77 ms, found 3 plugins.
Preloading 0 native plugins for Editor in 0.00 ms.
Mono: successfully reloaded assembly
- Completed reload, in  0.948 seconds
Platform modules already initialized, skipping
Refreshing native plugins compatible for Editor in 0.52 ms, found 3 plugins.
Preloading 0 native plugins for Editor in 0.00 ms.
Unloading 2197 Unused Serialized files (Serialized files now loaded: 0)
System memory in use before: 173.7 MB.
System memory in use after: 173.9 MB.

Unloading 17 unused Assets to reduce memory usage. Loaded Objects now: 2774.
Total: 2.529500 ms (FindLiveObjects: 0.212100 ms CreateObjectMapping: 0.078900 ms MarkObjects: 2.189400 ms  DeleteObjects: 0.048300 ms)

========================================================================
Received Prepare
Registering precompiled user dll's ...
Registered in 0.004122 seconds.
Begin MonoManager ReloadAssembly
Native extension for WindowsStandalone target not found
Refreshing native plugins compatible for Editor in 1.27 ms, found 3 plugins.
Preloading 0 native plugins for Editor in 0.00 ms.
Mono: successfully reloaded assembly
- Completed reload, in  1.173 seconds
Platform modules already initialized, skipping
Refreshing native plugins compatible for Editor in 0.53 ms, found 3 plugins.
Preloading 0 native plugins for Editor in 0.00 ms.
Unloading 2197 Unused Serialized files (Serialized files now loaded: 0)
System memory in use before: 173.7 MB.
System memory in use after: 173.9 MB.

Unloading 17 unused Assets to reduce memory usage. Loaded Objects now: 2776.
Total: 2.499000 ms (FindLiveObjects: 0.236200 ms CreateObjectMapping: 0.099600 ms MarkObjects: 2.143200 ms  DeleteObjects: 0.018700 ms)

========================================================================
Received Prepare
Registering precompiled user dll's ...
Registered in 0.005223 seconds.
Begin MonoManager ReloadAssembly
Native extension for WindowsStandalone target not found
Refreshing native plugins compatible for Editor in 0.51 ms, found 3 plugins.
Preloading 0 native plugins for Editor in 0.00 ms.
Mono: successfully reloaded assembly
- Completed reload, in  0.977 seconds
Platform modules already initialized, skipping
Refreshing native plugins compatible for Editor in 0.51 ms, found 3 plugins.
Preloading 0 native plugins for Editor in 0.00 ms.
Unloading 2197 Unused Serialized files (Serialized files now loaded: 0)
System memory in use before: 173.7 MB.
System memory in use after: 173.9 MB.

Unloading 17 unused Assets to reduce memory usage. Loaded Objects now: 2778.
Total: 2.166500 ms (FindLiveObjects: 0.201100 ms CreateObjectMapping: 0.088100 ms MarkObjects: 1.859600 ms  DeleteObjects: 0.016700 ms)

========================================================================
Received Prepare
Registering precompiled user dll's ...
Registered in 0.003713 seconds.
Begin MonoManager ReloadAssembly
Native extension for WindowsStandalone target not found
Refreshing native plugins compatible for Editor in 0.55 ms, found 3 plugins.
Preloading 0 native plugins for Editor in 0.00 ms.
Mono: successfully reloaded assembly
- Completed reload, in  1.028 seconds
Platform modules already initialized, skipping
Refreshing native plugins compatible for Editor in 0.68 ms, found 3 plugins.
Preloading 0 native plugins for Editor in 0.00 ms.
Unloading 2197 Unused Serialized files (Serialized files now loaded: 0)
System memory in use before: 173.7 MB.
System memory in use after: 173.9 MB.

Unloading 17 unused Assets to reduce memory usage. Loaded Objects now: 2780.
Total: 2.331800 ms (FindLiveObjects: 0.221100 ms CreateObjectMapping: 0.089500 ms MarkObjects: 1.990400 ms  DeleteObjects: 0.029600 ms)

========================================================================
Received Prepare
Registering precompiled user dll's ...
Registered in 0.003707 seconds.
Begin MonoManager ReloadAssembly
Native extension for WindowsStandalone target not found
Refreshing native plugins compatible for Editor in 0.85 ms, found 3 plugins.
Preloading 0 native plugins for Editor in 0.00 ms.
Mono: successfully reloaded assembly
- Completed reload, in  0.963 seconds
Platform modules already initialized, skipping
Refreshing native plugins compatible for Editor in 0.58 ms, found 3 plugins.
Preloading 0 native plugins for Editor in 0.00 ms.
Unloading 2197 Unused Serialized files (Serialized files now loaded: 0)
System memory in use before: 173.7 MB.
System memory in use after: 173.9 MB.

Unloading 17 unused Assets to reduce memory usage. Loaded Objects now: 2782.
Total: 2.496400 ms (FindLiveObjects: 0.226200 ms CreateObjectMapping: 0.092700 ms MarkObjects: 2.135500 ms  DeleteObjects: 0.041000 ms)

========================================================================
Received Prepare
Registering precompiled user dll's ...
Registered in 0.003533 seconds.
Begin MonoManager ReloadAssembly
Native extension for WindowsStandalone target not found
Refreshing native plugins compatible for Editor in 0.51 ms, found 3 plugins.
Preloading 0 native plugins for Editor in 0.00 ms.
Mono: successfully reloaded assembly
- Completed reload, in  0.919 seconds
Platform modules already initialized, skipping
Refreshing native plugins compatible for Editor in 0.51 ms, found 3 plugins.
Preloading 0 native plugins for Editor in 0.00 ms.
Unloading 2197 Unused Serialized files (Serialized files now loaded: 0)
System memory in use before: 173.7 MB.
System memory in use after: 173.9 MB.

Unloading 17 unused Assets to reduce memory usage. Loaded Objects now: 2784.
Total: 2.384800 ms (FindLiveObjects: 0.236700 ms CreateObjectMapping: 0.081800 ms MarkObjects: 2.047700 ms  DeleteObjects: 0.017600 ms)

========================================================================
Received Prepare
Registering precompiled user dll's ...
Registered in 0.004659 seconds.
Begin MonoManager ReloadAssembly
Native extension for WindowsStandalone target not found
Refreshing native plugins compatible for Editor in 0.50 ms, found 3 plugins.
Preloading 0 native plugins for Editor in 0.00 ms.
Mono: successfully reloaded assembly
- Completed reload, in  0.889 seconds
Platform modules already initialized, skipping
Refreshing native plugins compatible for Editor in 0.54 ms, found 3 plugins.
Preloading 0 native plugins for Editor in 0.00 ms.
Unloading 2197 Unused Serialized files (Serialized files now loaded: 0)
System memory in use before: 173.7 MB.
System memory in use after: 173.9 MB.

Unloading 17 unused Assets to reduce memory usage. Loaded Objects now: 2786.
Total: 2.619400 ms (FindLiveObjects: 0.379000 ms CreateObjectMapping: 0.118100 ms MarkObjects: 2.071700 ms  DeleteObjects: 0.035100 ms)

========================================================================
Received Prepare
Registering precompiled user dll's ...
Registered in 0.003570 seconds.
Begin MonoManager ReloadAssembly
Native extension for WindowsStandalone target not found
Refreshing native plugins compatible for Editor in 0.53 ms, found 3 plugins.
Preloading 0 native plugins for Editor in 0.00 ms.
Mono: successfully reloaded assembly
- Completed reload, in  0.970 seconds
Platform modules already initialized, skipping
Refreshing native plugins compatible for Editor in 0.52 ms, found 3 plugins.
Preloading 0 native plugins for Editor in 0.00 ms.
Unloading 2197 Unused Serialized files (Serialized files now loaded: 0)
System memory in use before: 173.7 MB.
System memory in use after: 173.9 MB.

Unloading 17 unused Assets to reduce memory usage. Loaded Objects now: 2788.
Total: 2.455400 ms (FindLiveObjects: 0.224600 ms CreateObjectMapping: 0.076800 ms MarkObjects: 2.137300 ms  DeleteObjects: 0.015800 ms)

========================================================================
Received Prepare
Registering precompiled user dll's ...
Registered in 0.003615 seconds.
Begin MonoManager ReloadAssembly
Native extension for WindowsStandalone target not found
Refreshing native plugins compatible for Editor in 0.50 ms, found 3 plugins.
Preloading 0 native plugins for Editor in 0.00 ms.
Mono: successfully reloaded assembly
- Completed reload, in  0.950 seconds
Platform modules already initialized, skipping
Refreshing native plugins compatible for Editor in 0.53 ms, found 3 plugins.
Preloading 0 native plugins for Editor in 0.00 ms.
Unloading 2197 Unused Serialized files (Serialized files now loaded: 0)
System memory in use before: 173.7 MB.
System memory in use after: 174.0 MB.

Unloading 17 unused Assets to reduce memory usage. Loaded Objects now: 2790.
Total: 2.908100 ms (FindLiveObjects: 0.238000 ms CreateObjectMapping: 0.091900 ms MarkObjects: 2.535000 ms  DeleteObjects: 0.042300 ms)

========================================================================
Received Prepare
Registering precompiled user dll's ...
Registered in 0.003925 seconds.
Begin MonoManager ReloadAssembly
Native extension for WindowsStandalone target not found
Refreshing native plugins compatible for Editor in 0.61 ms, found 3 plugins.
Preloading 0 native plugins for Editor in 0.00 ms.
Mono: successfully reloaded assembly
- Completed reload, in  0.985 seconds
Platform modules already initialized, skipping
Refreshing native plugins compatible for Editor in 0.51 ms, found 3 plugins.
Preloading 0 native plugins for Editor in 0.00 ms.
Unloading 2197 Unused Serialized files (Serialized files now loaded: 0)
System memory in use before: 173.7 MB.
System memory in use after: 174.0 MB.

Unloading 17 unused Assets to reduce memory usage. Loaded Objects now: 2792.
Total: 2.587300 ms (FindLiveObjects: 0.216300 ms CreateObjectMapping: 0.078000 ms MarkObjects: 2.258400 ms  DeleteObjects: 0.033700 ms)

========================================================================
Received Import Request.
  Time since last request: 1297.894344 seconds.
  path: Assets/Resources/Player/Die/playerDie_0.png
  artifactKey: Guid(e21b5c509ade7e24d8d870a6522cf5a6) Importer(815301076,1909f56bfc062723c751e8b465ee728b)
Start importing Assets/Resources/Player/Die/playerDie_0.png using Guid(e21b5c509ade7e24d8d870a6522cf5a6) Importer(815301076,1909f56bfc062723c751e8b465ee728b)  -> (artifact id: '8b9a92d7ec2df9c89d32b7ff39163d16') in 0.052399 seconds
  Import took 0.055601 seconds .

========================================================================
Received Import Request.
  Time since last request: 0.059922 seconds.
  path: Assets/Resources/Player/Die/playerDie_0.png
  artifactKey: Guid(e21b5c509ade7e24d8d870a6522cf5a6) Importer(815301076,1909f56bfc062723c751e8b465ee728b)
Start importing Assets/Resources/Player/Die/playerDie_0.png using Guid(e21b5c509ade7e24d8d870a6522cf5a6) Importer(815301076,1909f56bfc062723c751e8b465ee728b)  -> (artifact id: '8b9a92d7ec2df9c89d32b7ff39163d16') in 0.008414 seconds
  Import took 0.012723 seconds .

========================================================================
Received Import Request.
  Time since last request: 0.171714 seconds.
  path: Assets/Resources/Player/Die/playerDie_1.png
  artifactKey: Guid(aa864aef5814abb48bd4643af7c7bfbe) Importer(815301076,1909f56bfc062723c751e8b465ee728b)
Start importing Assets/Resources/Player/Die/playerDie_1.png using Guid(aa864aef5814abb48bd4643af7c7bfbe) Importer(815301076,1909f56bfc062723c751e8b465ee728b)  -> (artifact id: '1122ab91cef812bf6dc17386abd9c55b') in 0.009266 seconds
  Import took 0.012782 seconds .

========================================================================
Received Import Request.
  Time since last request: 0.000250 seconds.
  path: Assets/Resources/Player/Die/playerDie_5.png
  artifactKey: Guid(1e365c2b019a9b545a6f21f6baa08420) Importer(815301076,1909f56bfc062723c751e8b465ee728b)
Start importing Assets/Resources/Player/Die/playerDie_5.png using Guid(1e365c2b019a9b545a6f21f6baa08420) Importer(815301076,1909f56bfc062723c751e8b465ee728b)  -> (artifact id: 'ffa783c935f4e7902612f371af72ad16') in 0.008450 seconds
  Import took 0.012310 seconds .

========================================================================
Received Import Request.
  Time since last request: 0.000216 seconds.
  path: Assets/Resources/Player/Die/playerDie_3.png
  artifactKey: Guid(8407f9e1d0a2d6043898b0c830998b19) Importer(815301076,1909f56bfc062723c751e8b465ee728b)
Start importing Assets/Resources/Player/Die/playerDie_3.png using Guid(8407f9e1d0a2d6043898b0c830998b19) Importer(815301076,1909f56bfc062723c751e8b465ee728b)  -> (artifact id: '9dd8cc6179105120c578f6436be45a2d') in 0.010252 seconds
  Import took 0.014068 seconds .

========================================================================
Received Import Request.
  Time since last request: 0.000291 seconds.
  path: Assets/Resources/Player/Die/playerDie_2.png
  artifactKey: Guid(d4923c9a60503fb4894ac3dc7a82c8ad) Importer(815301076,1909f56bfc062723c751e8b465ee728b)
Start importing Assets/Resources/Player/Die/playerDie_2.png using Guid(d4923c9a60503fb4894ac3dc7a82c8ad) Importer(815301076,1909f56bfc062723c751e8b465ee728b)  -> (artifact id: '8cd2dfa0a2f43d54518a2bda0266975a') in 0.007903 seconds
  Import took 0.010860 seconds .

========================================================================
Received Import Request.
  Time since last request: 0.000282 seconds.
  path: Assets/Resources/Player/Die/playerDie_4.png
  artifactKey: Guid(c9cafa8d5189fd749a78b59433308244) Importer(815301076,1909f56bfc062723c751e8b465ee728b)
Start importing Assets/Resources/Player/Die/playerDie_4.png using Guid(c9cafa8d5189fd749a78b59433308244) Importer(815301076,1909f56bfc062723c751e8b465ee728b)  -> (artifact id: 'ae61319ec19095b91772fc6d9255dcbd') in 0.008629 seconds
  Import took 0.011633 seconds .

========================================================================
Received Import Request.
  Time since last request: 0.000287 seconds.
  path: Assets/Resources/Player/Die/playerDie_6.png
  artifactKey: Guid(9383461faf1b1f74796b826bf88da0f8) Importer(815301076,1909f56bfc062723c751e8b465ee728b)
Start importing Assets/Resources/Player/Die/playerDie_6.png using Guid(9383461faf1b1f74796b826bf88da0f8) Importer(815301076,1909f56bfc062723c751e8b465ee728b)  -> (artifact id: '535f024184980036e354c0fb8e5273f1') in 0.008261 seconds
  Import took 0.011349 seconds .

========================================================================
Received Prepare
Registering precompiled user dll's ...
Registered in 0.003555 seconds.
Begin MonoManager ReloadAssembly
Native extension for WindowsStandalone target not found
Refreshing native plugins compatible for Editor in 0.68 ms, found 3 plugins.
Preloading 0 native plugins for Editor in 0.00 ms.
Mono: successfully reloaded assembly
- Completed reload, in  1.029 seconds
Platform modules already initialized, skipping
Refreshing native plugins compatible for Editor in 0.52 ms, found 3 plugins.
Preloading 0 native plugins for Editor in 0.00 ms.
Unloading 2197 Unused Serialized files (Serialized files now loaded: 0)
System memory in use before: 173.8 MB.
System memory in use after: 174.0 MB.

Unloading 17 unused Assets to reduce memory usage. Loaded Objects now: 2795.
Total: 2.358500 ms (FindLiveObjects: 0.231800 ms CreateObjectMapping: 0.107800 ms MarkObjects: 1.978400 ms  DeleteObjects: 0.039700 ms)

========================================================================
Received Prepare
Registering precompiled user dll's ...
Registered in 0.003615 seconds.
Begin MonoManager ReloadAssembly
Native extension for WindowsStandalone target not found
Refreshing native plugins compatible for Editor in 0.53 ms, found 3 plugins.
Preloading 0 native plugins for Editor in 0.00 ms.
Mono: successfully reloaded assembly
- Completed reload, in  0.958 seconds
Platform modules already initialized, skipping
Refreshing native plugins compatible for Editor in 0.52 ms, found 3 plugins.
Preloading 0 native plugins for Editor in 0.00 ms.
Unloading 2197 Unused Serialized files (Serialized files now loaded: 0)
System memory in use before: 173.8 MB.
System memory in use after: 174.0 MB.

Unloading 17 unused Assets to reduce memory usage. Loaded Objects now: 2797.
Total: 2.566200 ms (FindLiveObjects: 0.219500 ms CreateObjectMapping: 0.076700 ms MarkObjects: 2.229300 ms  DeleteObjects: 0.040000 ms)

========================================================================
Received Import Request.
  Time since last request: 30.495634 seconds.
  path: Assets/Scenes/Game.unity
  artifactKey: Guid(a374e354b12f7ed4194683bc050196fb) Importer(815301076,1909f56bfc062723c751e8b465ee728b)
Start importing Assets/Scenes/Game.unity using Guid(a374e354b12f7ed4194683bc050196fb) Importer(815301076,1909f56bfc062723c751e8b465ee728b)  -> (artifact id: '3b5846e79c00003d68d23df20767074b') in 0.012478 seconds
  Import took 0.015827 seconds .

AssetImportWorkerClient::OnTransportError - code=2 error=End of file
