Using pre-set license
Built from '2020.3/staging' branch; Version is '2020.3.11f1 (99c7afb366b3) revision 10078127'; Using compiler version '192528614'; Build Type 'Release'
OS: 'Windows 10 Pro; OS build 19042.1110; Version 2009; 64bit' Language: 'ko' Physical Memory: 8051 MB
BatchMode: 1, IsHumanControllingUs: 0, StartBugReporterOnCrash: 0, Is64bit: 1, IsPro: 0

 COMMAND LINE ARGUMENTS:
C:\Program Files\Unity\Hub\Editor\2020.3.11f1\Editor\Unity.exe
-adb2
-batchMode
-noUpm
-name
AssetImportWorker0
-projectPath
C:/Users/user/Desktop/ETG/ETG
-logFile
Logs/AssetImportWorker0.log
-srvPort
7829
Successfully changed project path to: C:/Users/user/Desktop/ETG/ETG
C:/Users/user/Desktop/ETG/ETG
Using Asset Import Pipeline V2.
Refreshing native plugins compatible for Editor in 85.36 ms, found 3 plugins.
Preloading 0 native plugins for Editor in 0.00 ms.
Initialize engine version: 2020.3.11f1 (99c7afb366b3)
[Subsystems] Discovering subsystems at path C:/Program Files/Unity/Hub/Editor/2020.3.11f1/Editor/Data/Resources/UnitySubsystems
[Subsystems] Discovering subsystems at path C:/Users/user/Desktop/ETG/ETG/Assets
GfxDevice: creating device client; threaded=0
Direct3D:
    Version:  Direct3D 11.0 [level 11.1]
    Renderer: Intel(R) HD Graphics 620 (ID=0x5916)
    Vendor:   
    VRAM:     4025 MB
    Driver:   27.20.100.8681
Initialize mono
Mono path[0] = 'C:/Program Files/Unity/Hub/Editor/2020.3.11f1/Editor/Data/Managed'
Mono path[1] = 'C:/Program Files/Unity/Hub/Editor/2020.3.11f1/Editor/Data/MonoBleedingEdge/lib/mono/unityjit'
Mono config path = 'C:/Program Files/Unity/Hub/Editor/2020.3.11f1/Editor/Data/MonoBleedingEdge/etc'
Using monoOptions --debugger-agent=transport=dt_socket,embedding=1,server=y,suspend=n,address=127.0.0.1:56320
Begin MonoManager ReloadAssembly
Registering precompiled unity dll's ...
Register platform support module: C:/Program Files/Unity/Hub/Editor/2020.3.11f1/Editor/Data/PlaybackEngines/WindowsStandaloneSupport/UnityEditor.WindowsStandalone.Extensions.dll
Registered in 0.003378 seconds.
Native extension for WindowsStandalone target not found
Refreshing native plugins compatible for Editor in 51.83 ms, found 3 plugins.
Preloading 0 native plugins for Editor in 0.00 ms.
Mono: successfully reloaded assembly
- Completed reload, in  2.688 seconds
Platform modules already initialized, skipping
Registering precompiled user dll's ...
Registered in 0.008142 seconds.
Begin MonoManager ReloadAssembly
Native extension for WindowsStandalone target not found
Refreshing native plugins compatible for Editor in 55.33 ms, found 3 plugins.
Preloading 0 native plugins for Editor in 0.00 ms.
Mono: successfully reloaded assembly
- Completed reload, in  1.868 seconds
Platform modules already initialized, skipping
========================================================================
Worker process is ready to serve import requests
Launched and connected shader compiler UnityShaderCompiler.exe after 0.08 seconds
Refreshing native plugins compatible for Editor in 0.47 ms, found 3 plugins.
Preloading 0 native plugins for Editor in 0.00 ms.
Unloading 2080 Unused Serialized files (Serialized files now loaded: 0)
System memory in use before: 95.4 MB.
System memory in use after: 95.3 MB.

Unloading 33 unused Assets to reduce memory usage. Loaded Objects now: 2513.
Total: 2.587400 ms (FindLiveObjects: 0.267700 ms CreateObjectMapping: 0.111900 ms MarkObjects: 2.062200 ms  DeleteObjects: 0.144100 ms)

========================================================================
Received Import Request.
  path: Assets/Resources/Player
  artifactKey: Guid(612136e7f48def6408e810766940179d) Importer(815301076,1909f56bfc062723c751e8b465ee728b)
Start importing Assets/Resources/Player using Guid(612136e7f48def6408e810766940179d) Importer(815301076,1909f56bfc062723c751e8b465ee728b)  -> (artifact id: '492157aa5313d7a6dcccd019a2e948d3') in 0.018114 seconds
  Import took 0.025048 seconds .

========================================================================
Received Import Request.
  Time since last request: 1.250465 seconds.
  path: Assets/Resources/Player/Move
  artifactKey: Guid(2d9d045dda929e24aa5e07e66b9a33f9) Importer(815301076,1909f56bfc062723c751e8b465ee728b)
Start importing Assets/Resources/Player/Move using Guid(2d9d045dda929e24aa5e07e66b9a33f9) Importer(815301076,1909f56bfc062723c751e8b465ee728b)  -> (artifact id: '0096eb84e2e643880b0d84f8e8e3ced2') in 0.008653 seconds
  Import took 0.014339 seconds .

========================================================================
Received Import Request.
  Time since last request: 0.544926 seconds.
  path: Assets/Resources/Player/Move/0
  artifactKey: Guid(3e37771956b0f8f4d89c12447577335b) Importer(815301076,1909f56bfc062723c751e8b465ee728b)
Start importing Assets/Resources/Player/Move/0 using Guid(3e37771956b0f8f4d89c12447577335b) Importer(815301076,1909f56bfc062723c751e8b465ee728b)  -> (artifact id: '80c790413b6af77b916625efa031a431') in 0.006658 seconds
  Import took 0.019350 seconds .

========================================================================
Received Import Request.
  Time since last request: 0.098899 seconds.
  path: Assets/Resources/Player/Move/0/playerMove_0_0.png
  artifactKey: Guid(2ab1c2e415cb1bb4dad574177d2c83c0) Importer(815301076,1909f56bfc062723c751e8b465ee728b)
Start importing Assets/Resources/Player/Move/0/playerMove_0_0.png using Guid(2ab1c2e415cb1bb4dad574177d2c83c0) Importer(815301076,1909f56bfc062723c751e8b465ee728b)  -> (artifact id: 'c16a1f4c6c8396a2d4008f231b60c2e5') in 0.294450 seconds
  Import took 0.302977 seconds .

========================================================================
Received Import Request.
  Time since last request: 0.000251 seconds.
  path: Assets/Resources/Player/Move/0/playerMove_0_1.png
  artifactKey: Guid(0419b4152a43358459025b2c2bceaffe) Importer(815301076,1909f56bfc062723c751e8b465ee728b)
Start importing Assets/Resources/Player/Move/0/playerMove_0_1.png using Guid(0419b4152a43358459025b2c2bceaffe) Importer(815301076,1909f56bfc062723c751e8b465ee728b)  -> (artifact id: 'fdc6129ce6802148a6ac31b34691768a') in 0.021582 seconds
  Import took 0.026126 seconds .

========================================================================
Received Import Request.
  Time since last request: 0.000135 seconds.
  path: Assets/Resources/Player/Move/0/playerMove_0_2.png
  artifactKey: Guid(590b04e92b98f1d449ea9cd91e4fb13f) Importer(815301076,1909f56bfc062723c751e8b465ee728b)
Start importing Assets/Resources/Player/Move/0/playerMove_0_2.png using Guid(590b04e92b98f1d449ea9cd91e4fb13f) Importer(815301076,1909f56bfc062723c751e8b465ee728b)  -> (artifact id: '3bc8958d2e602f747ec25e62ae64325e') in 0.021660 seconds
  Import took 0.031336 seconds .

========================================================================
Received Import Request.
  Time since last request: 0.000367 seconds.
  path: Assets/Resources/Player/Move/0/playerMove_0_4.png
  artifactKey: Guid(51b5920320e76744f8e03accaebf36b2) Importer(815301076,1909f56bfc062723c751e8b465ee728b)
Start importing Assets/Resources/Player/Move/0/playerMove_0_4.png using Guid(51b5920320e76744f8e03accaebf36b2) Importer(815301076,1909f56bfc062723c751e8b465ee728b)  -> (artifact id: 'ae3689b2b1477b912a434e465402b75f') in 0.022358 seconds
  Import took 0.029074 seconds .

========================================================================
Received Import Request.
  Time since last request: 0.000613 seconds.
  path: Assets/Resources/Player/Move/0/playerMove_0_3.png
  artifactKey: Guid(2edabea641daf514b96061c3c7088c74) Importer(815301076,1909f56bfc062723c751e8b465ee728b)
Start importing Assets/Resources/Player/Move/0/playerMove_0_3.png using Guid(2edabea641daf514b96061c3c7088c74) Importer(815301076,1909f56bfc062723c751e8b465ee728b)  -> (artifact id: '99473f74b21b66a78819d58384f6b1b7') in 0.021769 seconds
  Import took 0.027126 seconds .

========================================================================
Received Import Request.
  Time since last request: 0.000621 seconds.
  path: Assets/Resources/Player/Move/0/playerMove_0_4.png
  artifactKey: Guid(51b5920320e76744f8e03accaebf36b2) Importer(815301076,1909f56bfc062723c751e8b465ee728b)
Start importing Assets/Resources/Player/Move/0/playerMove_0_4.png using Guid(51b5920320e76744f8e03accaebf36b2) Importer(815301076,1909f56bfc062723c751e8b465ee728b)  -> (artifact id: 'ae3689b2b1477b912a434e465402b75f') in 0.019543 seconds
  Import took 0.028519 seconds .

========================================================================
Received Import Request.
  Time since last request: 0.000289 seconds.
  path: Assets/Resources/Player/Move/0/playerMove_0_5.png
  artifactKey: Guid(78a5f70e5e5768a4f922604869aeddb1) Importer(815301076,1909f56bfc062723c751e8b465ee728b)
Start importing Assets/Resources/Player/Move/0/playerMove_0_5.png using Guid(78a5f70e5e5768a4f922604869aeddb1) Importer(815301076,1909f56bfc062723c751e8b465ee728b)  -> (artifact id: '5082976a408b4f4c202e91d6c184e51b') in 0.021736 seconds
  Import took 0.029011 seconds .

========================================================================
Received Import Request.
  Time since last request: 3.715700 seconds.
  path: Assets/Resources/Player/Die/playerDie_0.png
  artifactKey: Guid(e21b5c509ade7e24d8d870a6522cf5a6) Importer(815301076,1909f56bfc062723c751e8b465ee728b)
Start importing Assets/Resources/Player/Die/playerDie_0.png using Guid(e21b5c509ade7e24d8d870a6522cf5a6) Importer(815301076,1909f56bfc062723c751e8b465ee728b)  -> (artifact id: '666fb061b04c385458a393012d368079') in 0.030053 seconds
  Import took 0.037958 seconds .

========================================================================
Received Import Request.
  Time since last request: 0.000126 seconds.
  path: Assets/Resources/Player/Roll/45/playerRoll_45_8.png
  artifactKey: Guid(fb80df349f594d6498bd10fd8fd0beed) Importer(815301076,1909f56bfc062723c751e8b465ee728b)
Start importing Assets/Resources/Player/Roll/45/playerRoll_45_8.png using Guid(fb80df349f594d6498bd10fd8fd0beed) Importer(815301076,1909f56bfc062723c751e8b465ee728b)  -> (artifact id: 'fc4ad6b13ee9127b156c2001573341af') in 0.031901 seconds
  Import took 0.039684 seconds .

========================================================================
Received Import Request.
  Time since last request: 0.000279 seconds.
  path: Assets/Resources/Player/Move/270/playerMove_270_0.png
  artifactKey: Guid(48919ef8e30627140a3cd7762ac0a5bc) Importer(815301076,1909f56bfc062723c751e8b465ee728b)
Start importing Assets/Resources/Player/Move/270/playerMove_270_0.png using Guid(48919ef8e30627140a3cd7762ac0a5bc) Importer(815301076,1909f56bfc062723c751e8b465ee728b)  -> (artifact id: 'f5e110abdb9eaa772d4b73e9da61536f') in 0.032627 seconds
  Import took 0.039588 seconds .

========================================================================
Received Import Request.
  Time since last request: 0.000559 seconds.
  path: Assets/Resources/Player/Roll/45/playerRoll_45_1.png
  artifactKey: Guid(d6b838555ee7592489407fbee082dc4d) Importer(815301076,1909f56bfc062723c751e8b465ee728b)
Start importing Assets/Resources/Player/Roll/45/playerRoll_45_1.png using Guid(d6b838555ee7592489407fbee082dc4d) Importer(815301076,1909f56bfc062723c751e8b465ee728b)  -> (artifact id: '60e77190b4231a5a9d6c15935ae54279') in 0.023242 seconds
  Import took 0.031282 seconds .

========================================================================
Received Import Request.
  Time since last request: 0.000375 seconds.
  path: Assets/Resources/Player/Fall/playerFall_0.png
  artifactKey: Guid(d9e20120d5401b940a3b1afc0edd5c8f) Importer(815301076,1909f56bfc062723c751e8b465ee728b)
Start importing Assets/Resources/Player/Fall/playerFall_0.png using Guid(d9e20120d5401b940a3b1afc0edd5c8f) Importer(815301076,1909f56bfc062723c751e8b465ee728b)  -> (artifact id: 'fed8dcddc7f93533ad7a51d3f2a2eef9') in 0.023913 seconds
  Import took 0.027999 seconds .

========================================================================
Received Import Request.
  Time since last request: 0.000303 seconds.
  path: Assets/Resources/Player/Fall/playerFall_3.png
  artifactKey: Guid(4bba0f28d87420a4a87ab8bf795374e9) Importer(815301076,1909f56bfc062723c751e8b465ee728b)
Start importing Assets/Resources/Player/Fall/playerFall_3.png using Guid(4bba0f28d87420a4a87ab8bf795374e9) Importer(815301076,1909f56bfc062723c751e8b465ee728b)  -> (artifact id: '13a44fc00af913435ea418803e622504') in 0.023963 seconds
  Import took 0.030314 seconds .

========================================================================
Received Import Request.
  Time since last request: 0.000389 seconds.
  path: Assets/Resources/Player/Move/270/playerMove_270_3.png
  artifactKey: Guid(eb7852f64be19d54eb70d4ec56485410) Importer(815301076,1909f56bfc062723c751e8b465ee728b)
Start importing Assets/Resources/Player/Move/270/playerMove_270_3.png using Guid(eb7852f64be19d54eb70d4ec56485410) Importer(815301076,1909f56bfc062723c751e8b465ee728b)  -> (artifact id: 'b36f9af9dbf7e754a4917302e34c33e1') in 0.021211 seconds
  Import took 0.027699 seconds .

========================================================================
Received Import Request.
  Time since last request: 0.000298 seconds.
  path: Assets/Resources/Player/Roll/0/playerRoll_0_8.png
  artifactKey: Guid(1fd9acb658ca7f5488f9c54bf8c77f44) Importer(815301076,1909f56bfc062723c751e8b465ee728b)
Start importing Assets/Resources/Player/Roll/0/playerRoll_0_8.png using Guid(1fd9acb658ca7f5488f9c54bf8c77f44) Importer(815301076,1909f56bfc062723c751e8b465ee728b)  -> (artifact id: 'c03f92c7fcf30bbf305a35a314aaa429') in 0.019614 seconds
  Import took 0.028188 seconds .

========================================================================
Received Import Request.
  Time since last request: 0.000520 seconds.
  path: Assets/Resources/Player/Roll/90/playerRoll_90_1.png
  artifactKey: Guid(0453d1f0dcdf45143b879699373ffa38) Importer(815301076,1909f56bfc062723c751e8b465ee728b)
Start importing Assets/Resources/Player/Roll/90/playerRoll_90_1.png using Guid(0453d1f0dcdf45143b879699373ffa38) Importer(815301076,1909f56bfc062723c751e8b465ee728b)  -> (artifact id: 'e9ace988675fce09c83108fc58a180cf') in 0.020314 seconds
  Import took 0.030579 seconds .

========================================================================
Received Import Request.
  Time since last request: 0.000351 seconds.
  path: Assets/Resources/Player/Roll/45/playerRoll_45_4.png
  artifactKey: Guid(ca93dd9ef0ced424fab77a705841fd7d) Importer(815301076,1909f56bfc062723c751e8b465ee728b)
Start importing Assets/Resources/Player/Roll/45/playerRoll_45_4.png using Guid(ca93dd9ef0ced424fab77a705841fd7d) Importer(815301076,1909f56bfc062723c751e8b465ee728b)  -> (artifact id: '27fb53c5fed10731e836c4a301030164') in 0.024493 seconds
  Import took 0.032517 seconds .

========================================================================
Received Import Request.
  Time since last request: 0.000731 seconds.
  path: Assets/Resources/Player/Roll/270/playerRoll_270_8.png
  artifactKey: Guid(5900460e9bcd88840bceebc06c7424ff) Importer(815301076,1909f56bfc062723c751e8b465ee728b)
Start importing Assets/Resources/Player/Roll/270/playerRoll_270_8.png using Guid(5900460e9bcd88840bceebc06c7424ff) Importer(815301076,1909f56bfc062723c751e8b465ee728b)  -> (artifact id: 'b684d21ca5bf401e8b885d8fd65aac16') in 0.021953 seconds
  Import took 0.033580 seconds .

========================================================================
Received Import Request.
  Time since last request: 0.000363 seconds.
  path: Assets/Resources/Player/Roll/90/playerRoll_90_8.png
  artifactKey: Guid(bcffa15fb3e7e9a4fbc390fb64faa33a) Importer(815301076,1909f56bfc062723c751e8b465ee728b)
Start importing Assets/Resources/Player/Roll/90/playerRoll_90_8.png using Guid(bcffa15fb3e7e9a4fbc390fb64faa33a) Importer(815301076,1909f56bfc062723c751e8b465ee728b)  -> (artifact id: '8ea552819e06159e1b9ce25fd1575e73') in 0.019062 seconds
  Import took 0.030012 seconds .

========================================================================
Received Import Request.
  Time since last request: 0.000479 seconds.
  path: Assets/Resources/Player/Die/playerDie_3.png
  artifactKey: Guid(8407f9e1d0a2d6043898b0c830998b19) Importer(815301076,1909f56bfc062723c751e8b465ee728b)
Start importing Assets/Resources/Player/Die/playerDie_3.png using Guid(8407f9e1d0a2d6043898b0c830998b19) Importer(815301076,1909f56bfc062723c751e8b465ee728b)  -> (artifact id: '52350adae83225914d135230c74e9c19') in 0.024868 seconds
  Import took 0.031303 seconds .

========================================================================
Received Import Request.
  Time since last request: 0.000433 seconds.
  path: Assets/Resources/Player/Idle/45/playerIdle_45_2.png
  artifactKey: Guid(cf9cf29a7a86fea4cb31a52d19c5a3fa) Importer(815301076,1909f56bfc062723c751e8b465ee728b)
Start importing Assets/Resources/Player/Idle/45/playerIdle_45_2.png using Guid(cf9cf29a7a86fea4cb31a52d19c5a3fa) Importer(815301076,1909f56bfc062723c751e8b465ee728b)  -> (artifact id: 'd101735a3ec9a89791ec92048c72dfda') in 0.027648 seconds
  Import took 0.033473 seconds .

========================================================================
Received Import Request.
  Time since last request: 0.000290 seconds.
  path: Assets/Resources/Player/Idle/90/playerIdle_90_1.png
  artifactKey: Guid(ef894d05ceb0dcb4c99ae2208c7b764a) Importer(815301076,1909f56bfc062723c751e8b465ee728b)
Start importing Assets/Resources/Player/Idle/90/playerIdle_90_1.png using Guid(ef894d05ceb0dcb4c99ae2208c7b764a) Importer(815301076,1909f56bfc062723c751e8b465ee728b)  -> (artifact id: '577e4cbdccf2e7a30b64c4493c4daf1b') in 0.143752 seconds
  Import took 0.165660 seconds .

========================================================================
Received Import Request.
  Time since last request: 0.161224 seconds.
  path: Assets/Resources/Player/Move/90/playerMove_90_2.png
  artifactKey: Guid(5510026829aa9c94ba92bfd2c9859be3) Importer(815301076,1909f56bfc062723c751e8b465ee728b)
Start importing Assets/Resources/Player/Move/90/playerMove_90_2.png using Guid(5510026829aa9c94ba92bfd2c9859be3) Importer(815301076,1909f56bfc062723c751e8b465ee728b)  -> (artifact id: 'c44ebaa7199ad0a57ff5d33ed4c30152') in 0.029752 seconds
  Import took 0.041136 seconds .

========================================================================
Received Import Request.
  Time since last request: 0.000311 seconds.
  path: Assets/Resources/Player/Idle/270/playerIdle_270_1.png
  artifactKey: Guid(0b331d3fef493a440a4bcc05bc273c86) Importer(815301076,1909f56bfc062723c751e8b465ee728b)
Start importing Assets/Resources/Player/Idle/270/playerIdle_270_1.png using Guid(0b331d3fef493a440a4bcc05bc273c86) Importer(815301076,1909f56bfc062723c751e8b465ee728b)  -> (artifact id: '888d4799d76f2db2eced1cc034ddb6c8') in 0.107118 seconds
  Import took 0.116510 seconds .

========================================================================
Received Import Request.
  Time since last request: 0.000312 seconds.
  path: Assets/Resources/Player/Roll/90/playerRoll_90_7.png
  artifactKey: Guid(b683bfcd21c098349935684fea193917) Importer(815301076,1909f56bfc062723c751e8b465ee728b)
Start importing Assets/Resources/Player/Roll/90/playerRoll_90_7.png using Guid(b683bfcd21c098349935684fea193917) Importer(815301076,1909f56bfc062723c751e8b465ee728b)  -> (artifact id: '46ef57d8eb75b338ff34f3d32f6bd1e5') in 0.077658 seconds
  Import took 0.084072 seconds .

========================================================================
Received Import Request.
  Time since last request: 0.000371 seconds.
  path: Assets/Resources/Player/Move/270/playerMove_270_2.png
  artifactKey: Guid(8e82adb7873ba7544b33d55936bbbcd8) Importer(815301076,1909f56bfc062723c751e8b465ee728b)
Start importing Assets/Resources/Player/Move/270/playerMove_270_2.png using Guid(8e82adb7873ba7544b33d55936bbbcd8) Importer(815301076,1909f56bfc062723c751e8b465ee728b)  -> (artifact id: '4dc63a48f19ad99354d35cc8f47efb22') in 0.023573 seconds
  Import took 0.040074 seconds .

========================================================================
Received Import Request.
  Time since last request: 0.000549 seconds.
  path: Assets/Resources/Player/Roll/90/playerRoll_90_4.png
  artifactKey: Guid(dce55dcd57122ba41b5d98f6e4d8f828) Importer(815301076,1909f56bfc062723c751e8b465ee728b)
Start importing Assets/Resources/Player/Roll/90/playerRoll_90_4.png using Guid(dce55dcd57122ba41b5d98f6e4d8f828) Importer(815301076,1909f56bfc062723c751e8b465ee728b)  -> (artifact id: 'e1584e2e91e032e9ff2dbc4586115417') in 0.023840 seconds
  Import took 0.031725 seconds .

========================================================================
Received Import Request.
  Time since last request: 0.000489 seconds.
  path: Assets/Resources/Player/Roll/270/playerRoll_270_7.png
  artifactKey: Guid(59fbbe500cab0dc4896f51a58a65980c) Importer(815301076,1909f56bfc062723c751e8b465ee728b)
Start importing Assets/Resources/Player/Roll/270/playerRoll_270_7.png using Guid(59fbbe500cab0dc4896f51a58a65980c) Importer(815301076,1909f56bfc062723c751e8b465ee728b)  -> (artifact id: '70ced33e75beb0ede3f9b6c3d399a2f4') in 0.028523 seconds
  Import took 0.036757 seconds .

========================================================================
Received Import Request.
  Time since last request: 0.000457 seconds.
  path: Assets/Resources/Player/Roll/0/playerRoll_0_4.png
  artifactKey: Guid(ce6e4cb74f2b0854c8beec34885fae58) Importer(815301076,1909f56bfc062723c751e8b465ee728b)
Start importing Assets/Resources/Player/Roll/0/playerRoll_0_4.png using Guid(ce6e4cb74f2b0854c8beec34885fae58) Importer(815301076,1909f56bfc062723c751e8b465ee728b)  -> (artifact id: '150da5c1466423325551bda689dcf025') in 0.026691 seconds
  Import took 0.047139 seconds .

========================================================================
Received Import Request.
  Time since last request: 0.000376 seconds.
  path: Assets/Resources/Player/Roll/45/playerRoll_45_0.png
  artifactKey: Guid(309fa26399c78d24dbf3a3edde0586c8) Importer(815301076,1909f56bfc062723c751e8b465ee728b)
Start importing Assets/Resources/Player/Roll/45/playerRoll_45_0.png using Guid(309fa26399c78d24dbf3a3edde0586c8) Importer(815301076,1909f56bfc062723c751e8b465ee728b)  -> (artifact id: '76beebc4438743b2c088b671ff6b9711') in 0.027445 seconds
  Import took 0.035543 seconds .

========================================================================
Received Import Request.
  Time since last request: 0.000552 seconds.
  path: Assets/Resources/Player/Roll/0/playerRoll_0_1.png
  artifactKey: Guid(f43117afb38631942b129fd6ac364d95) Importer(815301076,1909f56bfc062723c751e8b465ee728b)
Start importing Assets/Resources/Player/Roll/0/playerRoll_0_1.png using Guid(f43117afb38631942b129fd6ac364d95) Importer(815301076,1909f56bfc062723c751e8b465ee728b)  -> (artifact id: '12ad0b169cb75051fd1d52c0ddfcd320') in 0.044928 seconds
  Import took 0.056465 seconds .

========================================================================
Received Import Request.
  Time since last request: 0.000316 seconds.
  path: Assets/Resources/Player/Move/90/playerMove_90_0.png
  artifactKey: Guid(709688cde6770e94db4ffc1c554b4063) Importer(815301076,1909f56bfc062723c751e8b465ee728b)
Start importing Assets/Resources/Player/Move/90/playerMove_90_0.png using Guid(709688cde6770e94db4ffc1c554b4063) Importer(815301076,1909f56bfc062723c751e8b465ee728b)  -> (artifact id: '74c37fc8d0675636e56a093e7386fa30') in 0.020879 seconds
  Import took 0.035726 seconds .

========================================================================
Received Import Request.
  Time since last request: 0.001719 seconds.
  path: Assets/Resources/Player/Roll/90/playerRoll_90_5.png
  artifactKey: Guid(5b9925d65e845074bb78ff573dfb9b81) Importer(815301076,1909f56bfc062723c751e8b465ee728b)
Start importing Assets/Resources/Player/Roll/90/playerRoll_90_5.png using Guid(5b9925d65e845074bb78ff573dfb9b81) Importer(815301076,1909f56bfc062723c751e8b465ee728b)  -> (artifact id: '93382357208f093c7a9510fddedcf6e0') in 0.019227 seconds
  Import took 0.025261 seconds .

========================================================================
Received Import Request.
  Time since last request: 0.000645 seconds.
  path: Assets/Resources/Player/Die/playerDie_1.png
  artifactKey: Guid(aa864aef5814abb48bd4643af7c7bfbe) Importer(815301076,1909f56bfc062723c751e8b465ee728b)
Start importing Assets/Resources/Player/Die/playerDie_1.png using Guid(aa864aef5814abb48bd4643af7c7bfbe) Importer(815301076,1909f56bfc062723c751e8b465ee728b)  -> (artifact id: '48fa91428305f57a0ec1e05b57b353a7') in 0.022595 seconds
  Import took 0.027172 seconds .

========================================================================
Received Import Request.
  Time since last request: 0.000312 seconds.
  path: Assets/Resources/Player/Idle/90/playerIdle_90_0.png
  artifactKey: Guid(71038f482fbaef748a3b21d1b8b95d97) Importer(815301076,1909f56bfc062723c751e8b465ee728b)
Start importing Assets/Resources/Player/Idle/90/playerIdle_90_0.png using Guid(71038f482fbaef748a3b21d1b8b95d97) Importer(815301076,1909f56bfc062723c751e8b465ee728b)  -> (artifact id: '63ed1fbf90a27ad021e613f21555325d') in 0.021177 seconds
  Import took 0.026918 seconds .

========================================================================
Received Import Request.
  Time since last request: 0.001277 seconds.
  path: Assets/Resources/Player/Idle/45/playerIdle_45_1.png
  artifactKey: Guid(28eb6528c1f86494da6493740bafd44f) Importer(815301076,1909f56bfc062723c751e8b465ee728b)
Start importing Assets/Resources/Player/Idle/45/playerIdle_45_1.png using Guid(28eb6528c1f86494da6493740bafd44f) Importer(815301076,1909f56bfc062723c751e8b465ee728b)  -> (artifact id: 'ae085efb5bdb22f67671be398835dcdf') in 0.017266 seconds
  Import took 0.024690 seconds .

========================================================================
Received Import Request.
  Time since last request: 0.000437 seconds.
  path: Assets/Resources/Player/Idle/45/playerIdle_45_3.png
  artifactKey: Guid(cf42ef3a6a79ca84cba6af53322e81dd) Importer(815301076,1909f56bfc062723c751e8b465ee728b)
Start importing Assets/Resources/Player/Idle/45/playerIdle_45_3.png using Guid(cf42ef3a6a79ca84cba6af53322e81dd) Importer(815301076,1909f56bfc062723c751e8b465ee728b)  -> (artifact id: 'dae90b3ae5aa4d3a73ba4215318a35fd') in 0.018219 seconds
  Import took 0.027316 seconds .

========================================================================
Received Import Request.
  Time since last request: 0.000380 seconds.
  path: Assets/Resources/Player/Move/270/playerMove_270_4.png
  artifactKey: Guid(00c791222e1ae7f4187e7351aa6155fc) Importer(815301076,1909f56bfc062723c751e8b465ee728b)
Start importing Assets/Resources/Player/Move/270/playerMove_270_4.png using Guid(00c791222e1ae7f4187e7351aa6155fc) Importer(815301076,1909f56bfc062723c751e8b465ee728b)  -> (artifact id: 'b2d21e4d90f08693d79e492c3a6ae2d8') in 0.018013 seconds
  Import took 0.023457 seconds .

========================================================================
Received Import Request.
  Time since last request: 0.000333 seconds.
  path: Assets/Resources/Player/Roll/0/playerRoll_0_7.png
  artifactKey: Guid(ca175db5638900e4d9a412bd9ca5b19a) Importer(815301076,1909f56bfc062723c751e8b465ee728b)
Start importing Assets/Resources/Player/Roll/0/playerRoll_0_7.png using Guid(ca175db5638900e4d9a412bd9ca5b19a) Importer(815301076,1909f56bfc062723c751e8b465ee728b)  -> (artifact id: '131ae9b1846b4ead0d96ad35f1031af9') in 0.020333 seconds
  Import took 0.026533 seconds .

========================================================================
Received Import Request.
  Time since last request: 0.000363 seconds.
  path: Assets/Resources/Player/Roll/270/playerRoll_270_3.png
  artifactKey: Guid(8d3301f7e910aab4dbe63e79526c056f) Importer(815301076,1909f56bfc062723c751e8b465ee728b)
Start importing Assets/Resources/Player/Roll/270/playerRoll_270_3.png using Guid(8d3301f7e910aab4dbe63e79526c056f) Importer(815301076,1909f56bfc062723c751e8b465ee728b)  -> (artifact id: '1564b0527ec3df5fb8ae72568f1931e3') in 0.029064 seconds
  Import took 0.034905 seconds .

========================================================================
Received Import Request.
  Time since last request: 0.000464 seconds.
  path: Assets/Resources/Player/Move/270/playerMove_270_5.png
  artifactKey: Guid(43c63e0c73d6894408dcac6c18d7caed) Importer(815301076,1909f56bfc062723c751e8b465ee728b)
Start importing Assets/Resources/Player/Move/270/playerMove_270_5.png using Guid(43c63e0c73d6894408dcac6c18d7caed) Importer(815301076,1909f56bfc062723c751e8b465ee728b)  -> (artifact id: '905f2a3f94418928010a639f5291b409') in 0.017736 seconds
  Import took 0.022866 seconds .

========================================================================
Received Import Request.
  Time since last request: 0.001832 seconds.
  path: Assets/Resources/Player/Move/90/playerMove_90_4.png
  artifactKey: Guid(4de57cc039bab1743a5ed6a8ebe5090f) Importer(815301076,1909f56bfc062723c751e8b465ee728b)
Start importing Assets/Resources/Player/Move/90/playerMove_90_4.png using Guid(4de57cc039bab1743a5ed6a8ebe5090f) Importer(815301076,1909f56bfc062723c751e8b465ee728b)  -> (artifact id: '4d019dc5a5df23d00baff87f7a6075ee') in 0.019165 seconds
  Import took 0.026723 seconds .

========================================================================
Received Import Request.
  Time since last request: 0.000367 seconds.
  path: Assets/Resources/Player/Move/45/playerMove_45_3.png
  artifactKey: Guid(9faa2c919d51d8a4086a152b61a6e9c7) Importer(815301076,1909f56bfc062723c751e8b465ee728b)
Start importing Assets/Resources/Player/Move/45/playerMove_45_3.png using Guid(9faa2c919d51d8a4086a152b61a6e9c7) Importer(815301076,1909f56bfc062723c751e8b465ee728b)  -> (artifact id: '6663538e41f0b18404a74eac59d94b7d') in 0.019121 seconds
  Import took 0.024411 seconds .

========================================================================
Received Import Request.
  Time since last request: 0.000387 seconds.
  path: Assets/Resources/Player/Idle/0/playerIdle_0_2.png
  artifactKey: Guid(ff059545e789b2a4ab29eb6e7976b41e) Importer(815301076,1909f56bfc062723c751e8b465ee728b)
Start importing Assets/Resources/Player/Idle/0/playerIdle_0_2.png using Guid(ff059545e789b2a4ab29eb6e7976b41e) Importer(815301076,1909f56bfc062723c751e8b465ee728b)  -> (artifact id: '96d40fcdf7b854d21be455793c3b55b1') in 0.025470 seconds
  Import took 0.032212 seconds .

========================================================================
Received Import Request.
  Time since last request: 0.000290 seconds.
  path: Assets/Resources/Player/Move/270/playerMove_270_1.png
  artifactKey: Guid(efb9511ac7bc6ae4ca2364b90e36f483) Importer(815301076,1909f56bfc062723c751e8b465ee728b)
Start importing Assets/Resources/Player/Move/270/playerMove_270_1.png using Guid(efb9511ac7bc6ae4ca2364b90e36f483) Importer(815301076,1909f56bfc062723c751e8b465ee728b)  -> (artifact id: 'efbba470ab5231521412cc65af1d62fc') in 0.023845 seconds
  Import took 0.032618 seconds .

========================================================================
Received Import Request.
  Time since last request: 0.000400 seconds.
  path: Assets/Resources/Player/Roll/0/playerRoll_0_3.png
  artifactKey: Guid(64aea32449db9fb41921f19ddc36db4a) Importer(815301076,1909f56bfc062723c751e8b465ee728b)
Start importing Assets/Resources/Player/Roll/0/playerRoll_0_3.png using Guid(64aea32449db9fb41921f19ddc36db4a) Importer(815301076,1909f56bfc062723c751e8b465ee728b)  -> (artifact id: '891563a47611e481d7c3e87624292386') in 0.033502 seconds
  Import took 0.046034 seconds .

========================================================================
Received Import Request.
  Time since last request: 0.000326 seconds.
  path: Assets/Resources/Player/Roll/270/playerRoll_270_1.png
  artifactKey: Guid(026298c90ef244e44b93a8b43385273f) Importer(815301076,1909f56bfc062723c751e8b465ee728b)
Start importing Assets/Resources/Player/Roll/270/playerRoll_270_1.png using Guid(026298c90ef244e44b93a8b43385273f) Importer(815301076,1909f56bfc062723c751e8b465ee728b)  -> (artifact id: 'f4e571720730635bf61a2d84c51d545f') in 0.024852 seconds
  Import took 0.031690 seconds .

========================================================================
Received Import Request.
  Time since last request: 0.000266 seconds.
  path: Assets/Resources/Player/Move/90/playerMove_90_3.png
  artifactKey: Guid(b7dba55a094254d41a03589abcba2c0c) Importer(815301076,1909f56bfc062723c751e8b465ee728b)
Start importing Assets/Resources/Player/Move/90/playerMove_90_3.png using Guid(b7dba55a094254d41a03589abcba2c0c) Importer(815301076,1909f56bfc062723c751e8b465ee728b)  -> (artifact id: 'c79611659641c2378fde44aa87b5d6dd') in 0.022200 seconds
  Import took 0.030782 seconds .

========================================================================
Received Import Request.
  Time since last request: 0.000466 seconds.
  path: Assets/Resources/Player/Idle/90/playerIdle_90_2.png
  artifactKey: Guid(f39a0a9b3188cfe41b2a13ded876f171) Importer(815301076,1909f56bfc062723c751e8b465ee728b)
Start importing Assets/Resources/Player/Idle/90/playerIdle_90_2.png using Guid(f39a0a9b3188cfe41b2a13ded876f171) Importer(815301076,1909f56bfc062723c751e8b465ee728b)  -> (artifact id: '36df37016a0e5b2679b3c5953e18755b') in 0.023870 seconds
  Import took 0.031390 seconds .

========================================================================
Received Import Request.
  Time since last request: 0.000379 seconds.
  path: Assets/Resources/Player/Die/playerDie_0.png
  artifactKey: Guid(e21b5c509ade7e24d8d870a6522cf5a6) Importer(815301076,1909f56bfc062723c751e8b465ee728b)
Start importing Assets/Resources/Player/Die/playerDie_0.png using Guid(e21b5c509ade7e24d8d870a6522cf5a6) Importer(815301076,1909f56bfc062723c751e8b465ee728b)  -> (artifact id: '666fb061b04c385458a393012d368079') in 0.022828 seconds
  Import took 0.030340 seconds .

========================================================================
Received Import Request.
  Time since last request: 0.000445 seconds.
  path: Assets/Resources/Player/Roll/90/playerRoll_90_3.png
  artifactKey: Guid(67e642328c25b3c439319cc934745080) Importer(815301076,1909f56bfc062723c751e8b465ee728b)
Start importing Assets/Resources/Player/Roll/90/playerRoll_90_3.png using Guid(67e642328c25b3c439319cc934745080) Importer(815301076,1909f56bfc062723c751e8b465ee728b)  -> (artifact id: '20608982dd9ceec79cba19cad67f2017') in 0.019866 seconds
  Import took 0.026335 seconds .

========================================================================
Received Import Request.
  Time since last request: 0.000306 seconds.
  path: Assets/Resources/Player/Roll/90/playerRoll_90_2.png
  artifactKey: Guid(7fa15ef40ce141e43bf4ab5a5cf512c1) Importer(815301076,1909f56bfc062723c751e8b465ee728b)
Start importing Assets/Resources/Player/Roll/90/playerRoll_90_2.png using Guid(7fa15ef40ce141e43bf4ab5a5cf512c1) Importer(815301076,1909f56bfc062723c751e8b465ee728b)  -> (artifact id: 'b06a8b58fc69a623790cfd2a5eaf3a42') in 0.031508 seconds
  Import took 0.040659 seconds .

========================================================================
Received Import Request.
  Time since last request: 0.000463 seconds.
  path: Assets/Resources/Player/Roll/270/playerRoll_270_2.png
  artifactKey: Guid(89f53f6cb281f8f4d95128e40f0dc1f8) Importer(815301076,1909f56bfc062723c751e8b465ee728b)
Start importing Assets/Resources/Player/Roll/270/playerRoll_270_2.png using Guid(89f53f6cb281f8f4d95128e40f0dc1f8) Importer(815301076,1909f56bfc062723c751e8b465ee728b)  -> (artifact id: 'a97b1a43b422d8ab651601faa3ca1a2a') in 0.022485 seconds
  Import took 0.030266 seconds .

========================================================================
Received Import Request.
  Time since last request: 0.000397 seconds.
  path: Assets/Resources/Player/Roll/45/playerRoll_45_3.png
  artifactKey: Guid(e914148ca32bfc84da9e08b6703f9511) Importer(815301076,1909f56bfc062723c751e8b465ee728b)
Start importing Assets/Resources/Player/Roll/45/playerRoll_45_3.png using Guid(e914148ca32bfc84da9e08b6703f9511) Importer(815301076,1909f56bfc062723c751e8b465ee728b)  -> (artifact id: '307c813f62f15988a22be9e930aada77') in 0.026306 seconds
  Import took 0.031069 seconds .

========================================================================
Received Import Request.
  Time since last request: 0.000322 seconds.
  path: Assets/Resources/Player/Die/playerDie_5.png
  artifactKey: Guid(1e365c2b019a9b545a6f21f6baa08420) Importer(815301076,1909f56bfc062723c751e8b465ee728b)
Start importing Assets/Resources/Player/Die/playerDie_5.png using Guid(1e365c2b019a9b545a6f21f6baa08420) Importer(815301076,1909f56bfc062723c751e8b465ee728b)  -> (artifact id: '7b43b1463f3248370fa5ff41c80ef4f8') in 0.027699 seconds
  Import took 0.034384 seconds .

========================================================================
Received Import Request.
  Time since last request: 0.000361 seconds.
  path: Assets/Resources/Player/Move/90/playerMove_90_5.png
  artifactKey: Guid(a2d2edf85a5368b429bbd5418bb444dc) Importer(815301076,1909f56bfc062723c751e8b465ee728b)
Start importing Assets/Resources/Player/Move/90/playerMove_90_5.png using Guid(a2d2edf85a5368b429bbd5418bb444dc) Importer(815301076,1909f56bfc062723c751e8b465ee728b)  -> (artifact id: '7a77c1c8275ab59f3c26b6a40d9fe5a7') in 0.025896 seconds
  Import took 0.033886 seconds .

========================================================================
Received Import Request.
  Time since last request: 0.000375 seconds.
  path: Assets/Resources/Player/Roll/0/playerRoll_0_2.png
  artifactKey: Guid(2ec57aba6a229eb468b8572206eca28c) Importer(815301076,1909f56bfc062723c751e8b465ee728b)
Start importing Assets/Resources/Player/Roll/0/playerRoll_0_2.png using Guid(2ec57aba6a229eb468b8572206eca28c) Importer(815301076,1909f56bfc062723c751e8b465ee728b)  -> (artifact id: 'c80341d96105ff0e451e2acff58c2003') in 0.021376 seconds
  Import took 0.028526 seconds .

========================================================================
Received Import Request.
  Time since last request: 0.000314 seconds.
  path: Assets/Resources/Player/Move/45/playerMove_45_4.png
  artifactKey: Guid(3e37aadccdb195e44b8fa2b3ec564702) Importer(815301076,1909f56bfc062723c751e8b465ee728b)
Start importing Assets/Resources/Player/Move/45/playerMove_45_4.png using Guid(3e37aadccdb195e44b8fa2b3ec564702) Importer(815301076,1909f56bfc062723c751e8b465ee728b)  -> (artifact id: '0bf32f53804f57449d91dcd95f35189f') in 0.021281 seconds
  Import took 0.031351 seconds .

========================================================================
Received Import Request.
  Time since last request: 0.000407 seconds.
  path: Assets/Resources/Player/Roll/45/playerRoll_45_2.png
  artifactKey: Guid(f83e0708206de6c49ba56be6622fd3b0) Importer(815301076,1909f56bfc062723c751e8b465ee728b)
Start importing Assets/Resources/Player/Roll/45/playerRoll_45_2.png using Guid(f83e0708206de6c49ba56be6622fd3b0) Importer(815301076,1909f56bfc062723c751e8b465ee728b)  -> (artifact id: '32394b0fe8c34043b71498edb51ba044') in 0.023412 seconds
  Import took 0.031684 seconds .

========================================================================
Received Import Request.
  Time since last request: 0.001151 seconds.
  path: Assets/Resources/Player/Roll/45/playerRoll_45_5.png
  artifactKey: Guid(ee836e8956c73574580fd66600e0e1f0) Importer(815301076,1909f56bfc062723c751e8b465ee728b)
Start importing Assets/Resources/Player/Roll/45/playerRoll_45_5.png using Guid(ee836e8956c73574580fd66600e0e1f0) Importer(815301076,1909f56bfc062723c751e8b465ee728b)  -> (artifact id: 'e4ab2354d44a650e59e5628f1cf99354') in 0.022953 seconds
  Import took 0.030786 seconds .

========================================================================
Received Import Request.
  Time since last request: 0.000313 seconds.
  path: Assets/Resources/Player/Idle/270/playerIdle_270_2.png
  artifactKey: Guid(7fd3504c31d5a314e94c074741432e20) Importer(815301076,1909f56bfc062723c751e8b465ee728b)
Start importing Assets/Resources/Player/Idle/270/playerIdle_270_2.png using Guid(7fd3504c31d5a314e94c074741432e20) Importer(815301076,1909f56bfc062723c751e8b465ee728b)  -> (artifact id: '2ba79be08dac8917c99b04e13f6873bf') in 0.020591 seconds
  Import took 0.027927 seconds .

========================================================================
Received Import Request.
  Time since last request: 0.000423 seconds.
  path: Assets/Resources/Player/Idle/0/playerIdle_0_1.png
  artifactKey: Guid(ec400ff3b0ada5341ba42ec0812d303b) Importer(815301076,1909f56bfc062723c751e8b465ee728b)
Start importing Assets/Resources/Player/Idle/0/playerIdle_0_1.png using Guid(ec400ff3b0ada5341ba42ec0812d303b) Importer(815301076,1909f56bfc062723c751e8b465ee728b)  -> (artifact id: '7c268501388b08212fa9ed3ec31469b4') in 0.022049 seconds
  Import took 0.027585 seconds .

========================================================================
Received Import Request.
  Time since last request: 0.000299 seconds.
  path: Assets/Resources/Player/Roll/45/playerRoll_45_7.png
  artifactKey: Guid(cc7bcccd28da67d489d8c2319d54f78f) Importer(815301076,1909f56bfc062723c751e8b465ee728b)
Start importing Assets/Resources/Player/Roll/45/playerRoll_45_7.png using Guid(cc7bcccd28da67d489d8c2319d54f78f) Importer(815301076,1909f56bfc062723c751e8b465ee728b)  -> (artifact id: '160a94885367d34bc3517b038f2929e9') in 0.017286 seconds
  Import took 0.024604 seconds .

========================================================================
Received Import Request.
  Time since last request: 0.000309 seconds.
  path: Assets/Resources/Player/Roll/270/playerRoll_270_0.png
  artifactKey: Guid(f8c8e952508e1de4db8ba860a2d2a89c) Importer(815301076,1909f56bfc062723c751e8b465ee728b)
Start importing Assets/Resources/Player/Roll/270/playerRoll_270_0.png using Guid(f8c8e952508e1de4db8ba860a2d2a89c) Importer(815301076,1909f56bfc062723c751e8b465ee728b)  -> (artifact id: '07ba0b94a28992d65a611474a1ad5351') in 0.018280 seconds
  Import took 0.025483 seconds .

========================================================================
Received Import Request.
  Time since last request: 0.000484 seconds.
  path: Assets/Resources/Player/Roll/90/playerRoll_90_6.png
  artifactKey: Guid(210e7ae0c7783de4db0899a6314c6c45) Importer(815301076,1909f56bfc062723c751e8b465ee728b)
Start importing Assets/Resources/Player/Roll/90/playerRoll_90_6.png using Guid(210e7ae0c7783de4db0899a6314c6c45) Importer(815301076,1909f56bfc062723c751e8b465ee728b)  -> (artifact id: 'ef620ed368fc237ce72b74b3d5f00ea7') in 0.025898 seconds
  Import took 0.031642 seconds .

========================================================================
Received Import Request.
  Time since last request: 0.000290 seconds.
  path: Assets/Resources/Player/Die/playerDie_2.png
  artifactKey: Guid(d4923c9a60503fb4894ac3dc7a82c8ad) Importer(815301076,1909f56bfc062723c751e8b465ee728b)
Start importing Assets/Resources/Player/Die/playerDie_2.png using Guid(d4923c9a60503fb4894ac3dc7a82c8ad) Importer(815301076,1909f56bfc062723c751e8b465ee728b)  -> (artifact id: 'b200a999a3e82971d4cc852ea77ef87b') in 0.028564 seconds
  Import took 0.034857 seconds .

========================================================================
Received Import Request.
  Time since last request: 0.000410 seconds.
  path: Assets/Resources/Player/Roll/90/playerRoll_90_0.png
  artifactKey: Guid(1f9b042b49fa07549ae7d31a10fcebbc) Importer(815301076,1909f56bfc062723c751e8b465ee728b)
Start importing Assets/Resources/Player/Roll/90/playerRoll_90_0.png using Guid(1f9b042b49fa07549ae7d31a10fcebbc) Importer(815301076,1909f56bfc062723c751e8b465ee728b)  -> (artifact id: 'b4436d00b6bc4e6873a214b94a53164a') in 0.022051 seconds
  Import took 0.029128 seconds .

========================================================================
Received Import Request.
  Time since last request: 0.000354 seconds.
  path: Assets/Resources/Player/Die/playerDie_4.png
  artifactKey: Guid(c9cafa8d5189fd749a78b59433308244) Importer(815301076,1909f56bfc062723c751e8b465ee728b)
Start importing Assets/Resources/Player/Die/playerDie_4.png using Guid(c9cafa8d5189fd749a78b59433308244) Importer(815301076,1909f56bfc062723c751e8b465ee728b)  -> (artifact id: '42d09cb33a5ae817efbb66bf9155fd8f') in 0.018502 seconds
  Import took 0.023533 seconds .

========================================================================
Received Import Request.
  Time since last request: 0.000318 seconds.
  path: Assets/Resources/Player/Roll/270/playerRoll_270_4.png
  artifactKey: Guid(d82724e01571d36479e201e29d01e731) Importer(815301076,1909f56bfc062723c751e8b465ee728b)
Start importing Assets/Resources/Player/Roll/270/playerRoll_270_4.png using Guid(d82724e01571d36479e201e29d01e731) Importer(815301076,1909f56bfc062723c751e8b465ee728b)  -> (artifact id: 'e8bf1602c2e3ff2aa2d88bfa344945d3') in 0.019071 seconds
  Import took 0.028453 seconds .

========================================================================
Received Import Request.
  Time since last request: 0.000822 seconds.
  path: Assets/Resources/Player/Die/playerDie_4.png
  artifactKey: Guid(c9cafa8d5189fd749a78b59433308244) Importer(815301076,1909f56bfc062723c751e8b465ee728b)
Start importing Assets/Resources/Player/Die/playerDie_4.png using Guid(c9cafa8d5189fd749a78b59433308244) Importer(815301076,1909f56bfc062723c751e8b465ee728b)  -> (artifact id: '42d09cb33a5ae817efbb66bf9155fd8f') in 0.019506 seconds
  Import took 0.026154 seconds .

========================================================================
Received Import Request.
  Time since last request: 0.000728 seconds.
  path: Assets/Resources/Player/Idle/270/playerIdle_270_0.png
  artifactKey: Guid(de7b169e50e854e43842ff1116023bb9) Importer(815301076,1909f56bfc062723c751e8b465ee728b)
Start importing Assets/Resources/Player/Idle/270/playerIdle_270_0.png using Guid(de7b169e50e854e43842ff1116023bb9) Importer(815301076,1909f56bfc062723c751e8b465ee728b)  -> (artifact id: 'cb7a9dd2343cf764b8be5e2b0fef1392') in 0.022690 seconds
  Import took 0.027506 seconds .

========================================================================
Received Import Request.
  Time since last request: 0.000272 seconds.
  path: Assets/Resources/Player/Fall/playerFall_2.png
  artifactKey: Guid(680ea3d53cfc764459a355af5781f68d) Importer(815301076,1909f56bfc062723c751e8b465ee728b)
Start importing Assets/Resources/Player/Fall/playerFall_2.png using Guid(680ea3d53cfc764459a355af5781f68d) Importer(815301076,1909f56bfc062723c751e8b465ee728b)  -> (artifact id: 'e8550cd76ce0e6da77b43b92719372b3') in 0.021474 seconds
  Import took 0.029147 seconds .

========================================================================
Received Import Request.
  Time since last request: 0.000505 seconds.
  path: Assets/Resources/Player/Idle/90/playerIdle_90_3.png
  artifactKey: Guid(883b2526596559c45b7e869169e931d9) Importer(815301076,1909f56bfc062723c751e8b465ee728b)
Start importing Assets/Resources/Player/Idle/90/playerIdle_90_3.png using Guid(883b2526596559c45b7e869169e931d9) Importer(815301076,1909f56bfc062723c751e8b465ee728b)  -> (artifact id: '0e2ccca18a6ddba3b489da691eb9bceb') in 0.025531 seconds
  Import took 0.031418 seconds .

========================================================================
Received Import Request.
  Time since last request: 0.001566 seconds.
  path: Assets/Resources/Player/Roll/0/playerRoll_0_5.png
  artifactKey: Guid(3e91ac4a662fc5d41b82f44064381375) Importer(815301076,1909f56bfc062723c751e8b465ee728b)
Start importing Assets/Resources/Player/Roll/0/playerRoll_0_5.png using Guid(3e91ac4a662fc5d41b82f44064381375) Importer(815301076,1909f56bfc062723c751e8b465ee728b)  -> (artifact id: '4a5991d8f2c9552055dbcc7e1e226963') in 0.019114 seconds
  Import took 0.028768 seconds .

========================================================================
Received Import Request.
  Time since last request: 0.000740 seconds.
  path: Assets/Resources/Player/Move/45/playerMove_45_2.png
  artifactKey: Guid(1336dd80cc5092049bcd1d4254c465cc) Importer(815301076,1909f56bfc062723c751e8b465ee728b)
Start importing Assets/Resources/Player/Move/45/playerMove_45_2.png using Guid(1336dd80cc5092049bcd1d4254c465cc) Importer(815301076,1909f56bfc062723c751e8b465ee728b)  -> (artifact id: 'a7030e3063f847a37bce9406898d86c4') in 0.017673 seconds
  Import took 0.023355 seconds .

========================================================================
Received Import Request.
  Time since last request: 0.000317 seconds.
  path: Assets/Resources/Player/Idle/45/playerIdle_45_0.png
  artifactKey: Guid(640063d08d1bdec4fa9a2f24f18c89b9) Importer(815301076,1909f56bfc062723c751e8b465ee728b)
Start importing Assets/Resources/Player/Idle/45/playerIdle_45_0.png using Guid(640063d08d1bdec4fa9a2f24f18c89b9) Importer(815301076,1909f56bfc062723c751e8b465ee728b)  -> (artifact id: '5506811f0f7103bb7ef4fd76b8062a11') in 0.020688 seconds
  Import took 0.029084 seconds .

========================================================================
Received Import Request.
  Time since last request: 0.000316 seconds.
  path: Assets/Resources/Player/Move/45/playerMove_45_0.png
  artifactKey: Guid(e242aa22ca4f2294b9739b841c72801e) Importer(815301076,1909f56bfc062723c751e8b465ee728b)
Start importing Assets/Resources/Player/Move/45/playerMove_45_0.png using Guid(e242aa22ca4f2294b9739b841c72801e) Importer(815301076,1909f56bfc062723c751e8b465ee728b)  -> (artifact id: '7672e430da38f9eae2d7fe00dad0a8dd') in 0.019918 seconds
  Import took 0.027758 seconds .

========================================================================
Received Import Request.
  Time since last request: 0.000282 seconds.
  path: Assets/Resources/Player/Roll/270/playerRoll_270_5.png
  artifactKey: Guid(30af0754a09cce14b9a4f4cbeb439cf0) Importer(815301076,1909f56bfc062723c751e8b465ee728b)
Start importing Assets/Resources/Player/Roll/270/playerRoll_270_5.png using Guid(30af0754a09cce14b9a4f4cbeb439cf0) Importer(815301076,1909f56bfc062723c751e8b465ee728b)  -> (artifact id: '08cf1b9db33cd0469c2ff4364f6512e9') in 0.019660 seconds
  Import took 0.024727 seconds .

========================================================================
Received Import Request.
  Time since last request: 0.000341 seconds.
  path: Assets/Resources/Player/Move/45/playerMove_45_1.png
  artifactKey: Guid(73ed74abc9840cc40a4e36d473ac464f) Importer(815301076,1909f56bfc062723c751e8b465ee728b)
Start importing Assets/Resources/Player/Move/45/playerMove_45_1.png using Guid(73ed74abc9840cc40a4e36d473ac464f) Importer(815301076,1909f56bfc062723c751e8b465ee728b)  -> (artifact id: 'bbe0b5cb4a1728030eb865c9a0954634') in 0.031750 seconds
  Import took 0.058553 seconds .

========================================================================
Received Import Request.
  Time since last request: 0.000629 seconds.
  path: Assets/Resources/Player/Fall/playerFall_4.png
  artifactKey: Guid(00157ff5cda0abd48b749867ee3631d5) Importer(815301076,1909f56bfc062723c751e8b465ee728b)
Start importing Assets/Resources/Player/Fall/playerFall_4.png using Guid(00157ff5cda0abd48b749867ee3631d5) Importer(815301076,1909f56bfc062723c751e8b465ee728b)  -> (artifact id: '5063ee234c58887275414f9fb1053f37') in 0.016568 seconds
  Import took 0.023188 seconds .

========================================================================
Received Import Request.
  Time since last request: 0.000321 seconds.
  path: Assets/Resources/Player/Roll/0/playerRoll_0_6.png
  artifactKey: Guid(48d0e60b22dd88f45897307153594b4b) Importer(815301076,1909f56bfc062723c751e8b465ee728b)
Start importing Assets/Resources/Player/Roll/0/playerRoll_0_6.png using Guid(48d0e60b22dd88f45897307153594b4b) Importer(815301076,1909f56bfc062723c751e8b465ee728b)  -> (artifact id: '72f03bb004886706b7ba511fe76d8c2d') in 0.017571 seconds
  Import took 0.026129 seconds .

========================================================================
Received Import Request.
  Time since last request: 0.000710 seconds.
  path: Assets/Resources/Player/Fall/playerFall_1.png
  artifactKey: Guid(93034c4111dd74c40aba8259222d2d4f) Importer(815301076,1909f56bfc062723c751e8b465ee728b)
Start importing Assets/Resources/Player/Fall/playerFall_1.png using Guid(93034c4111dd74c40aba8259222d2d4f) Importer(815301076,1909f56bfc062723c751e8b465ee728b)  -> (artifact id: '2d46023d14cf267a0f714832b5118c18') in 0.017928 seconds
  Import took 0.023095 seconds .

========================================================================
Received Import Request.
  Time since last request: 0.000304 seconds.
  path: Assets/Resources/Player/Move/45/playerMove_45_5.png
  artifactKey: Guid(f9adfac27ba48c3418676517c097ef8a) Importer(815301076,1909f56bfc062723c751e8b465ee728b)
Start importing Assets/Resources/Player/Move/45/playerMove_45_5.png using Guid(f9adfac27ba48c3418676517c097ef8a) Importer(815301076,1909f56bfc062723c751e8b465ee728b)  -> (artifact id: 'a26c974cc358e909ffdb5a8a796d43ae') in 0.020547 seconds
  Import took 0.028042 seconds .

========================================================================
Received Import Request.
  Time since last request: 0.000431 seconds.
  path: Assets/Resources/Player/Roll/270/playerRoll_270_6.png
  artifactKey: Guid(1989dccc82a9fe34c9665cdf7863b45f) Importer(815301076,1909f56bfc062723c751e8b465ee728b)
Start importing Assets/Resources/Player/Roll/270/playerRoll_270_6.png using Guid(1989dccc82a9fe34c9665cdf7863b45f) Importer(815301076,1909f56bfc062723c751e8b465ee728b)  -> (artifact id: '84bea2feb131cdee307786c84b96097c') in 0.020877 seconds
  Import took 0.028021 seconds .

========================================================================
Received Import Request.
  Time since last request: 0.000460 seconds.
  path: Assets/Resources/Player/Move/90/playerMove_90_1.png
  artifactKey: Guid(3f248408bc65d6f459342456f5a6e8cb) Importer(815301076,1909f56bfc062723c751e8b465ee728b)
Start importing Assets/Resources/Player/Move/90/playerMove_90_1.png using Guid(3f248408bc65d6f459342456f5a6e8cb) Importer(815301076,1909f56bfc062723c751e8b465ee728b)  -> (artifact id: '7b3f7aa0c52928170bdc73f82e6ce6f4') in 0.021706 seconds
  Import took 0.031585 seconds .

========================================================================
Received Import Request.
  Time since last request: 0.000409 seconds.
  path: Assets/Resources/Player/Roll/0/playerRoll_0_0.png
  artifactKey: Guid(0f1cf4038378b2e48a932300a1ae295a) Importer(815301076,1909f56bfc062723c751e8b465ee728b)
Start importing Assets/Resources/Player/Roll/0/playerRoll_0_0.png using Guid(0f1cf4038378b2e48a932300a1ae295a) Importer(815301076,1909f56bfc062723c751e8b465ee728b)  -> (artifact id: '55f5e83029b4747b93a80ae31503d092') in 0.020163 seconds
  Import took 0.026342 seconds .

========================================================================
Received Import Request.
  Time since last request: 0.000331 seconds.
  path: Assets/Resources/Player/Idle/0/playerIdle_0_0.png
  artifactKey: Guid(7761bd29561793746a87ecc6b7165212) Importer(815301076,1909f56bfc062723c751e8b465ee728b)
Start importing Assets/Resources/Player/Idle/0/playerIdle_0_0.png using Guid(7761bd29561793746a87ecc6b7165212) Importer(815301076,1909f56bfc062723c751e8b465ee728b)  -> (artifact id: 'bc2a188573a35363f5f9a799af09d681') in 0.019820 seconds
  Import took 0.026887 seconds .

========================================================================
Received Import Request.
  Time since last request: 0.000845 seconds.
  path: Assets/Resources/Player/Idle/0/playerIdle_0_3.png
  artifactKey: Guid(301b59aa03704f548a9a96b90d95346b) Importer(815301076,1909f56bfc062723c751e8b465ee728b)
Start importing Assets/Resources/Player/Idle/0/playerIdle_0_3.png using Guid(301b59aa03704f548a9a96b90d95346b) Importer(815301076,1909f56bfc062723c751e8b465ee728b)  -> (artifact id: '1c52d5e13350e475f3c48f46bc05e7d4') in 0.023946 seconds
  Import took 0.030217 seconds .

========================================================================
Received Import Request.
  Time since last request: 0.000239 seconds.
  path: Assets/Resources/Player/Idle/270/playerIdle_270_3.png
  artifactKey: Guid(42a7936e2a0dbf043b661e894cf4e1ef) Importer(815301076,1909f56bfc062723c751e8b465ee728b)
Start importing Assets/Resources/Player/Idle/270/playerIdle_270_3.png using Guid(42a7936e2a0dbf043b661e894cf4e1ef) Importer(815301076,1909f56bfc062723c751e8b465ee728b)  -> (artifact id: 'bab734339a2afd018f1667d771886e80') in 0.023586 seconds
  Import took 0.032013 seconds .

========================================================================
Received Import Request.
  Time since last request: 0.000427 seconds.
  path: Assets/Resources/Player/Roll/45/playerRoll_45_6.png
  artifactKey: Guid(60a0adcbaca6f514bbe6f0e6902e1813) Importer(815301076,1909f56bfc062723c751e8b465ee728b)
Start importing Assets/Resources/Player/Roll/45/playerRoll_45_6.png using Guid(60a0adcbaca6f514bbe6f0e6902e1813) Importer(815301076,1909f56bfc062723c751e8b465ee728b)  -> (artifact id: 'b943a439d47e8706bd64beb3b244a56b') in 0.032099 seconds
  Import took 0.037911 seconds .

========================================================================
Received Import Request.
  Time since last request: 0.000283 seconds.
  path: Assets/Resources/Player/Die/playerDie_6.png
  artifactKey: Guid(9383461faf1b1f74796b826bf88da0f8) Importer(815301076,1909f56bfc062723c751e8b465ee728b)
Start importing Assets/Resources/Player/Die/playerDie_6.png using Guid(9383461faf1b1f74796b826bf88da0f8) Importer(815301076,1909f56bfc062723c751e8b465ee728b)  -> (artifact id: '059f67eb186144a85d40c37d13de7941') in 0.024424 seconds
  Import took 0.029717 seconds .

========================================================================
Received Import Request.
  Time since last request: 0.029135 seconds.
  path: Assets/Resources/Player/Roll/45/playerRoll_45_6.png
  artifactKey: Guid(60a0adcbaca6f514bbe6f0e6902e1813) Importer(815301076,1909f56bfc062723c751e8b465ee728b)
Start importing Assets/Resources/Player/Roll/45/playerRoll_45_6.png using Guid(60a0adcbaca6f514bbe6f0e6902e1813) Importer(815301076,1909f56bfc062723c751e8b465ee728b)  -> (artifact id: 'b943a439d47e8706bd64beb3b244a56b') in 0.024370 seconds
  Import took 0.035571 seconds .

========================================================================
Received Import Request.
  Time since last request: 45.299337 seconds.
  path: Assets/Animations/PlayerSprite.controller
  artifactKey: Guid(452235134a2bc3748992d4362f10d6b9) Importer(815301076,1909f56bfc062723c751e8b465ee728b)
Start importing Assets/Animations/PlayerSprite.controller using Guid(452235134a2bc3748992d4362f10d6b9) Importer(815301076,1909f56bfc062723c751e8b465ee728b)  -> (artifact id: '228410b17f3063482d16363daffb898b') in 0.014501 seconds
  Import took 0.019410 seconds .

========================================================================
Received Import Request.
  Time since last request: 0.281547 seconds.
  path: Assets/Animations/PlayerAnimation.anim
  artifactKey: Guid(8fb7ebe6326b7ba4abade2f1ad1485be) Importer(815301076,1909f56bfc062723c751e8b465ee728b)
Start importing Assets/Animations/PlayerAnimation.anim using Guid(8fb7ebe6326b7ba4abade2f1ad1485be) Importer(815301076,1909f56bfc062723c751e8b465ee728b)  -> (artifact id: '56debee94e846f0d2c61b801829dc3ad') in 0.011330 seconds
  Import took 0.017000 seconds .

========================================================================
Received Import Request.
  Time since last request: 0.004571 seconds.
  path: Assets/Animations/PlayerAnimation.anim
  artifactKey: Guid(8fb7ebe6326b7ba4abade2f1ad1485be) Importer(815301076,1909f56bfc062723c751e8b465ee728b)
Start importing Assets/Animations/PlayerAnimation.anim using Guid(8fb7ebe6326b7ba4abade2f1ad1485be) Importer(815301076,1909f56bfc062723c751e8b465ee728b)  -> (artifact id: '56debee94e846f0d2c61b801829dc3ad') in 0.006288 seconds
  Import took 0.014565 seconds .

========================================================================
Received Import Request.
  Time since last request: 155.607474 seconds.
  path: Assets/Animations/PlayerIdle_270.anim
  artifactKey: Guid(84c88854adbabf5469fc51b01d03876a) Importer(815301076,1909f56bfc062723c751e8b465ee728b)
Start importing Assets/Animations/PlayerIdle_270.anim using Guid(84c88854adbabf5469fc51b01d03876a) Importer(815301076,1909f56bfc062723c751e8b465ee728b)  -> (artifact id: '24d1a2bfedefa2012b3c467f0a543f48') in 0.005580 seconds
  Import took 0.011561 seconds .

========================================================================
Received Import Request.
  Time since last request: 0.008674 seconds.
  path: Assets/Animations/PlayerIdle_270.anim
  artifactKey: Guid(84c88854adbabf5469fc51b01d03876a) Importer(815301076,1909f56bfc062723c751e8b465ee728b)
Start importing Assets/Animations/PlayerIdle_270.anim using Guid(84c88854adbabf5469fc51b01d03876a) Importer(815301076,1909f56bfc062723c751e8b465ee728b)  -> (artifact id: '24d1a2bfedefa2012b3c467f0a543f48') in 0.006061 seconds
  Import took 0.012131 seconds .

========================================================================
Received Prepare
Registering precompiled user dll's ...
Registered in 0.008736 seconds.
Begin MonoManager ReloadAssembly
Native extension for WindowsStandalone target not found
Refreshing native plugins compatible for Editor in 0.53 ms, found 3 plugins.
Preloading 0 native plugins for Editor in 0.00 ms.
Mono: successfully reloaded assembly
- Completed reload, in  1.737 seconds
Platform modules already initialized, skipping
Refreshing native plugins compatible for Editor in 0.50 ms, found 3 plugins.
Preloading 0 native plugins for Editor in 0.00 ms.
Unloading 2075 Unused Serialized files (Serialized files now loaded: 0)
System memory in use before: 98.4 MB.
System memory in use after: 98.4 MB.

Unloading 21 unused Assets to reduce memory usage. Loaded Objects now: 2527.
Total: 2.660800 ms (FindLiveObjects: 0.211600 ms CreateObjectMapping: 0.099600 ms MarkObjects: 2.225000 ms  DeleteObjects: 0.123500 ms)

========================================================================
Received Import Request.
  Time since last request: 99.225142 seconds.
  path: Assets/Resources/Player/Idle/270/playerIdle_270_0.png
  artifactKey: Guid(de7b169e50e854e43842ff1116023bb9) Importer(815301076,1909f56bfc062723c751e8b465ee728b)
Start importing Assets/Resources/Player/Idle/270/playerIdle_270_0.png using Guid(de7b169e50e854e43842ff1116023bb9) Importer(815301076,1909f56bfc062723c751e8b465ee728b)  -> (artifact id: 'bd32651b95f7cb27108f882eff7031fb') in 0.105421 seconds
  Import took 0.114061 seconds .

========================================================================
Received Import Request.
  Time since last request: 0.000349 seconds.
  path: Assets/Resources/Player/Idle/270/playerIdle_270_1.png
  artifactKey: Guid(0b331d3fef493a440a4bcc05bc273c86) Importer(815301076,1909f56bfc062723c751e8b465ee728b)
Start importing Assets/Resources/Player/Idle/270/playerIdle_270_1.png using Guid(0b331d3fef493a440a4bcc05bc273c86) Importer(815301076,1909f56bfc062723c751e8b465ee728b)  -> (artifact id: '3ff96eb8053adda6537e88db0097c3da') in 0.021766 seconds
  Import took 0.026553 seconds .

========================================================================
Received Import Request.
  Time since last request: 0.000245 seconds.
  path: Assets/Resources/Player/Idle/270/playerIdle_270_2.png
  artifactKey: Guid(7fd3504c31d5a314e94c074741432e20) Importer(815301076,1909f56bfc062723c751e8b465ee728b)
Start importing Assets/Resources/Player/Idle/270/playerIdle_270_2.png using Guid(7fd3504c31d5a314e94c074741432e20) Importer(815301076,1909f56bfc062723c751e8b465ee728b)  -> (artifact id: 'd65a1ee8cb92dad66c0b3aad37f5b32f') in 0.020914 seconds
  Import took 0.030372 seconds .

========================================================================
Received Import Request.
  Time since last request: 0.000305 seconds.
  path: Assets/Resources/Player/Idle/270/playerIdle_270_3.png
  artifactKey: Guid(42a7936e2a0dbf043b661e894cf4e1ef) Importer(815301076,1909f56bfc062723c751e8b465ee728b)
Start importing Assets/Resources/Player/Idle/270/playerIdle_270_3.png using Guid(42a7936e2a0dbf043b661e894cf4e1ef) Importer(815301076,1909f56bfc062723c751e8b465ee728b)  -> (artifact id: 'd69cd645cc9d18308f483dfe41f1f9f2') in 0.023425 seconds
  Import took 0.033467 seconds .

========================================================================
Received Import Request.
  Time since last request: 4.055709 seconds.
  path: Assets/Resources/Player/Idle/270/playerIdle_270_0.png
  artifactKey: Guid(de7b169e50e854e43842ff1116023bb9) Importer(815301076,1909f56bfc062723c751e8b465ee728b)
Start importing Assets/Resources/Player/Idle/270/playerIdle_270_0.png using Guid(de7b169e50e854e43842ff1116023bb9) Importer(815301076,1909f56bfc062723c751e8b465ee728b)  -> (artifact id: '7999c783142b8f1a4e2d5562229d44f0') in 0.019380 seconds
  Import took 0.026024 seconds .

========================================================================
Received Import Request.
  Time since last request: 0.000358 seconds.
  path: Assets/Resources/Player/Idle/270/playerIdle_270_1.png
  artifactKey: Guid(0b331d3fef493a440a4bcc05bc273c86) Importer(815301076,1909f56bfc062723c751e8b465ee728b)
Start importing Assets/Resources/Player/Idle/270/playerIdle_270_1.png using Guid(0b331d3fef493a440a4bcc05bc273c86) Importer(815301076,1909f56bfc062723c751e8b465ee728b)  -> (artifact id: '1018fa30d853047f29ca2d9ff917801b') in 0.019035 seconds
  Import took 0.027240 seconds .

========================================================================
Received Import Request.
  Time since last request: 0.000537 seconds.
  path: Assets/Resources/Player/Idle/270/playerIdle_270_2.png
  artifactKey: Guid(7fd3504c31d5a314e94c074741432e20) Importer(815301076,1909f56bfc062723c751e8b465ee728b)
Start importing Assets/Resources/Player/Idle/270/playerIdle_270_2.png using Guid(7fd3504c31d5a314e94c074741432e20) Importer(815301076,1909f56bfc062723c751e8b465ee728b)  -> (artifact id: '64f1f6d7eafcca1704758e5603e3a9dc') in 0.024479 seconds
  Import took 0.032611 seconds .

========================================================================
Received Import Request.
  Time since last request: 0.000423 seconds.
  path: Assets/Resources/Player/Idle/270/playerIdle_270_3.png
  artifactKey: Guid(42a7936e2a0dbf043b661e894cf4e1ef) Importer(815301076,1909f56bfc062723c751e8b465ee728b)
Start importing Assets/Resources/Player/Idle/270/playerIdle_270_3.png using Guid(42a7936e2a0dbf043b661e894cf4e1ef) Importer(815301076,1909f56bfc062723c751e8b465ee728b)  -> (artifact id: 'd0fcba64bd2d3a8ed12c2bd7811d5370') in 0.020733 seconds
  Import took 0.026548 seconds .

========================================================================
Received Import Request.
  Time since last request: 12.708191 seconds.
  path: Assets/Resources/Player/Idle/270/playerIdle_270_0.png
  artifactKey: Guid(de7b169e50e854e43842ff1116023bb9) Importer(815301076,1909f56bfc062723c751e8b465ee728b)
Start importing Assets/Resources/Player/Idle/270/playerIdle_270_0.png using Guid(de7b169e50e854e43842ff1116023bb9) Importer(815301076,1909f56bfc062723c751e8b465ee728b)  -> (artifact id: '2d16f3b20c475f8bb6437e057489a955') in 0.040629 seconds
  Import took 0.049525 seconds .

========================================================================
Received Import Request.
  Time since last request: 0.000336 seconds.
  path: Assets/Resources/Player/Idle/270/playerIdle_270_1.png
  artifactKey: Guid(0b331d3fef493a440a4bcc05bc273c86) Importer(815301076,1909f56bfc062723c751e8b465ee728b)
Start importing Assets/Resources/Player/Idle/270/playerIdle_270_1.png using Guid(0b331d3fef493a440a4bcc05bc273c86) Importer(815301076,1909f56bfc062723c751e8b465ee728b)  -> (artifact id: '5aeef30fb348ae15c70c60cddac6a8ac') in 0.030904 seconds
  Import took 0.039468 seconds .

========================================================================
Received Import Request.
  Time since last request: 0.000746 seconds.
  path: Assets/Resources/Player/Idle/270/playerIdle_270_2.png
  artifactKey: Guid(7fd3504c31d5a314e94c074741432e20) Importer(815301076,1909f56bfc062723c751e8b465ee728b)
Start importing Assets/Resources/Player/Idle/270/playerIdle_270_2.png using Guid(7fd3504c31d5a314e94c074741432e20) Importer(815301076,1909f56bfc062723c751e8b465ee728b)  -> (artifact id: 'b4e4edead477f86a7b602c9f95ef1d6c') in 0.035070 seconds
  Import took 0.044413 seconds .

========================================================================
Received Import Request.
  Time since last request: 0.000320 seconds.
  path: Assets/Resources/Player/Idle/270/playerIdle_270_3.png
  artifactKey: Guid(42a7936e2a0dbf043b661e894cf4e1ef) Importer(815301076,1909f56bfc062723c751e8b465ee728b)
Start importing Assets/Resources/Player/Idle/270/playerIdle_270_3.png using Guid(42a7936e2a0dbf043b661e894cf4e1ef) Importer(815301076,1909f56bfc062723c751e8b465ee728b)  -> (artifact id: 'e1884c9091dc3071e38d5d3a0f18bc3e') in 0.031450 seconds
  Import took 0.041053 seconds .

========================================================================
Received Import Request.
  Time since last request: 7.537372 seconds.
  path: Assets/Resources/Player/Idle/270/playerIdle_270_2.png
  artifactKey: Guid(7fd3504c31d5a314e94c074741432e20) Importer(815301076,1909f56bfc062723c751e8b465ee728b)
Start importing Assets/Resources/Player/Idle/270/playerIdle_270_2.png using Guid(7fd3504c31d5a314e94c074741432e20) Importer(815301076,1909f56bfc062723c751e8b465ee728b)  -> (artifact id: 'deec6545f6bd4b6c21c086ee39e0b528') in 0.014994 seconds
  Import took 0.019837 seconds .

========================================================================
Received Import Request.
  Time since last request: 0.017555 seconds.
  path: Assets/Resources/Player/Idle/270/playerIdle_270_0.png
  artifactKey: Guid(de7b169e50e854e43842ff1116023bb9) Importer(815301076,1909f56bfc062723c751e8b465ee728b)
Start importing Assets/Resources/Player/Idle/270/playerIdle_270_0.png using Guid(de7b169e50e854e43842ff1116023bb9) Importer(815301076,1909f56bfc062723c751e8b465ee728b)  -> (artifact id: 'da7ea01f492c61eea54e121cb008aacc') in 0.018244 seconds
  Import took 0.025125 seconds .

========================================================================
Received Import Request.
  Time since last request: 0.000410 seconds.
  path: Assets/Resources/Player/Idle/270/playerIdle_270_1.png
  artifactKey: Guid(0b331d3fef493a440a4bcc05bc273c86) Importer(815301076,1909f56bfc062723c751e8b465ee728b)
Start importing Assets/Resources/Player/Idle/270/playerIdle_270_1.png using Guid(0b331d3fef493a440a4bcc05bc273c86) Importer(815301076,1909f56bfc062723c751e8b465ee728b)  -> (artifact id: 'd8d7d46b89c308c2c58d161daeb8b079') in 0.023798 seconds
  Import took 0.043611 seconds .

========================================================================
Received Import Request.
  Time since last request: 0.000172 seconds.
  path: Assets/Resources/Player/Idle/270/playerIdle_270_3.png
  artifactKey: Guid(42a7936e2a0dbf043b661e894cf4e1ef) Importer(815301076,1909f56bfc062723c751e8b465ee728b)
Start importing Assets/Resources/Player/Idle/270/playerIdle_270_3.png using Guid(42a7936e2a0dbf043b661e894cf4e1ef) Importer(815301076,1909f56bfc062723c751e8b465ee728b)  -> (artifact id: '852d7a7ce9c87b57dcbd7696ce96a983') in 0.021664 seconds
  Import took 0.030561 seconds .

========================================================================
Received Import Request.
  Time since last request: 12.520466 seconds.
  path: Assets/Resources/Player/Idle/270/playerIdle_270_0.png
  artifactKey: Guid(de7b169e50e854e43842ff1116023bb9) Importer(815301076,1909f56bfc062723c751e8b465ee728b)
Start importing Assets/Resources/Player/Idle/270/playerIdle_270_0.png using Guid(de7b169e50e854e43842ff1116023bb9) Importer(815301076,1909f56bfc062723c751e8b465ee728b)  -> (artifact id: '3ef4641b6e1ce99821fe6cfd5aa1868a') in 0.014434 seconds
  Import took 0.021832 seconds .

========================================================================
Received Import Request.
  Time since last request: 0.000409 seconds.
  path: Assets/Resources/Player/Idle/270/playerIdle_270_1.png
  artifactKey: Guid(0b331d3fef493a440a4bcc05bc273c86) Importer(815301076,1909f56bfc062723c751e8b465ee728b)
Start importing Assets/Resources/Player/Idle/270/playerIdle_270_1.png using Guid(0b331d3fef493a440a4bcc05bc273c86) Importer(815301076,1909f56bfc062723c751e8b465ee728b)  -> (artifact id: 'be6250eb69a284a1b4a80a7901c0e2bd') in 0.018035 seconds
  Import took 0.026004 seconds .

========================================================================
Received Import Request.
  Time since last request: 0.000332 seconds.
  path: Assets/Resources/Player/Idle/270/playerIdle_270_2.png
  artifactKey: Guid(7fd3504c31d5a314e94c074741432e20) Importer(815301076,1909f56bfc062723c751e8b465ee728b)
Start importing Assets/Resources/Player/Idle/270/playerIdle_270_2.png using Guid(7fd3504c31d5a314e94c074741432e20) Importer(815301076,1909f56bfc062723c751e8b465ee728b)  -> (artifact id: '48f4b5837d5235803262be9363f38a8f') in 0.021549 seconds
  Import took 0.027139 seconds .

========================================================================
Received Import Request.
  Time since last request: 0.000368 seconds.
  path: Assets/Resources/Player/Idle/270/playerIdle_270_3.png
  artifactKey: Guid(42a7936e2a0dbf043b661e894cf4e1ef) Importer(815301076,1909f56bfc062723c751e8b465ee728b)
Start importing Assets/Resources/Player/Idle/270/playerIdle_270_3.png using Guid(42a7936e2a0dbf043b661e894cf4e1ef) Importer(815301076,1909f56bfc062723c751e8b465ee728b)  -> (artifact id: '86f380ee02ef13c31f1c849444b7778b') in 0.017530 seconds
  Import took 0.024517 seconds .

========================================================================
Received Import Request.
  Time since last request: 10.501203 seconds.
  path: Assets/Resources/Player/Idle/270/playerIdle_270_2.png
  artifactKey: Guid(7fd3504c31d5a314e94c074741432e20) Importer(815301076,1909f56bfc062723c751e8b465ee728b)
Start importing Assets/Resources/Player/Idle/270/playerIdle_270_2.png using Guid(7fd3504c31d5a314e94c074741432e20) Importer(815301076,1909f56bfc062723c751e8b465ee728b)  -> (artifact id: '22ab9c96bf8c530080b1da03fa991039') in 0.036719 seconds
  Import took 0.042145 seconds .

========================================================================
Received Import Request.
  Time since last request: 0.015322 seconds.
  path: Assets/Resources/Player/Idle/270/playerIdle_270_0.png
  artifactKey: Guid(de7b169e50e854e43842ff1116023bb9) Importer(815301076,1909f56bfc062723c751e8b465ee728b)
Start importing Assets/Resources/Player/Idle/270/playerIdle_270_0.png using Guid(de7b169e50e854e43842ff1116023bb9) Importer(815301076,1909f56bfc062723c751e8b465ee728b)  -> (artifact id: 'a4ad1e0d6dc31daf1fff1eb23fa7e0e7') in 0.029855 seconds
  Import took 0.041831 seconds .

========================================================================
Received Import Request.
  Time since last request: 0.000733 seconds.
  path: Assets/Resources/Player/Idle/270/playerIdle_270_1.png
  artifactKey: Guid(0b331d3fef493a440a4bcc05bc273c86) Importer(815301076,1909f56bfc062723c751e8b465ee728b)
Start importing Assets/Resources/Player/Idle/270/playerIdle_270_1.png using Guid(0b331d3fef493a440a4bcc05bc273c86) Importer(815301076,1909f56bfc062723c751e8b465ee728b)  -> (artifact id: '92ef4727f24d893ab60ea683aa3e0e13') in 0.022145 seconds
  Import took 0.032196 seconds .

========================================================================
Received Import Request.
  Time since last request: 0.000747 seconds.
  path: Assets/Resources/Player/Idle/270/playerIdle_270_3.png
  artifactKey: Guid(42a7936e2a0dbf043b661e894cf4e1ef) Importer(815301076,1909f56bfc062723c751e8b465ee728b)
Start importing Assets/Resources/Player/Idle/270/playerIdle_270_3.png using Guid(42a7936e2a0dbf043b661e894cf4e1ef) Importer(815301076,1909f56bfc062723c751e8b465ee728b)  -> (artifact id: '7ba8ef9b5689191345cdaa0b9aba0533') in 0.019972 seconds
  Import took 0.024052 seconds .

========================================================================
Received Import Request.
  Time since last request: 11.392954 seconds.
  path: Assets/Resources/Player/Idle/90/playerIdle_90_0.png
  artifactKey: Guid(71038f482fbaef748a3b21d1b8b95d97) Importer(815301076,1909f56bfc062723c751e8b465ee728b)
Start importing Assets/Resources/Player/Idle/90/playerIdle_90_0.png using Guid(71038f482fbaef748a3b21d1b8b95d97) Importer(815301076,1909f56bfc062723c751e8b465ee728b)  -> (artifact id: '115d99efe421fc13035df182eb1e8fd0') in 0.015412 seconds
  Import took 0.021269 seconds .

========================================================================
Received Import Request.
  Time since last request: 0.000326 seconds.
  path: Assets/Resources/Player/Idle/90/playerIdle_90_1.png
  artifactKey: Guid(ef894d05ceb0dcb4c99ae2208c7b764a) Importer(815301076,1909f56bfc062723c751e8b465ee728b)
Start importing Assets/Resources/Player/Idle/90/playerIdle_90_1.png using Guid(ef894d05ceb0dcb4c99ae2208c7b764a) Importer(815301076,1909f56bfc062723c751e8b465ee728b)  -> (artifact id: 'ada786179b1725e3d0092ea133051d5d') in 0.018887 seconds
  Import took 0.026626 seconds .

========================================================================
Received Import Request.
  Time since last request: 0.000298 seconds.
  path: Assets/Resources/Player/Idle/90/playerIdle_90_2.png
  artifactKey: Guid(f39a0a9b3188cfe41b2a13ded876f171) Importer(815301076,1909f56bfc062723c751e8b465ee728b)
Start importing Assets/Resources/Player/Idle/90/playerIdle_90_2.png using Guid(f39a0a9b3188cfe41b2a13ded876f171) Importer(815301076,1909f56bfc062723c751e8b465ee728b)  -> (artifact id: '39151b01ffd168de344a1290aa3ac542') in 0.021216 seconds
  Import took 0.027171 seconds .

========================================================================
Received Import Request.
  Time since last request: 0.000818 seconds.
  path: Assets/Resources/Player/Idle/90/playerIdle_90_3.png
  artifactKey: Guid(883b2526596559c45b7e869169e931d9) Importer(815301076,1909f56bfc062723c751e8b465ee728b)
Start importing Assets/Resources/Player/Idle/90/playerIdle_90_3.png using Guid(883b2526596559c45b7e869169e931d9) Importer(815301076,1909f56bfc062723c751e8b465ee728b)  -> (artifact id: '7e00bc3feb9390bd2cfe7ecabb36dc95') in 0.026303 seconds
  Import took 0.032926 seconds .

========================================================================
Received Import Request.
  Time since last request: 28.450712 seconds.
  path: Assets/Resources/Player/Idle/45/playerIdle_45_3.png
  artifactKey: Guid(cf42ef3a6a79ca84cba6af53322e81dd) Importer(815301076,1909f56bfc062723c751e8b465ee728b)
Start importing Assets/Resources/Player/Idle/45/playerIdle_45_3.png using Guid(cf42ef3a6a79ca84cba6af53322e81dd) Importer(815301076,1909f56bfc062723c751e8b465ee728b)  -> (artifact id: '68a3f85d30ada0fd07a308c0bfa3b8d2') in 0.023045 seconds
  Import took 0.033832 seconds .

========================================================================
Received Import Request.
  Time since last request: 0.016064 seconds.
  path: Assets/Resources/Player/Idle/45/playerIdle_45_0.png
  artifactKey: Guid(640063d08d1bdec4fa9a2f24f18c89b9) Importer(815301076,1909f56bfc062723c751e8b465ee728b)
Start importing Assets/Resources/Player/Idle/45/playerIdle_45_0.png using Guid(640063d08d1bdec4fa9a2f24f18c89b9) Importer(815301076,1909f56bfc062723c751e8b465ee728b)  -> (artifact id: '355127c3e2f9a5bf3c9ee1892b4bf387') in 0.066505 seconds
  Import took 0.077647 seconds .

========================================================================
Received Import Request.
  Time since last request: 0.000391 seconds.
  path: Assets/Resources/Player/Idle/45/playerIdle_45_2.png
  artifactKey: Guid(cf9cf29a7a86fea4cb31a52d19c5a3fa) Importer(815301076,1909f56bfc062723c751e8b465ee728b)
Start importing Assets/Resources/Player/Idle/45/playerIdle_45_2.png using Guid(cf9cf29a7a86fea4cb31a52d19c5a3fa) Importer(815301076,1909f56bfc062723c751e8b465ee728b)  -> (artifact id: '106f6ddaaf3925b3daf690b7094913b5') in 0.022629 seconds
  Import took 0.032750 seconds .

========================================================================
Received Import Request.
  Time since last request: 0.000358 seconds.
  path: Assets/Resources/Player/Idle/45/playerIdle_45_1.png
  artifactKey: Guid(28eb6528c1f86494da6493740bafd44f) Importer(815301076,1909f56bfc062723c751e8b465ee728b)
Start importing Assets/Resources/Player/Idle/45/playerIdle_45_1.png using Guid(28eb6528c1f86494da6493740bafd44f) Importer(815301076,1909f56bfc062723c751e8b465ee728b)  -> (artifact id: 'b98a0d4b01bdedeae870d7eb94e07867') in 0.022315 seconds
  Import took 0.032114 seconds .

========================================================================
Received Import Request.
  Time since last request: 10.357196 seconds.
  path: Assets/Resources/Player/Idle/0/playerIdle_0_0.png
  artifactKey: Guid(7761bd29561793746a87ecc6b7165212) Importer(815301076,1909f56bfc062723c751e8b465ee728b)
Start importing Assets/Resources/Player/Idle/0/playerIdle_0_0.png using Guid(7761bd29561793746a87ecc6b7165212) Importer(815301076,1909f56bfc062723c751e8b465ee728b)  -> (artifact id: '12894d53d9a5be4fcc87fc8d3f96e26d') in 0.016657 seconds
  Import took 0.021829 seconds .

========================================================================
Received Import Request.
  Time since last request: 0.000353 seconds.
  path: Assets/Resources/Player/Idle/0/playerIdle_0_2.png
  artifactKey: Guid(ff059545e789b2a4ab29eb6e7976b41e) Importer(815301076,1909f56bfc062723c751e8b465ee728b)
Start importing Assets/Resources/Player/Idle/0/playerIdle_0_2.png using Guid(ff059545e789b2a4ab29eb6e7976b41e) Importer(815301076,1909f56bfc062723c751e8b465ee728b)  -> (artifact id: '7837cbf86f7c4bd2ee656eef3de03935') in 0.017242 seconds
  Import took 0.023098 seconds .

========================================================================
Received Import Request.
  Time since last request: 0.000324 seconds.
  path: Assets/Resources/Player/Idle/0/playerIdle_0_1.png
  artifactKey: Guid(ec400ff3b0ada5341ba42ec0812d303b) Importer(815301076,1909f56bfc062723c751e8b465ee728b)
Start importing Assets/Resources/Player/Idle/0/playerIdle_0_1.png using Guid(ec400ff3b0ada5341ba42ec0812d303b) Importer(815301076,1909f56bfc062723c751e8b465ee728b)  -> (artifact id: '800fb06454a3e5a724b637d06d6f18d1') in 0.023341 seconds
  Import took 0.029383 seconds .

========================================================================
Received Import Request.
  Time since last request: 0.000305 seconds.
  path: Assets/Resources/Player/Idle/0/playerIdle_0_3.png
  artifactKey: Guid(301b59aa03704f548a9a96b90d95346b) Importer(815301076,1909f56bfc062723c751e8b465ee728b)
Start importing Assets/Resources/Player/Idle/0/playerIdle_0_3.png using Guid(301b59aa03704f548a9a96b90d95346b) Importer(815301076,1909f56bfc062723c751e8b465ee728b)  -> (artifact id: 'ba581b3ac7ae231255c94a2ba8362ed6') in 0.020678 seconds
  Import took 0.026933 seconds .

========================================================================
Received Import Request.
  Time since last request: 557.632188 seconds.
  path: Assets/Animations/PlayerIdle_90.anim
  artifactKey: Guid(01b889907b8de16468519b4289339985) Importer(815301076,1909f56bfc062723c751e8b465ee728b)
Start importing Assets/Animations/PlayerIdle_90.anim using Guid(01b889907b8de16468519b4289339985) Importer(815301076,1909f56bfc062723c751e8b465ee728b)  -> (artifact id: '4c28bb16882f4d1533bf0b381d1922b0') in 0.008330 seconds
  Import took 0.016937 seconds .

========================================================================
Received Import Request.
  Time since last request: 0.681022 seconds.
  path: Assets/Animations/PlayerIdle_Right.anim
  artifactKey: Guid(83832a9c02d0dbd4b8830c0b3decbd24) Importer(815301076,1909f56bfc062723c751e8b465ee728b)
Start importing Assets/Animations/PlayerIdle_Right.anim using Guid(83832a9c02d0dbd4b8830c0b3decbd24) Importer(815301076,1909f56bfc062723c751e8b465ee728b)  -> (artifact id: 'e225752397fb6d43bbfad492e50903fa') in 0.040987 seconds
  Import took 0.071012 seconds .

========================================================================
Received Import Request.
  Time since last request: 0.412645 seconds.
  path: Assets/Animations/PlayerIdle_RightUp.anim
  artifactKey: Guid(2919f662c03e786499260d258ee8d177) Importer(815301076,1909f56bfc062723c751e8b465ee728b)
Start importing Assets/Animations/PlayerIdle_RightUp.anim using Guid(2919f662c03e786499260d258ee8d177) Importer(815301076,1909f56bfc062723c751e8b465ee728b)  -> (artifact id: '2304abd215ae8e2f3067193ec57ce28e') in 0.007485 seconds
  Import took 0.014115 seconds .

========================================================================
Received Import Request.
  Time since last request: 230.593784 seconds.
  path: Assets/Animations/PlayerIdle_Left.anim
  artifactKey: Guid(ce287e36b12f3434a9aa4afb4dbb3b86) Importer(815301076,1909f56bfc062723c751e8b465ee728b)
Start importing Assets/Animations/PlayerIdle_Left.anim using Guid(ce287e36b12f3434a9aa4afb4dbb3b86) Importer(815301076,1909f56bfc062723c751e8b465ee728b)  -> (artifact id: '214fdd58ea571eeb5577a47137017107') in 0.007293 seconds
  Import took 0.012375 seconds .

========================================================================
Received Import Request.
  Time since last request: 0.826278 seconds.
  path: Assets/Animations/PlayerUp.anim
  artifactKey: Guid(4034d85288b02144588920d73301f941) Importer(815301076,1909f56bfc062723c751e8b465ee728b)
Start importing Assets/Animations/PlayerUp.anim using Guid(4034d85288b02144588920d73301f941) Importer(815301076,1909f56bfc062723c751e8b465ee728b)  -> (artifact id: '70a9d0410353ebc460583087310b8f7e') in 0.014014 seconds
  Import took 0.020999 seconds .

========================================================================
Received Import Request.
  Time since last request: 0.003605 seconds.
  path: Assets/Animations/PlayerUp.anim
  artifactKey: Guid(4034d85288b02144588920d73301f941) Importer(815301076,1909f56bfc062723c751e8b465ee728b)
Start importing Assets/Animations/PlayerUp.anim using Guid(4034d85288b02144588920d73301f941) Importer(815301076,1909f56bfc062723c751e8b465ee728b)  -> (artifact id: '70a9d0410353ebc460583087310b8f7e') in 0.006431 seconds
  Import took 0.013627 seconds .

========================================================================
Received Import Request.
  Time since last request: 526.762843 seconds.
  path: Assets/Scripts
  artifactKey: Guid(61471ab7373e39146bbbb1ceb0a30249) Importer(815301076,1909f56bfc062723c751e8b465ee728b)
Start importing Assets/Scripts using Guid(61471ab7373e39146bbbb1ceb0a30249) Importer(815301076,1909f56bfc062723c751e8b465ee728b)  -> (artifact id: 'b5f4669e185e53f17f49660009f31397') in 0.007114 seconds
  Import took 0.015268 seconds .

========================================================================
Received Import Request.
  Time since last request: 10.058932 seconds.
  path: Assets/Scripts/PlayerController.cs
  artifactKey: Guid(01c44f9381f0f8443a5bcaac848b11c1) Importer(815301076,1909f56bfc062723c751e8b465ee728b)
Start importing Assets/Scripts/PlayerController.cs using Guid(01c44f9381f0f8443a5bcaac848b11c1) Importer(815301076,1909f56bfc062723c751e8b465ee728b)  -> (artifact id: '5f808a0345fc15ae620a09957559b8d4') in 0.053907 seconds
  Import took 0.066496 seconds .

========================================================================
Received Prepare
Registering precompiled user dll's ...
Registered in 0.014251 seconds.
Begin MonoManager ReloadAssembly
Native extension for WindowsStandalone target not found
Refreshing native plugins compatible for Editor in 1.50 ms, found 3 plugins.
Preloading 0 native plugins for Editor in 0.00 ms.
Mono: successfully reloaded assembly
- Completed reload, in  2.500 seconds
Platform modules already initialized, skipping
Refreshing native plugins compatible for Editor in 0.97 ms, found 3 plugins.
Preloading 0 native plugins for Editor in 0.00 ms.
Unloading 2076 Unused Serialized files (Serialized files now loaded: 0)
System memory in use before: 98.6 MB.
System memory in use after: 98.5 MB.

Unloading 21 unused Assets to reduce memory usage. Loaded Objects now: 2533.
Total: 4.247000 ms (FindLiveObjects: 0.238500 ms CreateObjectMapping: 0.109200 ms MarkObjects: 3.668500 ms  DeleteObjects: 0.228700 ms)

========================================================================
Received Prepare
Registering precompiled user dll's ...
Registered in 0.008273 seconds.
Begin MonoManager ReloadAssembly
Native extension for WindowsStandalone target not found
Refreshing native plugins compatible for Editor in 0.51 ms, found 3 plugins.
Preloading 0 native plugins for Editor in 0.00 ms.
Mono: successfully reloaded assembly
- Completed reload, in  1.505 seconds
Platform modules already initialized, skipping
Refreshing native plugins compatible for Editor in 1.20 ms, found 3 plugins.
Preloading 0 native plugins for Editor in 0.00 ms.
Unloading 2076 Unused Serialized files (Serialized files now loaded: 0)
System memory in use before: 98.6 MB.
System memory in use after: 98.6 MB.

Unloading 21 unused Assets to reduce memory usage. Loaded Objects now: 2537.
Total: 5.400600 ms (FindLiveObjects: 0.236500 ms CreateObjectMapping: 0.110800 ms MarkObjects: 4.824500 ms  DeleteObjects: 0.226900 ms)

========================================================================
Received Prepare
Registering precompiled user dll's ...
Registered in 0.090776 seconds.
Begin MonoManager ReloadAssembly
Native extension for WindowsStandalone target not found
Refreshing native plugins compatible for Editor in 1.06 ms, found 3 plugins.
Preloading 0 native plugins for Editor in 0.00 ms.
Mono: successfully reloaded assembly
- Completed reload, in  2.221 seconds
Platform modules already initialized, skipping
Refreshing native plugins compatible for Editor in 0.47 ms, found 3 plugins.
Preloading 0 native plugins for Editor in 0.00 ms.
Unloading 2076 Unused Serialized files (Serialized files now loaded: 0)
System memory in use before: 98.6 MB.
System memory in use after: 98.6 MB.

Unloading 21 unused Assets to reduce memory usage. Loaded Objects now: 2541.
Total: 2.673300 ms (FindLiveObjects: 0.243100 ms CreateObjectMapping: 0.094100 ms MarkObjects: 2.211600 ms  DeleteObjects: 0.123300 ms)

========================================================================
Received Import Request.
  Time since last request: 93.669367 seconds.
  path: Assets/Scripts/PlayerController.cs
  artifactKey: Guid(01c44f9381f0f8443a5bcaac848b11c1) Importer(815301076,1909f56bfc062723c751e8b465ee728b)
Start importing Assets/Scripts/PlayerController.cs using Guid(01c44f9381f0f8443a5bcaac848b11c1) Importer(815301076,1909f56bfc062723c751e8b465ee728b)  -> (artifact id: '60ff34480e2486be289d5e999f7092bf') in 0.007091 seconds
  Import took 0.011510 seconds .

AssetImportWorkerClient::OnTransportError - code=2 error=End of file
